<?xml version="1.0" encoding="UTF-8"?>
<testsuite name="ZaycevMaven.ZaycevMavenProject.ValidSignIn_Test" time="0.035" tests="2" errors="2" skipped="0" failures="0">
  <properties>
[...]
</properties>
  <testcase name="testValidSignIn" classname="ZaycevMaven.ZaycevMavenProject.ValidSignIn_Test" time="0.035">
    <error type="java.lang.NullPointerException:">java.lang.NullPointerException: null
	at ZaycevMaven.ZaycevMavenProject.ValidSignIn_Test.testValidSignIn(ValidSignIn_Test.java:15)
</error>
    <system-out><![CDATA[2016-02-10 14:57:08  ERROR [      ZaycevHomePage:27  ] : Couldn't open home pageorg.openqa.selenium.NoSuchSessionException: Session ID is null. Using WebDriver after calling quit()?
Build info: version: '3.0.0-beta4', revision: '3169782', time: '2016-09-29 10:30:04 -0700'
System info: host: 'DESKTOP-8J5QEN7', ip: '172.22.62.41', os.name: 'Windows 10', os.arch: 'amd64', os.version: '10.0', java.version: '1.8.0_101'
Driver info: driver.version: RemoteWebDriver
2016-02-10 14:57:08  ERROR [      ZaycevHomePage:45  ] : Some trouble with Button Login org.openqa.selenium.NoSuchSessionException: Session ID is null. Using WebDriver after calling quit()?
Build info: version: '3.0.0-beta4', revision: '3169782', time: '2016-09-29 10:30:04 -0700'
System info: host: 'DESKTOP-8J5QEN7', ip: '172.22.62.41', os.name: 'Windows 10', os.arch: 'amd64', os.version: '10.0', java.version: '1.8.0_101'
Driver info: driver.version: RemoteWebDriver
2016-02-10 14:57:08  ERROR [      ZaycevHomePage:55  ] : Some trouble with Email org.openqa.selenium.NoSuchSessionException: Session ID is null. Using WebDriver after calling quit()?
Build info: version: '3.0.0-beta4', revision: '3169782', time: '2016-09-29 10:30:04 -0700'
System info: host: 'DESKTOP-8J5QEN7', ip: '172.22.62.41', os.name: 'Windows 10', os.arch: 'amd64', os.version: '10.0', java.version: '1.8.0_101'
Driver info: driver.version: RemoteWebDriver
2016-02-10 14:57:08  ERROR [      ZaycevHomePage:64  ] : Some trouble with Password org.openqa.selenium.NoSuchSessionException: Session ID is null. Using WebDriver after calling quit()?
Build info: version: '3.0.0-beta4', revision: '3169782', time: '2016-09-29 10:30:04 -0700'
System info: host: 'DESKTOP-8J5QEN7', ip: '172.22.62.41', os.name: 'Windows 10', os.arch: 'amd64', os.version: '10.0', java.version: '1.8.0_101'
Driver info: driver.version: RemoteWebDriver
2016-02-10 14:57:08  ERROR [      ZaycevHomePage:73  ] : Some trouble with Button Entry button org.openqa.selenium.NoSuchSessionException: Session ID is null. Using WebDriver after calling quit()?
Build info: version: '3.0.0-beta4', revision: '3169782', time: '2016-09-29 10:30:04 -0700'
System info: host: 'DESKTOP-8J5QEN7', ip: '172.22.62.41', os.name: 'Windows 10', os.arch: 'amd64', os.version: '10.0', java.version: '1.8.0_101'
Driver info: driver.version: RemoteWebDriver
2016-02-10 14:57:08   INFO [      ZaycevHomePage:79  ] : Got text from UserNam
2016-02-10 14:57:08  ERROR [      ZaycevHomePage:82  ] : Some trouble with getting text from UserNam org.openqa.selenium.NoSuchSessionException: Session ID is null. Using WebDriver after calling quit()?
Build info: version: '3.0.0-beta4', revision: '3169782', time: '2016-09-29 10:30:04 -0700'
System info: host: 'DESKTOP-8J5QEN7', ip: '172.22.62.41', os.name: 'Windows 10', os.arch: 'amd64', os.version: '10.0', java.version: '1.8.0_101'
Driver info: driver.version: RemoteWebDriver
]]></system-out>
  </testcase>
  <testcase name="testValidSignIn" classname="ZaycevMaven.ZaycevMavenProject.ValidSignIn_Test" time="0">
    <error message="Session ID is null. Using WebDriver after calling quit()?&#10;Build info: version: &apos;3.0.0-beta4&apos;, revision: &apos;3169782&apos;, time: &apos;2016-09-29 10:30:04 -0700&apos;&#10;System info: host: &apos;DESKTOP-8J5QEN7&apos;, ip: &apos;172.22.62.41&apos;, os.name: &apos;Windows 10&apos;, os.arch: &apos;amd64&apos;, os.version: &apos;10.0&apos;, java.version: &apos;1.8.0_101&apos;&#10;Driver info: driver.version: RemoteWebDriver" type="org.openqa.selenium.NoSuchSessionException">org.openqa.selenium.NoSuchSessionException: Session ID is null. Using WebDriver after calling quit()?
Build info: version: '3.0.0-beta4', revision: '3169782', time: '2016-09-29 10:30:04 -0700'
System info: host: 'DESKTOP-8J5QEN7', ip: '172.22.62.41', os.name: 'Windows 10', os.arch: 'amd64', os.version: '10.0', java.version: '1.8.0_101'
Driver info: driver.version: RemoteWebDriver
	at org.openqa.selenium.remote.HttpCommandExecutor.execute(HttpCommandExecutor.java:130)
	at org.openqa.selenium.remote.service.DriverCommandExecutor.execute(DriverCommandExecutor.java:82)
	at org.openqa.selenium.remote.RemoteWebDriver.execute(RemoteWebDriver.java:602)
	at org.openqa.selenium.remote.RemoteWebDriver.execute(RemoteWebDriver.java:659)
	at org.openqa.selenium.remote.RemoteWebDriver$RemoteWebDriverOptions.deleteAllCookies(RemoteWebDriver.java:731)
	at ZaycevMaven.ZaycevMavenProject.BaseTest.tearDown(BaseTest.java:24)
	at sun.reflect.NativeMethodAccessorImpl.invoke0(Native Method)
	at sun.reflect.NativeMethodAccessorImpl.invoke(NativeMethodAccessorImpl.java:62)
	at sun.reflect.DelegatingMethodAccessorImpl.invoke(DelegatingMethodAccessorImpl.java:43)
	at java.lang.reflect.Method.invoke(Method.java:498)
	at org.junit.runners.model.FrameworkMethod$1.runReflectiveCall(FrameworkMethod.java:50)
	at org.junit.internal.runners.model.ReflectiveCallable.run(ReflectiveCallable.java:12)
	at org.junit.runners.model.FrameworkMethod.invokeExplosively(FrameworkMethod.java:47)
	at org.junit.internal.runners.statements.RunAfters.evaluate(RunAfters.java:33)
	at org.junit.runners.ParentRunner.runLeaf(ParentRunner.java:325)
	at org.junit.runners.BlockJUnit4ClassRunner.runChild(BlockJUnit4ClassRunner.java:78)
	at org.junit.runners.BlockJUnit4ClassRunner.runChild(BlockJUnit4ClassRunner.java:57)
	at org.junit.runners.ParentRunner$3.run(ParentRunner.java:290)
	at org.apache.maven.surefire.junitcore.pc.Scheduler$1.run(Scheduler.java:387)
	at java.util.concurrent.Executors$RunnableAdapter.call(Executors.java:511)
	at java.util.concurrent.FutureTask.run(FutureTask.java:266)
	at java.util.concurrent.ThreadPoolExecutor.runWorker(ThreadPoolExecutor.java:1142)
	at java.util.concurrent.ThreadPoolExecutor$Worker.run(ThreadPoolExecutor.java:617)
	at java.lang.Thread.run(Thread.java:745)
</error>
  </testcase>
</testsuite>