2016-20-09 22:24:50   INFO [ZaycevHomePage] : Home page opened
2016-20-09 22:24:50   INFO [ZaycevHomePage] : Button Enter clicked
2016-20-09 22:24:50   INFO [ZaycevHomePage] : Email entered
2016-20-09 22:24:50   INFO [ZaycevHomePage] : Password entered
2016-20-09 22:24:50   INFO [ZaycevHomePage] : Entry button Enter clicked
2016-20-09 22:24:50   INFO [ZaycevHomePage] : Got text from UserNam
2016-20-09 22:24:52  ERROR [ZaycevHomePage] : Some trouble with shuting browser org.openqa.selenium.remote.UnreachableBrowserException: Error communicating with the remote browser. It may have died.
Build info: version: 'unknown', revision: 'c7b525d', time: '2016-09-01 14:57:44 -0700'
System info: host: 'DESKTOP-8J5QEN7', ip: '172.22.62.28', os.name: 'Windows 10', os.arch: 'amd64', os.version: '10.0', java.version: '1.8.0_101'
Driver info: driver.version: RemoteWebDriver
Capabilities [{rotatable=false, raisesAccessibilityExceptions=false, appBuildId=20160823121617, version=, platform=XP, proxy={}, command_id=1, specificationLevel=0, acceptSslCerts=false, browserVersion=48.0.2, platformVersion=10.0, XULappId={ec8030f7-c20a-464f-9b0e-13a3a9e97384}, browserName=Firefox, takesScreenshot=true, takesElementScreenshot=true, platformName=Windows_NT, device=desktop}]
Session ID: 0283d81e-3689-4166-ab4b-30bb9289abb3
2016-20-09 22:28:16   INFO [ZaycevHomePage] : Home page opened
2016-20-09 22:28:16   INFO [ZaycevHomePage] : Button Enter clicked
2016-20-09 22:28:17   INFO [ZaycevHomePage] : Email entered
2016-20-09 22:28:17   INFO [ZaycevHomePage] : Password entered
2016-20-09 22:28:17   INFO [ZaycevHomePage] : Entry button Enter clicked
2016-20-09 22:28:17   INFO [ZaycevHomePage] : Poisk link clicked
2016-20-09 22:28:47  ERROR [ZaycevSearchingPage] : Error s Checkboxom Proxy element for: DefaultElementLocator 'By.xpath: .//*[@id='mailrusearchonpage']', ne nashlo navernoe, vot takoy error org.openqa.selenium.NoSuchElementException: Unable to locate element: .//*[@id='mailrusearchonpage'] (WARNING: The server did not provide any stacktrace information)
Command duration or timeout: 15.11 seconds
For documentation on this error, please visit: http://seleniumhq.org/exceptions/no_such_element.html
Build info: version: 'unknown', revision: 'c7b525d', time: '2016-09-01 14:57:44 -0700'
System info: host: 'DESKTOP-8J5QEN7', ip: '172.22.62.28', os.name: 'Windows 10', os.arch: 'amd64', os.version: '10.0', java.version: '1.8.0_101'
Driver info: org.openqa.selenium.firefox.FirefoxDriver
Capabilities [{rotatable=false, raisesAccessibilityExceptions=false, appBuildId=20160823121617, version=, platform=XP, proxy={}, command_id=1, specificationLevel=0, acceptSslCerts=false, browserVersion=48.0.2, platformVersion=10.0, XULappId={ec8030f7-c20a-464f-9b0e-13a3a9e97384}, browserName=Firefox, takesScreenshot=true, takesElementScreenshot=true, platformName=Windows_NT, device=desktop}]
Session ID: 3f3228d5-b42d-4fb4-a267-77f4937c01e8
*** Element info: {Using=xpath, value=.//*[@id='mailrusearchonpage']}
2016-20-09 22:29:02  ERROR [ZaycevSearchingPage] : Song isn't inserted org.openqa.selenium.NoSuchElementException: Unable to locate element: .//*[@id='search-form-query'] (WARNING: The server did not provide any stacktrace information)
Command duration or timeout: 15.10 seconds
For documentation on this error, please visit: http://seleniumhq.org/exceptions/no_such_element.html
Build info: version: 'unknown', revision: 'c7b525d', time: '2016-09-01 14:57:44 -0700'
System info: host: 'DESKTOP-8J5QEN7', ip: '172.22.62.28', os.name: 'Windows 10', os.arch: 'amd64', os.version: '10.0', java.version: '1.8.0_101'
Driver info: org.openqa.selenium.firefox.FirefoxDriver
Capabilities [{rotatable=false, raisesAccessibilityExceptions=false, appBuildId=20160823121617, version=, platform=XP, proxy={}, command_id=1, specificationLevel=0, acceptSslCerts=false, browserVersion=48.0.2, platformVersion=10.0, XULappId={ec8030f7-c20a-464f-9b0e-13a3a9e97384}, browserName=Firefox, takesScreenshot=true, takesElementScreenshot=true, platformName=Windows_NT, device=desktop}]
Session ID: 3f3228d5-b42d-4fb4-a267-77f4937c01e8
*** Element info: {Using=xpath, value=.//*[@id='search-form-query']}
2016-20-09 22:29:17  ERROR [ZaycevSearchingPage] : Error with Iskat Button org.openqa.selenium.NoSuchElementException: Unable to locate element: .//*[@id='search-form']//button (WARNING: The server did not provide any stacktrace information)
Command duration or timeout: 15.08 seconds
For documentation on this error, please visit: http://seleniumhq.org/exceptions/no_such_element.html
Build info: version: 'unknown', revision: 'c7b525d', time: '2016-09-01 14:57:44 -0700'
System info: host: 'DESKTOP-8J5QEN7', ip: '172.22.62.28', os.name: 'Windows 10', os.arch: 'amd64', os.version: '10.0', java.version: '1.8.0_101'
Driver info: org.openqa.selenium.firefox.FirefoxDriver
Capabilities [{rotatable=false, raisesAccessibilityExceptions=false, appBuildId=20160823121617, version=, platform=XP, proxy={}, command_id=1, specificationLevel=0, acceptSslCerts=false, browserVersion=48.0.2, platformVersion=10.0, XULappId={ec8030f7-c20a-464f-9b0e-13a3a9e97384}, browserName=Firefox, takesScreenshot=true, takesElementScreenshot=true, platformName=Windows_NT, device=desktop}]
Session ID: 3f3228d5-b42d-4fb4-a267-77f4937c01e8
*** Element info: {Using=xpath, value=.//*[@id='search-form']//button}
2016-20-09 22:29:27  ERROR [ZaycevSearchingPage] : Error with Play First Button org.openqa.selenium.NoSuchElementException: Unable to locate element: .//*[@class='musicset-track clearfix'][1]//i[@class='musicset-player__icon'] (WARNING: The server did not provide any stacktrace information)
Command duration or timeout: 10.04 seconds
For documentation on this error, please visit: http://seleniumhq.org/exceptions/no_such_element.html
Build info: version: 'unknown', revision: 'c7b525d', time: '2016-09-01 14:57:44 -0700'
System info: host: 'DESKTOP-8J5QEN7', ip: '172.22.62.28', os.name: 'Windows 10', os.arch: 'amd64', os.version: '10.0', java.version: '1.8.0_101'
Driver info: org.openqa.selenium.firefox.FirefoxDriver
Capabilities [{rotatable=false, raisesAccessibilityExceptions=false, appBuildId=20160823121617, version=, platform=XP, proxy={}, command_id=1, specificationLevel=0, acceptSslCerts=false, browserVersion=48.0.2, platformVersion=10.0, XULappId={ec8030f7-c20a-464f-9b0e-13a3a9e97384}, browserName=Firefox, takesScreenshot=true, takesElementScreenshot=true, platformName=Windows_NT, device=desktop}]
Session ID: 3f3228d5-b42d-4fb4-a267-77f4937c01e8
*** Element info: {Using=xpath, value=.//*[@class='musicset-track clearfix'][1]//i[@class='musicset-player__icon']}
2016-20-09 22:29:29  ERROR [ZaycevHomePage] : Some trouble with shuting browser org.openqa.selenium.remote.UnreachableBrowserException: Error communicating with the remote browser. It may have died.
Build info: version: 'unknown', revision: 'c7b525d', time: '2016-09-01 14:57:44 -0700'
System info: host: 'DESKTOP-8J5QEN7', ip: '172.22.62.28', os.name: 'Windows 10', os.arch: 'amd64', os.version: '10.0', java.version: '1.8.0_101'
Driver info: driver.version: RemoteWebDriver
Capabilities [{rotatable=false, raisesAccessibilityExceptions=false, appBuildId=20160823121617, version=, platform=XP, proxy={}, command_id=1, specificationLevel=0, acceptSslCerts=false, browserVersion=48.0.2, platformVersion=10.0, XULappId={ec8030f7-c20a-464f-9b0e-13a3a9e97384}, browserName=Firefox, takesScreenshot=true, takesElementScreenshot=true, platformName=Windows_NT, device=desktop}]
Session ID: 3f3228d5-b42d-4fb4-a267-77f4937c01e8
2016-20-09 22:30:23   INFO [ZaycevHomePage] : Home page opened
2016-20-09 22:30:23   INFO [ZaycevHomePage] : Button Enter clicked
2016-20-09 22:30:23   INFO [ZaycevHomePage] : Email entered
2016-20-09 22:30:24   INFO [ZaycevHomePage] : Password entered
2016-20-09 22:30:24   INFO [ZaycevHomePage] : Entry button Enter clicked
2016-20-09 22:30:24   INFO [ZaycevHomePage] : Got text from UserNam
2016-20-09 22:41:27   INFO [ZaycevHomePage] : Home page opened
2016-20-09 22:41:27   INFO [ZaycevHomePage] : Button Enter clicked
2016-20-09 22:41:27   INFO [ZaycevHomePage] : Email entered
2016-20-09 22:41:27   INFO [ZaycevHomePage] : Password entered
2016-20-09 22:41:27   INFO [ZaycevHomePage] : Entry button Enter clicked
2016-20-09 22:41:27   INFO [ZaycevHomePage] : Poisk link clicked
2016-20-09 22:41:52  ERROR [ZaycevHomePage] : Some trouble with shuting browser org.openqa.selenium.remote.UnreachableBrowserException: Error communicating with the remote browser. It may have died.
Build info: version: 'unknown', revision: 'c7b525d', time: '2016-09-01 14:57:44 -0700'
System info: host: 'DESKTOP-8J5QEN7', ip: '172.22.62.28', os.name: 'Windows 10', os.arch: 'amd64', os.version: '10.0', java.version: '1.8.0_101'
Driver info: driver.version: RemoteWebDriver
Capabilities [{rotatable=false, raisesAccessibilityExceptions=false, appBuildId=20160823121617, version=, platform=XP, proxy={}, command_id=1, specificationLevel=0, acceptSslCerts=false, browserVersion=48.0.2, platformVersion=10.0, XULappId={ec8030f7-c20a-464f-9b0e-13a3a9e97384}, browserName=Firefox, takesScreenshot=true, takesElementScreenshot=true, platformName=Windows_NT, device=desktop}]
Session ID: 83992924-b6aa-4d89-856d-9eda64505002
2016-20-09 22:46:49   INFO [ZaycevHomePage] : Home page opened
2016-20-09 22:46:49   INFO [ZaycevHomePage] : Button Enter clicked
2016-20-09 22:46:49   INFO [ZaycevHomePage] : Email entered
2016-20-09 22:46:49   INFO [ZaycevHomePage] : Password entered
2016-20-09 22:46:49   INFO [ZaycevHomePage] : Entry button Enter clicked
2016-20-09 22:46:49   INFO [ZaycevHomePage] : Got text from UserNam
2016-20-09 22:56:26   INFO [ZaycevHomePage] : Home page opened
2016-20-09 22:56:26   INFO [ZaycevHomePage] : Button Enter clicked
2016-20-09 22:56:26   INFO [ZaycevHomePage] : Email entered
2016-20-09 22:56:26   INFO [ZaycevHomePage] : Password entered
2016-20-09 22:56:26   INFO [ZaycevHomePage] : Entry button Enter clicked
2016-20-09 22:56:26   INFO [ZaycevHomePage] : Got text from UserNam
2016-25-09 18:22:50   INFO [ZaycevHomePage] : Home page opened
2016-25-09 18:22:50   INFO [ZaycevHomePage] : Button Enter clicked
2016-25-09 18:22:50   INFO [ZaycevHomePage] : Email entered
2016-25-09 18:22:50   INFO [ZaycevHomePage] : Password entered
2016-25-09 18:22:50   INFO [ZaycevHomePage] : Entry button Enter clicked
2016-25-09 18:22:50   INFO [ZaycevHomePage] : Got text from UserNam
2016-25-09 18:22:53  ERROR [ZaycevHomePage] : Some trouble with shuting browser org.openqa.selenium.remote.UnreachableBrowserException: Error communicating with the remote browser. It may have died.
Build info: version: 'unknown', revision: 'c7b525d', time: '2016-09-01 14:57:44 -0700'
System info: host: 'DESKTOP-8J5QEN7', ip: '192.168.1.150', os.name: 'Windows 10', os.arch: 'amd64', os.version: '10.0', java.version: '1.8.0_101'
Driver info: driver.version: RemoteWebDriver
Capabilities [{rotatable=false, raisesAccessibilityExceptions=false, appBuildId=20160823121617, version=, platform=XP, proxy={}, command_id=1, specificationLevel=0, acceptSslCerts=false, browserVersion=48.0.2, platformVersion=10.0, XULappId={ec8030f7-c20a-464f-9b0e-13a3a9e97384}, browserName=Firefox, takesScreenshot=true, takesElementScreenshot=true, platformName=Windows_NT, device=desktop}]
Session ID: 3d21617b-2049-4df9-8689-01d172f79091
2016-25-09 18:27:16   INFO [ZaycevHomePage] : Home page opened
2016-25-09 18:27:16   INFO [ZaycevHomePage] : Button Enter clicked
2016-25-09 18:27:17   INFO [ZaycevHomePage] : Email entered
2016-25-09 18:27:17   INFO [ZaycevHomePage] : Password entered
2016-25-09 18:27:18   INFO [ZaycevHomePage] : Entry button Enter clicked
2016-25-09 18:27:18   INFO [ZaycevHomePage] : Got text from UserNam
2016-25-09 18:27:19   INFO [ZaycevHomePage] : Driver shuted down
2016-25-09 19:14:12   INFO [ZaycevHomePage] : Home page opened
2016-25-09 19:14:12   INFO [ZaycevHomePage] : Button Enter clicked
2016-25-09 19:14:12   INFO [ZaycevHomePage] : Email entered
2016-25-09 19:14:12   INFO [ZaycevHomePage] : Password entered
2016-25-09 19:14:12   INFO [ZaycevHomePage] : Entry button Enter clicked
2016-25-09 19:14:12   INFO [ZaycevHomePage] : Got text from UserNam
2016-25-09 19:14:15  ERROR [ZaycevHomePage] : Some trouble with shuting browser org.openqa.selenium.remote.UnreachableBrowserException: Error communicating with the remote browser. It may have died.
Build info: version: 'unknown', revision: 'c7b525d', time: '2016-09-01 14:57:44 -0700'
System info: host: 'DESKTOP-8J5QEN7', ip: '192.168.1.150', os.name: 'Windows 10', os.arch: 'amd64', os.version: '10.0', java.version: '1.8.0_101'
Driver info: driver.version: RemoteWebDriver
Capabilities [{rotatable=false, raisesAccessibilityExceptions=false, appBuildId=20160823121617, version=, platform=XP, proxy={}, command_id=1, specificationLevel=0, acceptSslCerts=false, browserVersion=48.0.2, platformVersion=10.0, XULappId={ec8030f7-c20a-464f-9b0e-13a3a9e97384}, browserName=Firefox, takesScreenshot=true, takesElementScreenshot=true, platformName=Windows_NT, device=desktop}]
Session ID: 6dc30015-48d1-488e-8745-8e226080115c
2016-25-09 19:14:38   INFO [ZaycevHomePage] : Home page opened
2016-25-09 19:14:38   INFO [ZaycevHomePage] : Button Enter clicked
2016-25-09 19:14:39   INFO [ZaycevHomePage] : Email entered
2016-25-09 19:14:39   INFO [ZaycevHomePage] : Password entered
2016-25-09 19:14:40   INFO [ZaycevHomePage] : Entry button Enter clicked
2016-25-09 19:14:40   INFO [ZaycevHomePage] : Got text from UserNam
2016-25-09 19:14:41   INFO [ZaycevHomePage] : Driver shuted down
2016-25-09 19:25:03   INFO [ZaycevHomePage] : Home page opened
2016-25-09 19:25:03   INFO [ZaycevHomePage] : Button Enter clicked
2016-25-09 19:25:03   INFO [ZaycevHomePage] : Email entered
2016-25-09 19:25:04   INFO [ZaycevHomePage] : Password entered
2016-25-09 19:25:05   INFO [ZaycevHomePage] : Entry button Enter clicked
2016-25-09 19:25:38   INFO [ZaycevHomePage] : Poisk link clicked
2016-25-09 19:25:40   INFO [ZaycevHomePage] : Driver shuted down
2016-25-09 19:26:01   INFO [ZaycevHomePage] : Home page opened
2016-25-09 19:26:01   INFO [ZaycevHomePage] : Button Enter clicked
2016-25-09 19:26:01   INFO [ZaycevHomePage] : Email entered
2016-25-09 19:26:01   INFO [ZaycevHomePage] : Password entered
2016-25-09 19:26:03   INFO [ZaycevHomePage] : Entry button Enter clicked
2016-25-09 19:26:03   INFO [ZaycevHomePage] : Got text from UserNam
2016-25-09 19:26:04   INFO [ZaycevHomePage] : Driver shuted down
2016-25-09 19:28:18   INFO [ZaycevHomePage] : Home page opened
2016-25-09 19:28:18   INFO [ZaycevHomePage] : Button Enter clicked
2016-25-09 19:28:18   INFO [ZaycevHomePage] : Email entered
2016-25-09 19:28:19   INFO [ZaycevHomePage] : Password entered
2016-25-09 19:28:20   INFO [ZaycevHomePage] : Entry button Enter clicked
2016-25-09 19:28:22   INFO [ZaycevHomePage] : Poisk link clicked
2016-25-09 19:28:35   INFO [ZaycevHomePage] : Driver shuted down
2016-25-09 20:09:56   INFO [ZaycevHomePage] : Home page opened
2016-25-09 20:10:15  ERROR [ZaycevHomePage] : Some trouble with Button Enter org.openqa.selenium.WebDriverException: chrome not reachable
  (Session info: chrome=53.0.2785.116)
  (Driver info: chromedriver=2.24.417431 (9aea000394714d2fbb20850021f6204f2256b9cf),platform=Windows NT 10.0.14393 x86_64) (WARNING: The server did not provide any stacktrace information)
Command duration or timeout: 4.02 seconds
Build info: version: 'unknown', revision: 'c7b525d', time: '2016-09-01 14:57:44 -0700'
System info: host: 'DESKTOP-8J5QEN7', ip: '192.168.1.150', os.name: 'Windows 10', os.arch: 'amd64', os.version: '10.0', java.version: '1.8.0_101'
Driver info: org.openqa.selenium.chrome.ChromeDriver
Capabilities [{applicationCacheEnabled=false, rotatable=false, mobileEmulationEnabled=false, networkConnectionEnabled=false, chrome={chromedriverVersion=2.24.417431 (9aea000394714d2fbb20850021f6204f2256b9cf), userDataDir=C:\Users\Bond\AppData\Local\Temp\scoped_dir7560_806}, takesHeapSnapshot=true, pageLoadStrategy=normal, databaseEnabled=false, handlesAlerts=true, hasTouchScreen=false, version=53.0.2785.116, platform=XP, browserConnectionEnabled=false, nativeEvents=true, acceptSslCerts=true, locationContextEnabled=true, webStorageEnabled=true, browserName=chrome, takesScreenshot=true, javascriptEnabled=true, cssSelectorsEnabled=true}]
Session ID: 216b5016e7423c4a75abe90bb13dce1e
*** Element info: {Using=xpath, value=//div[@id='page-head']}
2016-25-09 20:12:30   INFO [ZaycevHomePage] : Home page opened
2016-25-09 20:12:30   INFO [ZaycevHomePage] : Button Enter clicked
2016-25-09 20:12:30   INFO [ZaycevHomePage] : Email entered
2016-25-09 20:12:30   INFO [ZaycevHomePage] : Password entered
2016-25-09 20:12:32   INFO [ZaycevHomePage] : Entry button Enter clicked
2016-25-09 20:12:32   INFO [ZaycevHomePage] : Got text from UserNam
2016-25-09 20:12:33   INFO [ZaycevHomePage] : Driver shuted down
2016-25-09 20:17:06   INFO [ZaycevHomePage] : Home page opened
2016-25-09 20:17:51  ERROR [ZaycevHomePage] : Some trouble with Button Enter org.openqa.selenium.NoSuchElementException: Timed out after 5 seconds. Unable to locate the element
For documentation on this error, please visit: http://seleniumhq.org/exceptions/no_such_element.html
Build info: version: 'unknown', revision: 'c7b525d', time: '2016-09-01 14:57:44 -0700'
System info: host: 'DESKTOP-8J5QEN7', ip: '192.168.1.150', os.name: 'Windows 10', os.arch: 'amd64', os.version: '10.0', java.version: '1.8.0_101'
Driver info: driver.version: unknown
2016-25-09 20:18:07  ERROR [ZaycevHomePage] : Some trouble with Email org.openqa.selenium.ElementNotVisibleException: element not visible
  (Session info: chrome=53.0.2785.116)
  (Driver info: chromedriver=2.24.417431 (9aea000394714d2fbb20850021f6204f2256b9cf),platform=Windows NT 10.0.14393 x86_64) (WARNING: The server did not provide any stacktrace information)
Command duration or timeout: 15.08 seconds
Build info: version: 'unknown', revision: 'c7b525d', time: '2016-09-01 14:57:44 -0700'
System info: host: 'DESKTOP-8J5QEN7', ip: '192.168.1.150', os.name: 'Windows 10', os.arch: 'amd64', os.version: '10.0', java.version: '1.8.0_101'
Driver info: org.openqa.selenium.chrome.ChromeDriver
Capabilities [{applicationCacheEnabled=false, rotatable=false, mobileEmulationEnabled=false, networkConnectionEnabled=false, chrome={chromedriverVersion=2.24.417431 (9aea000394714d2fbb20850021f6204f2256b9cf), userDataDir=C:\Users\Bond\AppData\Local\Temp\scoped_dir4708_2735}, takesHeapSnapshot=true, pageLoadStrategy=normal, databaseEnabled=false, handlesAlerts=true, hasTouchScreen=false, version=53.0.2785.116, platform=XP, browserConnectionEnabled=false, nativeEvents=true, acceptSslCerts=true, locationContextEnabled=true, webStorageEnabled=true, browserName=chrome, takesScreenshot=true, javascriptEnabled=true, cssSelectorsEnabled=true}]
Session ID: dfdc3bbfa86843cc6ed65b4cd48e367f
2016-26-09 22:12:52   INFO [ZaycevHomePage] : Home page opened
2016-26-09 22:12:52   INFO [ZaycevHomePage] : Button Enter clicked
2016-26-09 22:12:52   INFO [ZaycevHomePage] : Email entered
2016-26-09 22:12:52   INFO [ZaycevHomePage] : Password entered
2016-26-09 22:12:54   INFO [ZaycevHomePage] : Entry button Enter clicked
2016-26-09 22:12:54   INFO [ZaycevHomePage] : Got text from UserNam
2016-26-09 22:12:55   INFO [ZaycevHomePage] : Driver shuted down
2016-26-09 22:44:25   INFO [ZaycevHomePage] : Home page opened
2016-26-09 22:44:25   INFO [ZaycevHomePage] : Button Login clicked
2016-26-09 22:44:26   INFO [ZaycevHomePage] : Email entered
2016-26-09 22:44:26   INFO [ZaycevHomePage] : Password entered
2016-26-09 22:45:11  ERROR [ZaycevHomePage] : Some trouble with Button Entry button org.openqa.selenium.NoSuchElementException: Timed out after 5 seconds. Unable to locate the element
For documentation on this error, please visit: http://seleniumhq.org/exceptions/no_such_element.html
Build info: version: 'unknown', revision: 'c7b525d', time: '2016-09-01 14:57:44 -0700'
System info: host: 'DESKTOP-8J5QEN7', ip: '192.168.1.150', os.name: 'Windows 10', os.arch: 'amd64', os.version: '10.0', java.version: '1.8.0_101'
Driver info: driver.version: unknown
2016-26-09 22:45:11   INFO [ZaycevHomePage] : Got text from UserNam
2016-26-09 22:45:23  ERROR [ZaycevHomePage] : Some trouble with getting text from UserNam java.lang.NullPointerException
2016-26-09 22:45:24   INFO [ZaycevHomePage] : Driver shuted down
2016-26-09 22:51:40   INFO [ZaycevHomePage] : Home page opened
2016-26-09 22:51:40   INFO [ZaycevHomePage] : Button Login clicked
2016-26-09 22:51:40   INFO [ZaycevHomePage] : Email entered
2016-26-09 22:51:40   INFO [ZaycevHomePage] : Password entered
2016-26-09 22:51:42   INFO [ZaycevHomePage] : Entry button Enter clicked
2016-26-09 22:51:42   INFO [ZaycevHomePage] : Got text from UserNam
2016-26-09 22:51:43   INFO [ZaycevHomePage] : Driver shuted down
2016-26-09 23:20:01   INFO [ZaycevHomePage] : Home page opened
2016-26-09 23:20:01   INFO [ZaycevHomePage] : Button Login clicked
2016-26-09 23:20:01   INFO [ZaycevHomePage] : Email entered
2016-26-09 23:20:01   INFO [ZaycevHomePage] : Password entered
2016-26-09 23:20:03   INFO [ZaycevHomePage] : Entry button Enter clicked
2016-26-09 23:20:03   INFO [ZaycevHomePage] : Got text from UserNam
2016-26-09 23:20:05   INFO [ZaycevHomePage] : Driver shuted down
2016-26-09 23:46:44   INFO [ZaycevHomePage] : Home page opened
2016-26-09 23:46:44   INFO [ZaycevHomePage] : Button Login clicked
2016-26-09 23:46:44   INFO [ZaycevHomePage] : Email entered
2016-26-09 23:46:45   INFO [ZaycevHomePage] : Password entered
2016-26-09 23:47:45   INFO [ZaycevHomePage] : Entry button Enter clicked
2016-26-09 23:47:45   INFO [ZaycevHomePage] : Passed Text from Bad credentionals message
2016-26-09 23:47:45   INFO [ZaycevBadCredentialsPage] : Message about bad credentionals is displayed
2016-26-09 23:47:45   INFO [ZaycevBadCredentialsPage] : Got message about bad credentionals
2016-26-09 23:47:46   INFO [ZaycevHomePage] : Driver shuted down
2016-26-09 23:57:54   INFO [ZaycevHomePage] : Home page opened
2016-26-09 23:57:55   INFO [ZaycevHomePage] : Button Login clicked
2016-26-09 23:57:55   INFO [ZaycevHomePage] : Email entered
2016-26-09 23:57:55   INFO [ZaycevHomePage] : Password entered
2016-26-09 23:57:57   INFO [ZaycevHomePage] : Entry button Enter clicked
2016-26-09 23:57:58   INFO [ZaycevHomePage] : Poisk link clicked
2016-26-09 23:58:09  ERROR [ZaycevSearchingPage] : Error s Checkboxom Proxy element for: DefaultElementLocator 'By.xpath: .//*[@id='mailrusearchonpage']', ne nashlo navernoe, vot takoy error org.openqa.selenium.NoSuchElementException: no such element: Unable to locate element: {"method":"xpath","selector":".//*[@id='mailrusearchonpage']"}
  (Session info: chrome=53.0.2785.116)
  (Driver info: chromedriver=2.24.417431 (9aea000394714d2fbb20850021f6204f2256b9cf),platform=Windows NT 10.0.14393 x86_64) (WARNING: The server did not provide any stacktrace information)
Command duration or timeout: 5.03 seconds
For documentation on this error, please visit: http://seleniumhq.org/exceptions/no_such_element.html
Build info: version: 'unknown', revision: 'c7b525d', time: '2016-09-01 14:57:44 -0700'
System info: host: 'DESKTOP-8J5QEN7', ip: '192.168.1.150', os.name: 'Windows 10', os.arch: 'amd64', os.version: '10.0', java.version: '1.8.0_101'
Driver info: org.openqa.selenium.chrome.ChromeDriver
Capabilities [{applicationCacheEnabled=false, rotatable=false, mobileEmulationEnabled=false, networkConnectionEnabled=false, chrome={chromedriverVersion=2.24.417431 (9aea000394714d2fbb20850021f6204f2256b9cf), userDataDir=C:\Users\Bond\AppData\Local\Temp\scoped_dir7984_1898}, takesHeapSnapshot=true, pageLoadStrategy=normal, databaseEnabled=false, handlesAlerts=true, hasTouchScreen=false, version=53.0.2785.116, platform=XP, browserConnectionEnabled=false, nativeEvents=true, acceptSslCerts=true, locationContextEnabled=true, webStorageEnabled=true, browserName=chrome, takesScreenshot=true, javascriptEnabled=true, cssSelectorsEnabled=true}]
Session ID: 5b648435bea0e08b12891598deda632e
*** Element info: {Using=xpath, value=.//*[@id='mailrusearchonpage']}
2016-26-09 23:58:14  ERROR [ZaycevSearchingPage] : Song isn't inserted org.openqa.selenium.NoSuchElementException: no such element: Unable to locate element: {"method":"xpath","selector":".//*[@id='search-form-query']"}
  (Session info: chrome=53.0.2785.116)
  (Driver info: chromedriver=2.24.417431 (9aea000394714d2fbb20850021f6204f2256b9cf),platform=Windows NT 10.0.14393 x86_64) (WARNING: The server did not provide any stacktrace information)
Command duration or timeout: 5.04 seconds
For documentation on this error, please visit: http://seleniumhq.org/exceptions/no_such_element.html
Build info: version: 'unknown', revision: 'c7b525d', time: '2016-09-01 14:57:44 -0700'
System info: host: 'DESKTOP-8J5QEN7', ip: '192.168.1.150', os.name: 'Windows 10', os.arch: 'amd64', os.version: '10.0', java.version: '1.8.0_101'
Driver info: org.openqa.selenium.chrome.ChromeDriver
Capabilities [{applicationCacheEnabled=false, rotatable=false, mobileEmulationEnabled=false, networkConnectionEnabled=false, chrome={chromedriverVersion=2.24.417431 (9aea000394714d2fbb20850021f6204f2256b9cf), userDataDir=C:\Users\Bond\AppData\Local\Temp\scoped_dir7984_1898}, takesHeapSnapshot=true, pageLoadStrategy=normal, databaseEnabled=false, handlesAlerts=true, hasTouchScreen=false, version=53.0.2785.116, platform=XP, browserConnectionEnabled=false, nativeEvents=true, acceptSslCerts=true, locationContextEnabled=true, webStorageEnabled=true, browserName=chrome, takesScreenshot=true, javascriptEnabled=true, cssSelectorsEnabled=true}]
Session ID: 5b648435bea0e08b12891598deda632e
*** Element info: {Using=xpath, value=.//*[@id='search-form-query']}
2016-26-09 23:58:19  ERROR [ZaycevSearchingPage] : Error with Iskat Button org.openqa.selenium.NoSuchElementException: no such element: Unable to locate element: {"method":"xpath","selector":".//*[@id='search-form']//button"}
  (Session info: chrome=53.0.2785.116)
  (Driver info: chromedriver=2.24.417431 (9aea000394714d2fbb20850021f6204f2256b9cf),platform=Windows NT 10.0.14393 x86_64) (WARNING: The server did not provide any stacktrace information)
Command duration or timeout: 5.04 seconds
For documentation on this error, please visit: http://seleniumhq.org/exceptions/no_such_element.html
Build info: version: 'unknown', revision: 'c7b525d', time: '2016-09-01 14:57:44 -0700'
System info: host: 'DESKTOP-8J5QEN7', ip: '192.168.1.150', os.name: 'Windows 10', os.arch: 'amd64', os.version: '10.0', java.version: '1.8.0_101'
Driver info: org.openqa.selenium.chrome.ChromeDriver
Capabilities [{applicationCacheEnabled=false, rotatable=false, mobileEmulationEnabled=false, networkConnectionEnabled=false, chrome={chromedriverVersion=2.24.417431 (9aea000394714d2fbb20850021f6204f2256b9cf), userDataDir=C:\Users\Bond\AppData\Local\Temp\scoped_dir7984_1898}, takesHeapSnapshot=true, pageLoadStrategy=normal, databaseEnabled=false, handlesAlerts=true, hasTouchScreen=false, version=53.0.2785.116, platform=XP, browserConnectionEnabled=false, nativeEvents=true, acceptSslCerts=true, locationContextEnabled=true, webStorageEnabled=true, browserName=chrome, takesScreenshot=true, javascriptEnabled=true, cssSelectorsEnabled=true}]
Session ID: 5b648435bea0e08b12891598deda632e
*** Element info: {Using=xpath, value=.//*[@id='search-form']//button}
2016-26-09 23:58:29  ERROR [ZaycevSearchingPage] : Error with Play First Button org.openqa.selenium.NoSuchElementException: no such element: Unable to locate element: {"method":"xpath","selector":".//*[@class='musicset-track clearfix'][1]//i[@class='musicset-player__icon']"}
  (Session info: chrome=53.0.2785.116)
  (Driver info: chromedriver=2.24.417431 (9aea000394714d2fbb20850021f6204f2256b9cf),platform=Windows NT 10.0.14393 x86_64) (WARNING: The server did not provide any stacktrace information)
Command duration or timeout: 10.06 seconds
For documentation on this error, please visit: http://seleniumhq.org/exceptions/no_such_element.html
Build info: version: 'unknown', revision: 'c7b525d', time: '2016-09-01 14:57:44 -0700'
System info: host: 'DESKTOP-8J5QEN7', ip: '192.168.1.150', os.name: 'Windows 10', os.arch: 'amd64', os.version: '10.0', java.version: '1.8.0_101'
Driver info: org.openqa.selenium.chrome.ChromeDriver
Capabilities [{applicationCacheEnabled=false, rotatable=false, mobileEmulationEnabled=false, networkConnectionEnabled=false, chrome={chromedriverVersion=2.24.417431 (9aea000394714d2fbb20850021f6204f2256b9cf), userDataDir=C:\Users\Bond\AppData\Local\Temp\scoped_dir7984_1898}, takesHeapSnapshot=true, pageLoadStrategy=normal, databaseEnabled=false, handlesAlerts=true, hasTouchScreen=false, version=53.0.2785.116, platform=XP, browserConnectionEnabled=false, nativeEvents=true, acceptSslCerts=true, locationContextEnabled=true, webStorageEnabled=true, browserName=chrome, takesScreenshot=true, javascriptEnabled=true, cssSelectorsEnabled=true}]
Session ID: 5b648435bea0e08b12891598deda632e
*** Element info: {Using=xpath, value=.//*[@class='musicset-track clearfix'][1]//i[@class='musicset-player__icon']}
2016-26-09 23:58:30   INFO [ZaycevHomePage] : Driver shuted down
2016-27-09 00:00:54   INFO [ZaycevHomePage] : Home page opened
2016-27-09 00:00:54   INFO [ZaycevHomePage] : Button Login clicked
2016-27-09 00:00:54   INFO [ZaycevHomePage] : Email entered
2016-27-09 00:00:54   INFO [ZaycevHomePage] : Password entered
2016-27-09 00:00:56   INFO [ZaycevHomePage] : Entry button Enter clicked
2016-27-09 00:00:58   INFO [ZaycevHomePage] : Poisk link clicked
2016-27-09 00:01:03  ERROR [ZaycevSearchingPage] : Song isn't inserted org.openqa.selenium.NoSuchElementException: no such element: Unable to locate element: {"method":"xpath","selector":".//*[@id='search-form-query']"}
  (Session info: chrome=53.0.2785.116)
  (Driver info: chromedriver=2.24.417431 (9aea000394714d2fbb20850021f6204f2256b9cf),platform=Windows NT 10.0.14393 x86_64) (WARNING: The server did not provide any stacktrace information)
Command duration or timeout: 5.05 seconds
For documentation on this error, please visit: http://seleniumhq.org/exceptions/no_such_element.html
Build info: version: 'unknown', revision: 'c7b525d', time: '2016-09-01 14:57:44 -0700'
System info: host: 'DESKTOP-8J5QEN7', ip: '192.168.1.150', os.name: 'Windows 10', os.arch: 'amd64', os.version: '10.0', java.version: '1.8.0_101'
Driver info: org.openqa.selenium.chrome.ChromeDriver
Capabilities [{applicationCacheEnabled=false, rotatable=false, mobileEmulationEnabled=false, networkConnectionEnabled=false, chrome={chromedriverVersion=2.24.417431 (9aea000394714d2fbb20850021f6204f2256b9cf), userDataDir=C:\Users\Bond\AppData\Local\Temp\scoped_dir8136_12647}, takesHeapSnapshot=true, pageLoadStrategy=normal, databaseEnabled=false, handlesAlerts=true, hasTouchScreen=false, version=53.0.2785.116, platform=XP, browserConnectionEnabled=false, nativeEvents=true, acceptSslCerts=true, locationContextEnabled=true, webStorageEnabled=true, browserName=chrome, takesScreenshot=true, javascriptEnabled=true, cssSelectorsEnabled=true}]
Session ID: 7d908f8990a69ae476a3bcd7e44671f4
*** Element info: {Using=xpath, value=.//*[@id='search-form-query']}
2016-27-09 00:01:11   INFO [ZaycevSearchingPage] : Iskat Button pressed
2016-27-09 00:03:12   INFO [ZaycevHomePage] : Home page opened
2016-27-09 00:03:12   INFO [ZaycevHomePage] : Button Login clicked
2016-27-09 00:03:12   INFO [ZaycevHomePage] : Email entered
2016-27-09 00:03:12   INFO [ZaycevHomePage] : Password entered
2016-27-09 00:03:37   INFO [ZaycevHomePage] : Entry button Enter clicked
2016-27-09 00:03:39   INFO [ZaycevHomePage] : Poisk link clicked
2016-27-09 00:03:42   INFO [ZaycevSearchingPage] : Iskat Button pressed
2016-27-09 00:03:43   INFO [ZaycevSearchingPage] : Play First Song Button pressed
2016-27-09 00:03:43   INFO [ZaycevSearchingPage] : First song is playinnig progress bar displayed
2016-27-09 00:03:45   INFO [ZaycevHomePage] : Driver shuted down
2016-28-09 01:27:31   INFO [ZaycevHomePage] : Home page opened
2016-28-09 01:27:31   INFO [ZaycevHomePage] : Button Login clicked
2016-28-09 01:27:31   INFO [ZaycevHomePage] : Email entered
2016-28-09 01:27:32   INFO [ZaycevHomePage] : Password entered
2016-28-09 01:27:34   INFO [ZaycevHomePage] : Entry button Enter clicked
2016-28-09 01:27:36   INFO [ZaycevHomePage] : Poisk link clicked
2016-28-09 01:27:39   INFO [ZaycevSearchingPage] : Iskat Button pressed
2016-28-09 01:27:39  ERROR [ZaycevSearchingPage] : Error with Download First Button java.lang.NullPointerException
2016-28-09 01:27:39   INFO [AcdcPage] : will get song group name which we want to download
2016-28-09 01:27:55  ERROR [AcdcPage] : Couldn't find song name what we want to download org.openqa.selenium.NoSuchElementException: Timed out after 5 seconds. Unable to locate the element
For documentation on this error, please visit: http://seleniumhq.org/exceptions/no_such_element.html
Build info: version: 'unknown', revision: 'c7b525d', time: '2016-09-01 14:57:44 -0700'
System info: host: 'DESKTOP-8J5QEN7', ip: '192.168.1.150', os.name: 'Windows 10', os.arch: 'amd64', os.version: '10.0', java.version: '1.8.0_101'
Driver info: driver.version: unknown
2016-28-09 01:27:56   INFO [ZaycevHomePage] : Driver shuted down
2016-28-09 01:32:59   INFO [ZaycevHomePage] : Home page opened
2016-28-09 01:32:59   INFO [ZaycevHomePage] : Button Login clicked
2016-28-09 01:32:59   INFO [ZaycevHomePage] : Email entered
2016-28-09 01:32:59   INFO [ZaycevHomePage] : Password entered
2016-28-09 01:33:01   INFO [ZaycevHomePage] : Entry button Enter clicked
2016-28-09 01:33:04   INFO [ZaycevHomePage] : Poisk link clicked
2016-28-09 01:33:08   INFO [ZaycevSearchingPage] : Iskat Button pressed
2016-28-09 01:33:08  ERROR [ZaycevSearchingPage] : Error with Download First Button java.lang.NullPointerException
2016-28-09 01:33:08   INFO [AcdcPage] : will get song group name which we want to download
2016-28-09 01:33:24  ERROR [AcdcPage] : Couldn't find song name what we want to download org.openqa.selenium.NoSuchElementException: Timed out after 5 seconds. Unable to locate the element
For documentation on this error, please visit: http://seleniumhq.org/exceptions/no_such_element.html
Build info: version: 'unknown', revision: 'c7b525d', time: '2016-09-01 14:57:44 -0700'
System info: host: 'DESKTOP-8J5QEN7', ip: '192.168.1.150', os.name: 'Windows 10', os.arch: 'amd64', os.version: '10.0', java.version: '1.8.0_101'
Driver info: driver.version: unknown
2016-28-09 01:33:25   INFO [ZaycevHomePage] : Driver shuted down
2016-28-09 01:37:58   INFO [ZaycevHomePage] : Home page opened
2016-28-09 01:37:58   INFO [ZaycevHomePage] : Button Login clicked
2016-28-09 01:37:58   INFO [ZaycevHomePage] : Email entered
2016-28-09 01:37:59   INFO [ZaycevHomePage] : Password entered
2016-28-09 01:38:01   INFO [ZaycevHomePage] : Entry button Enter clicked
2016-28-09 01:38:02   INFO [ZaycevHomePage] : Poisk link clicked
2016-28-09 01:38:07   INFO [ZaycevSearchingPage] : Iskat Button pressed
2016-28-09 01:38:07  ERROR [ZaycevSearchingPage] : Error with Download First Button java.lang.NullPointerException
2016-28-09 01:38:07   INFO [AcdcPage] : will get song group name which we want to download
2016-28-09 01:38:22  ERROR [AcdcPage] : Couldn't find song name what we want to download org.openqa.selenium.NoSuchElementException: Timed out after 5 seconds. Unable to locate the element
For documentation on this error, please visit: http://seleniumhq.org/exceptions/no_such_element.html
Build info: version: 'unknown', revision: 'c7b525d', time: '2016-09-01 14:57:44 -0700'
System info: host: 'DESKTOP-8J5QEN7', ip: '192.168.1.150', os.name: 'Windows 10', os.arch: 'amd64', os.version: '10.0', java.version: '1.8.0_101'
Driver info: driver.version: unknown
2016-28-09 01:38:24   INFO [ZaycevHomePage] : Driver shuted down
2016-28-09 01:39:42   INFO [ZaycevHomePage] : Home page opened
2016-28-09 01:39:43   INFO [ZaycevHomePage] : Button Login clicked
2016-28-09 01:39:43   INFO [ZaycevHomePage] : Email entered
2016-28-09 01:39:43   INFO [ZaycevHomePage] : Password entered
2016-28-09 01:39:45   INFO [ZaycevHomePage] : Entry button Enter clicked
2016-28-09 01:39:47   INFO [ZaycevHomePage] : Poisk link clicked
2016-28-09 01:39:50   INFO [ZaycevSearchingPage] : Iskat Button pressed
2016-28-09 01:39:50   INFO [ZaycevSearchingPage] : Play First Song Button pressed
2016-28-09 01:39:51   INFO [ZaycevSearchingPage] : First song is playinnig progress bar displayed
2016-28-09 01:39:52   INFO [ZaycevHomePage] : Driver shuted down
2016-28-09 23:50:07   INFO [ZaycevHomePage] : Home page opened
2016-28-09 23:50:07   INFO [ZaycevHomePage] : Button Login clicked
2016-28-09 23:50:08   INFO [ZaycevHomePage] : Email entered
2016-28-09 23:50:08   INFO [ZaycevHomePage] : Password entered
2016-28-09 23:50:10   INFO [ZaycevHomePage] : Entry button Enter clicked
2016-28-09 23:50:11   INFO [ZaycevHomePage] : Poisk link clicked
2016-28-09 23:50:14   INFO [ZaycevSearchingPage] : Iskat Button pressed
2016-28-09 23:50:14  ERROR [ZaycevSearchingPage] : Error with Download First Button java.lang.NullPointerException
2016-28-09 23:50:14   INFO [AcdcPage] : will get song group name which we want to download
2016-28-09 23:50:30  ERROR [AcdcPage] : Couldn't find song name what we want to download org.openqa.selenium.NoSuchElementException: Timed out after 5 seconds. Unable to locate the element
For documentation on this error, please visit: http://seleniumhq.org/exceptions/no_such_element.html
Build info: version: 'unknown', revision: 'c7b525d', time: '2016-09-01 14:57:44 -0700'
System info: host: 'DESKTOP-8J5QEN7', ip: '192.168.1.150', os.name: 'Windows 10', os.arch: 'amd64', os.version: '10.0', java.version: '1.8.0_101'
Driver info: driver.version: unknown
2016-28-09 23:50:31   INFO [ZaycevHomePage] : Driver shuted down
2016-28-09 23:56:43   INFO [ZaycevHomePage] : Home page opened
2016-28-09 23:56:43   INFO [ZaycevHomePage] : Button Login clicked
2016-28-09 23:56:43   INFO [ZaycevHomePage] : Email entered
2016-28-09 23:56:44   INFO [ZaycevHomePage] : Password entered
2016-28-09 23:56:47   INFO [ZaycevHomePage] : Entry button Enter clicked
2016-28-09 23:56:49   INFO [ZaycevHomePage] : Poisk link clicked
2016-28-09 23:56:52   INFO [ZaycevSearchingPage] : Iskat Button pressed
2016-28-09 23:56:52  ERROR [ZaycevSearchingPage] : Error with Download First Button java.lang.NullPointerException
2016-28-09 23:56:52   INFO [AcdcPage] : will get song group name which we want to download
2016-28-09 23:57:08  ERROR [AcdcPage] : Couldn't find song name what we want to download org.openqa.selenium.NoSuchElementException: Timed out after 5 seconds. Unable to locate the element
For documentation on this error, please visit: http://seleniumhq.org/exceptions/no_such_element.html
Build info: version: 'unknown', revision: 'c7b525d', time: '2016-09-01 14:57:44 -0700'
System info: host: 'DESKTOP-8J5QEN7', ip: '192.168.1.150', os.name: 'Windows 10', os.arch: 'amd64', os.version: '10.0', java.version: '1.8.0_101'
Driver info: driver.version: unknown
2016-28-09 23:57:09   INFO [ZaycevHomePage] : Driver shuted down
2016-28-09 23:58:44   INFO [ZaycevHomePage] : Home page opened
2016-28-09 23:58:44   INFO [ZaycevHomePage] : Button Login clicked
2016-28-09 23:58:44   INFO [ZaycevHomePage] : Email entered
2016-28-09 23:58:45   INFO [ZaycevHomePage] : Password entered
2016-28-09 23:58:47   INFO [ZaycevHomePage] : Entry button Enter clicked
2016-28-09 23:58:49   INFO [ZaycevHomePage] : Poisk link clicked
2016-28-09 23:58:52   INFO [ZaycevSearchingPage] : Iskat Button pressed
2016-28-09 23:58:53   INFO [ZaycevSearchingPage] : Play First Song Button pressed
2016-28-09 23:58:53   INFO [ZaycevSearchingPage] : First song is playinnig progress bar displayed
2016-28-09 23:58:55   INFO [ZaycevHomePage] : Driver shuted down
2016-29-09 00:01:25   INFO [ZaycevHomePage] : Home page opened
2016-29-09 00:01:25   INFO [ZaycevHomePage] : Button Login clicked
2016-29-09 00:01:25   INFO [ZaycevHomePage] : Email entered
2016-29-09 00:01:26   INFO [ZaycevHomePage] : Password entered
2016-29-09 00:01:30   INFO [ZaycevHomePage] : Entry button Enter clicked
2016-29-09 00:01:32   INFO [ZaycevHomePage] : Poisk link clicked
2016-29-09 00:01:37   INFO [ZaycevSearchingPage] : Iskat Button pressed
2016-29-09 00:01:38   INFO [ZaycevSearchingPage] : First Song highlighted
2016-29-09 00:01:38  ERROR [ZaycevSearchingPage] : Error with Download First Button org.openqa.selenium.ElementNotVisibleException: element not visible
  (Session info: chrome=53.0.2785.116)
  (Driver info: chromedriver=2.24.417431 (9aea000394714d2fbb20850021f6204f2256b9cf),platform=Windows NT 10.0.14393 x86_64) (WARNING: The server did not provide any stacktrace information)
Command duration or timeout: 104 milliseconds
Build info: version: 'unknown', revision: 'c7b525d', time: '2016-09-01 14:57:44 -0700'
System info: host: 'DESKTOP-8J5QEN7', ip: '192.168.1.150', os.name: 'Windows 10', os.arch: 'amd64', os.version: '10.0', java.version: '1.8.0_101'
Driver info: org.openqa.selenium.chrome.ChromeDriver
Capabilities [{applicationCacheEnabled=false, rotatable=false, mobileEmulationEnabled=false, networkConnectionEnabled=false, chrome={chromedriverVersion=2.24.417431 (9aea000394714d2fbb20850021f6204f2256b9cf), userDataDir=C:\Users\Bond\AppData\Local\Temp\scoped_dir3912_6863}, takesHeapSnapshot=true, pageLoadStrategy=normal, databaseEnabled=false, handlesAlerts=true, hasTouchScreen=false, version=53.0.2785.116, platform=XP, browserConnectionEnabled=false, nativeEvents=true, acceptSslCerts=true, locationContextEnabled=true, webStorageEnabled=true, browserName=chrome, takesScreenshot=true, javascriptEnabled=true, cssSelectorsEnabled=true}]
Session ID: 225e234fa87e6fb88aab257c7577dbe2
2016-29-09 00:01:38   INFO [AcdcPage] : will get song group name which we want to download
2016-29-09 00:01:54  ERROR [AcdcPage] : Couldn't find song name what we want to download org.openqa.selenium.NoSuchElementException: Timed out after 5 seconds. Unable to locate the element
For documentation on this error, please visit: http://seleniumhq.org/exceptions/no_such_element.html
Build info: version: 'unknown', revision: 'c7b525d', time: '2016-09-01 14:57:44 -0700'
System info: host: 'DESKTOP-8J5QEN7', ip: '192.168.1.150', os.name: 'Windows 10', os.arch: 'amd64', os.version: '10.0', java.version: '1.8.0_101'
Driver info: driver.version: unknown
2016-29-09 00:01:55   INFO [ZaycevHomePage] : Driver shuted down
2016-29-09 00:07:34   INFO [ZaycevHomePage] : Home page opened
2016-29-09 00:07:46   INFO [ZaycevHomePage] : Home page opened
2016-29-09 00:07:46   INFO [ZaycevHomePage] : Button Login clicked
2016-29-09 00:07:46   INFO [ZaycevHomePage] : Email entered
2016-29-09 00:07:47   INFO [ZaycevHomePage] : Password entered
2016-29-09 00:07:50   INFO [ZaycevHomePage] : Entry button Enter clicked
2016-29-09 00:07:53   INFO [ZaycevHomePage] : Poisk link clicked
2016-29-09 00:07:55   INFO [ZaycevSearchingPage] : Iskat Button pressed
2016-29-09 00:07:55   INFO [ZaycevSearchingPage] : First Song highlighted
2016-29-09 00:07:55  ERROR [ZaycevSearchingPage] : Error with Download First Button java.lang.NullPointerException
2016-29-09 00:07:55   INFO [AcdcPage] : will get song group name which we want to download
2016-29-09 00:08:12  ERROR [AcdcPage] : Couldn't find song name what we want to download org.openqa.selenium.NoSuchElementException: Timed out after 5 seconds. Unable to locate the element
For documentation on this error, please visit: http://seleniumhq.org/exceptions/no_such_element.html
Build info: version: 'unknown', revision: 'c7b525d', time: '2016-09-01 14:57:44 -0700'
System info: host: 'DESKTOP-8J5QEN7', ip: '192.168.1.150', os.name: 'Windows 10', os.arch: 'amd64', os.version: '10.0', java.version: '1.8.0_101'
Driver info: driver.version: unknown
2016-29-09 00:08:13   INFO [ZaycevHomePage] : Driver shuted down
2016-29-09 00:09:19   INFO [ZaycevHomePage] : Home page opened
2016-29-09 00:09:19   INFO [ZaycevHomePage] : Button Login clicked
2016-29-09 00:09:19   INFO [ZaycevHomePage] : Email entered
2016-29-09 00:09:19   INFO [ZaycevHomePage] : Password entered
2016-29-09 00:09:22   INFO [ZaycevHomePage] : Entry button Enter clicked
2016-29-09 00:09:25   INFO [ZaycevHomePage] : Poisk link clicked
2016-29-09 00:09:30   INFO [ZaycevSearchingPage] : Iskat Button pressed
2016-29-09 00:10:13   INFO [ZaycevSearchingPage] : First Song highlighted
2016-29-09 00:10:37  ERROR [ZaycevSearchingPage] : Error with Download First Button java.lang.NullPointerException
2016-29-09 00:11:13   INFO [AcdcPage] : will get song group name which we want to download
2016-29-09 00:16:24   INFO [ZaycevHomePage] : Home page opened
2016-29-09 00:16:24   INFO [ZaycevHomePage] : Button Login clicked
2016-29-09 00:16:25   INFO [ZaycevHomePage] : Email entered
2016-29-09 00:16:25   INFO [ZaycevHomePage] : Password entered
2016-29-09 00:16:27   INFO [ZaycevHomePage] : Entry button Enter clicked
2016-29-09 00:16:30   INFO [ZaycevHomePage] : Poisk link clicked
2016-29-09 00:16:33   INFO [ZaycevSearchingPage] : Iskat Button pressed
2016-29-09 00:16:34   INFO [ZaycevSearchingPage] : First Song highlighted
2016-29-09 00:16:36  ERROR [ZaycevSearchingPage] : Error with Download First Button org.openqa.selenium.ElementNotVisibleException: element not visible
  (Session info: chrome=53.0.2785.116)
  (Driver info: chromedriver=2.24.417431 (9aea000394714d2fbb20850021f6204f2256b9cf),platform=Windows NT 10.0.14393 x86_64) (WARNING: The server did not provide any stacktrace information)
Command duration or timeout: 28 milliseconds
Build info: version: 'unknown', revision: 'c7b525d', time: '2016-09-01 14:57:44 -0700'
System info: host: 'DESKTOP-8J5QEN7', ip: '192.168.1.150', os.name: 'Windows 10', os.arch: 'amd64', os.version: '10.0', java.version: '1.8.0_101'
Driver info: org.openqa.selenium.chrome.ChromeDriver
Capabilities [{applicationCacheEnabled=false, rotatable=false, mobileEmulationEnabled=false, networkConnectionEnabled=false, chrome={chromedriverVersion=2.24.417431 (9aea000394714d2fbb20850021f6204f2256b9cf), userDataDir=C:\Users\Bond\AppData\Local\Temp\scoped_dir7380_17486}, takesHeapSnapshot=true, pageLoadStrategy=normal, databaseEnabled=false, handlesAlerts=true, hasTouchScreen=false, version=53.0.2785.116, platform=XP, browserConnectionEnabled=false, nativeEvents=true, acceptSslCerts=true, locationContextEnabled=true, webStorageEnabled=true, browserName=chrome, takesScreenshot=true, javascriptEnabled=true, cssSelectorsEnabled=true}]
Session ID: ea592f5e430b1af568a88733743d805a
2016-29-09 00:16:36   INFO [AcdcPage] : will get song group name which we want to download
2016-29-09 00:16:52  ERROR [AcdcPage] : Couldn't find song name what we want to download org.openqa.selenium.NoSuchElementException: Timed out after 5 seconds. Unable to locate the element
For documentation on this error, please visit: http://seleniumhq.org/exceptions/no_such_element.html
Build info: version: 'unknown', revision: 'c7b525d', time: '2016-09-01 14:57:44 -0700'
System info: host: 'DESKTOP-8J5QEN7', ip: '192.168.1.150', os.name: 'Windows 10', os.arch: 'amd64', os.version: '10.0', java.version: '1.8.0_101'
Driver info: driver.version: unknown
2016-29-09 00:16:53   INFO [ZaycevHomePage] : Driver shuted down
2016-29-09 00:18:58   INFO [ZaycevHomePage] : Home page opened
2016-29-09 00:18:58   INFO [ZaycevHomePage] : Button Login clicked
2016-29-09 00:18:58   INFO [ZaycevHomePage] : Email entered
2016-29-09 00:18:58   INFO [ZaycevHomePage] : Password entered
2016-29-09 00:19:01   INFO [ZaycevHomePage] : Entry button Enter clicked
2016-29-09 00:19:04   INFO [ZaycevHomePage] : Poisk link clicked
2016-29-09 00:19:07   INFO [ZaycevSearchingPage] : Iskat Button pressed
2016-29-09 00:19:07   INFO [ZaycevSearchingPage] : First Song highlighted
2016-29-09 00:19:07  ERROR [ZaycevSearchingPage] : Error with Download First Button java.lang.NullPointerException
2016-29-09 00:19:07   INFO [AcdcPage] : will get song group name which we want to download
2016-29-09 00:19:23  ERROR [AcdcPage] : Couldn't find song name what we want to download org.openqa.selenium.NoSuchElementException: Timed out after 5 seconds. Unable to locate the element
For documentation on this error, please visit: http://seleniumhq.org/exceptions/no_such_element.html
Build info: version: 'unknown', revision: 'c7b525d', time: '2016-09-01 14:57:44 -0700'
System info: host: 'DESKTOP-8J5QEN7', ip: '192.168.1.150', os.name: 'Windows 10', os.arch: 'amd64', os.version: '10.0', java.version: '1.8.0_101'
Driver info: driver.version: unknown
2016-29-09 00:19:25   INFO [ZaycevHomePage] : Driver shuted down
2016-29-09 00:21:39   INFO [ZaycevHomePage] : Home page opened
2016-29-09 00:21:39   INFO [ZaycevHomePage] : Button Login clicked
2016-29-09 00:21:39   INFO [ZaycevHomePage] : Email entered
2016-29-09 00:21:40   INFO [ZaycevHomePage] : Password entered
2016-29-09 00:21:42   INFO [ZaycevHomePage] : Entry button Enter clicked
2016-29-09 00:21:44   INFO [ZaycevHomePage] : Poisk link clicked
2016-29-09 00:21:47   INFO [ZaycevSearchingPage] : Iskat Button pressed
2016-29-09 00:21:48   INFO [ZaycevSearchingPage] : First Song highlighted
2016-29-09 00:21:48  ERROR [ZaycevSearchingPage] : Error with Download First Button java.lang.NullPointerException
2016-29-09 00:21:48   INFO [AcdcPage] : will get song group name which we want to download
2016-29-09 00:22:03  ERROR [AcdcPage] : Couldn't find song name what we want to download org.openqa.selenium.NoSuchElementException: Timed out after 5 seconds. Unable to locate the element
For documentation on this error, please visit: http://seleniumhq.org/exceptions/no_such_element.html
Build info: version: 'unknown', revision: 'c7b525d', time: '2016-09-01 14:57:44 -0700'
System info: host: 'DESKTOP-8J5QEN7', ip: '192.168.1.150', os.name: 'Windows 10', os.arch: 'amd64', os.version: '10.0', java.version: '1.8.0_101'
Driver info: driver.version: unknown
2016-29-09 00:22:05   INFO [ZaycevHomePage] : Driver shuted down
2016-29-09 00:26:00   INFO [ZaycevHomePage] : Home page opened
2016-29-09 00:26:00   INFO [ZaycevHomePage] : Button Login clicked
2016-29-09 00:26:00   INFO [ZaycevHomePage] : Email entered
2016-29-09 00:26:00   INFO [ZaycevHomePage] : Password entered
2016-29-09 00:26:03   INFO [ZaycevHomePage] : Entry button Enter clicked
2016-29-09 00:26:05   INFO [ZaycevHomePage] : Poisk link clicked
2016-29-09 00:26:09   INFO [ZaycevSearchingPage] : Iskat Button pressed
2016-29-09 00:26:09   INFO [ZaycevSearchingPage] : First Song highlighted
2016-29-09 00:26:09  ERROR [ZaycevSearchingPage] : Error with Download First Button java.lang.NullPointerException
2016-29-09 00:26:09   INFO [AcdcPage] : will get song group name which we want to download
2016-29-09 00:26:25  ERROR [AcdcPage] : Couldn't find song name what we want to download org.openqa.selenium.NoSuchElementException: Timed out after 5 seconds. Unable to locate the element
For documentation on this error, please visit: http://seleniumhq.org/exceptions/no_such_element.html
Build info: version: 'unknown', revision: 'c7b525d', time: '2016-09-01 14:57:44 -0700'
System info: host: 'DESKTOP-8J5QEN7', ip: '192.168.1.150', os.name: 'Windows 10', os.arch: 'amd64', os.version: '10.0', java.version: '1.8.0_101'
Driver info: driver.version: unknown
2016-29-09 00:26:27   INFO [ZaycevHomePage] : Driver shuted down
2016-29-09 00:36:38   INFO [ZaycevHomePage] : Home page opened
2016-29-09 00:36:38   INFO [ZaycevHomePage] : Button Login clicked
2016-29-09 00:36:38   INFO [ZaycevHomePage] : Email entered
2016-29-09 00:36:38   INFO [ZaycevHomePage] : Password entered
2016-29-09 00:36:41   INFO [ZaycevHomePage] : Entry button Enter clicked
2016-29-09 00:36:43   INFO [ZaycevHomePage] : Poisk link clicked
2016-29-09 00:36:46   INFO [ZaycevSearchingPage] : Iskat Button pressed
2016-29-09 00:36:46   INFO [ZaycevSearchingPage] : First Song highlighted
2016-29-09 00:36:46  ERROR [ZaycevSearchingPage] : Error with Download First Button java.lang.NullPointerException
2016-29-09 00:36:46   INFO [AcdcPage] : will get song group name which we want to download
2016-29-09 00:37:02  ERROR [AcdcPage] : Couldn't find song name what we want to download org.openqa.selenium.NoSuchElementException: Timed out after 5 seconds. Unable to locate the element
For documentation on this error, please visit: http://seleniumhq.org/exceptions/no_such_element.html
Build info: version: 'unknown', revision: 'c7b525d', time: '2016-09-01 14:57:44 -0700'
System info: host: 'DESKTOP-8J5QEN7', ip: '192.168.1.150', os.name: 'Windows 10', os.arch: 'amd64', os.version: '10.0', java.version: '1.8.0_101'
Driver info: driver.version: unknown
2016-29-09 00:37:04   INFO [ZaycevHomePage] : Driver shuted down
2016-29-09 00:45:20   INFO [ZaycevHomePage] : Home page opened
2016-29-09 00:45:20   INFO [ZaycevHomePage] : Button Login clicked
2016-29-09 00:45:20   INFO [ZaycevHomePage] : Email entered
2016-29-09 00:45:20   INFO [ZaycevHomePage] : Password entered
2016-29-09 00:45:22   INFO [ZaycevHomePage] : Entry button Enter clicked
2016-29-09 00:45:25   INFO [ZaycevHomePage] : Poisk link clicked
2016-29-09 00:45:28   INFO [ZaycevSearchingPage] : Iskat Button pressed
2016-29-09 00:45:29   INFO [ZaycevSearchingPage] : First Song highlighted
2016-29-09 00:45:29  ERROR [ZaycevSearchingPage] : Error with Download First Button java.lang.NullPointerException
2016-29-09 00:45:29   INFO [AcdcPage] : will get song group name which we want to download
2016-29-09 00:45:44  ERROR [AcdcPage] : Couldn't find song name what we want to download org.openqa.selenium.NoSuchElementException: Timed out after 5 seconds. Unable to locate the element
For documentation on this error, please visit: http://seleniumhq.org/exceptions/no_such_element.html
Build info: version: 'unknown', revision: 'c7b525d', time: '2016-09-01 14:57:44 -0700'
System info: host: 'DESKTOP-8J5QEN7', ip: '192.168.1.150', os.name: 'Windows 10', os.arch: 'amd64', os.version: '10.0', java.version: '1.8.0_101'
Driver info: driver.version: unknown
2016-29-09 00:45:46   INFO [ZaycevHomePage] : Driver shuted down
2016-29-09 00:49:50   INFO [ZaycevHomePage] : Home page opened
2016-29-09 00:49:50   INFO [ZaycevHomePage] : Button Login clicked
2016-29-09 00:49:50   INFO [ZaycevHomePage] : Email entered
2016-29-09 00:49:50   INFO [ZaycevHomePage] : Password entered
2016-29-09 00:49:52   INFO [ZaycevHomePage] : Entry button Enter clicked
2016-29-09 00:49:54   INFO [ZaycevHomePage] : Poisk link clicked
2016-29-09 00:49:57   INFO [ZaycevSearchingPage] : Iskat Button pressed
2016-29-09 00:49:58   INFO [ZaycevSearchingPage] : First Song highlighted
2016-29-09 00:49:58   INFO [ZaycevSearchingPage] : DownLoad first Song button clicked
2016-29-09 00:49:58  ERROR [ZaycevSearchingPage] : Error with Download First Button java.util.NoSuchElementException
2016-29-09 00:49:58   INFO [AcdcPage] : will get song group name which we want to download
2016-29-09 00:52:07   INFO [ZaycevHomePage] : Home page opened
2016-29-09 00:52:07   INFO [ZaycevHomePage] : Button Login clicked
2016-29-09 00:52:07   INFO [ZaycevHomePage] : Email entered
2016-29-09 00:52:07   INFO [ZaycevHomePage] : Password entered
2016-29-09 00:52:10   INFO [ZaycevHomePage] : Entry button Enter clicked
2016-29-09 00:52:12   INFO [ZaycevHomePage] : Poisk link clicked
2016-29-09 00:52:15   INFO [ZaycevSearchingPage] : Iskat Button pressed
2016-29-09 00:52:16   INFO [ZaycevSearchingPage] : First Song highlighted
2016-29-09 00:52:19   INFO [ZaycevSearchingPage] : DownLoad first Song button clicked
2016-29-09 00:52:19   INFO [AcdcPage] : will get song group name which we want to download
2016-29-09 00:52:39  ERROR [AcdcPage] : Couldn't find song name what we want to download org.openqa.selenium.NoSuchElementException: Timed out after 5 seconds. Unable to locate the element
For documentation on this error, please visit: http://seleniumhq.org/exceptions/no_such_element.html
Build info: version: 'unknown', revision: 'c7b525d', time: '2016-09-01 14:57:44 -0700'
System info: host: 'DESKTOP-8J5QEN7', ip: '192.168.1.150', os.name: 'Windows 10', os.arch: 'amd64', os.version: '10.0', java.version: '1.8.0_101'
Driver info: driver.version: unknown
2016-29-09 00:52:41   INFO [ZaycevHomePage] : Driver shuted down
2016-29-09 00:54:10   INFO [ZaycevHomePage] : Home page opened
2016-29-09 00:54:10   INFO [ZaycevHomePage] : Button Login clicked
2016-29-09 00:54:10   INFO [ZaycevHomePage] : Email entered
2016-29-09 00:54:11   INFO [ZaycevHomePage] : Password entered
2016-29-09 00:54:13   INFO [ZaycevHomePage] : Entry button Enter clicked
2016-29-09 00:54:16   INFO [ZaycevHomePage] : Poisk link clicked
2016-29-09 00:54:19   INFO [ZaycevSearchingPage] : Iskat Button pressed
2016-29-09 00:54:20   INFO [ZaycevSearchingPage] : First Song highlighted
2016-29-09 00:54:20   INFO [ZaycevSearchingPage] : DownLoad first Song button clicked
2016-29-09 00:54:20   INFO [AcdcPage] : will get song group name which we want to download
2016-29-09 00:54:38  ERROR [AcdcPage] : Couldn't find song name what we want to download org.openqa.selenium.NoSuchElementException: Timed out after 5 seconds. Unable to locate the element
For documentation on this error, please visit: http://seleniumhq.org/exceptions/no_such_element.html
Build info: version: 'unknown', revision: 'c7b525d', time: '2016-09-01 14:57:44 -0700'
System info: host: 'DESKTOP-8J5QEN7', ip: '192.168.1.150', os.name: 'Windows 10', os.arch: 'amd64', os.version: '10.0', java.version: '1.8.0_101'
Driver info: driver.version: unknown
2016-29-09 00:54:39   INFO [ZaycevHomePage] : Driver shuted down
2016-29-09 01:10:30   INFO [ZaycevHomePage] : Home page opened
2016-29-09 01:10:30   INFO [ZaycevHomePage] : Button Login clicked
2016-29-09 01:10:30   INFO [ZaycevHomePage] : Email entered
2016-29-09 01:10:30   INFO [ZaycevHomePage] : Password entered
2016-29-09 01:10:33   INFO [ZaycevHomePage] : Entry button Enter clicked
2016-29-09 01:10:35   INFO [ZaycevHomePage] : Poisk link clicked
2016-29-09 01:10:38   INFO [ZaycevSearchingPage] : Iskat Button pressed
2016-29-09 01:10:38   INFO [ZaycevSearchingPage] : First Song highlighted
2016-29-09 01:10:39   INFO [ZaycevSearchingPage] : DownLoad first Song button clicked
2016-29-09 01:10:57  ERROR [AcdcPage] : Unable to reach download button org.openqa.selenium.NoSuchElementException: Timed out after 5 seconds. Unable to locate the element
For documentation on this error, please visit: http://seleniumhq.org/exceptions/no_such_element.html
Build info: version: 'unknown', revision: 'c7b525d', time: '2016-09-01 14:57:44 -0700'
System info: host: 'DESKTOP-8J5QEN7', ip: '192.168.1.150', os.name: 'Windows 10', os.arch: 'amd64', os.version: '10.0', java.version: '1.8.0_101'
Driver info: driver.version: unknown
2016-29-09 01:10:59   INFO [ZaycevHomePage] : Driver shuted down
2016-29-09 01:11:54   INFO [ZaycevHomePage] : Home page opened
2016-29-09 01:11:55   INFO [ZaycevHomePage] : Button Login clicked
2016-29-09 01:11:55   INFO [ZaycevHomePage] : Email entered
2016-29-09 01:11:55   INFO [ZaycevHomePage] : Password entered
2016-29-09 01:11:55   INFO [ZaycevHomePage] : Entry button Enter clicked
2016-29-09 01:11:55   INFO [ZaycevHomePage] : Poisk link clicked
2016-29-09 01:11:57   INFO [ZaycevSearchingPage] : Iskat Button pressed
2016-29-09 01:11:59   INFO [ZaycevSearchingPage] : First Song highlighted
2016-29-09 01:11:59   INFO [ZaycevSearchingPage] : DownLoad first Song button clicked
2016-29-09 01:11:59  ERROR [ZaycevSearchingPage] : Error with Download First Button java.util.NoSuchElementException
2016-29-09 01:12:09  ERROR [AcdcPage] : Unable to reach download button org.openqa.selenium.WebDriverException: this.browser.getBrowserForTab is not a function (WARNING: The server did not provide any stacktrace information)
Command duration or timeout: 148 milliseconds
Build info: version: 'unknown', revision: 'c7b525d', time: '2016-09-01 14:57:44 -0700'
System info: host: 'DESKTOP-8J5QEN7', ip: '192.168.1.150', os.name: 'Windows 10', os.arch: 'amd64', os.version: '10.0', java.version: '1.8.0_101'
Driver info: org.openqa.selenium.firefox.FirefoxDriver
Capabilities [{rotatable=false, raisesAccessibilityExceptions=false, appBuildId=20160922113459, version=, platform=XP, proxy={}, command_id=1, specificationLevel=0, acceptSslCerts=false, processId=392, browserVersion=49.0.1, platformVersion=10.0, XULappId={ec8030f7-c20a-464f-9b0e-13a3a9e97384}, browserName=firefox, takesScreenshot=true, takesElementScreenshot=true, platformName=windows_nt, device=desktop}]
Session ID: 939e08b1-e7fe-4633-90ac-bd51760cc61e
*** Element info: {Using=xpath, value=//div[@id='audiotrack-info']]}
2016-01-10 22:32:15   INFO [ZaycevHomePage] : Home page opened
2016-01-10 22:32:15   INFO [ZaycevHomePage] : Button Login clicked
2016-01-10 22:32:15   INFO [ZaycevHomePage] : Email entered
2016-01-10 22:32:15   INFO [ZaycevHomePage] : Password entered
2016-01-10 22:32:17   INFO [ZaycevHomePage] : Entry button Enter clicked
2016-01-10 22:32:19   INFO [ZaycevHomePage] : Poisk link clicked
2016-01-10 22:32:22   INFO [ZaycevSearchingPage] : Iskat Button pressed
2016-01-10 22:32:22   INFO [ZaycevSearchingPage] : First Song highlighted
2016-01-10 22:32:22   INFO [ZaycevSearchingPage] : DownLoad first Song button clicked
2016-01-10 22:32:41  ERROR [AcdcPage] : Unable to reach download button org.openqa.selenium.NoSuchElementException: Timed out after 5 seconds. Unable to locate the element
For documentation on this error, please visit: http://seleniumhq.org/exceptions/no_such_element.html
Build info: version: 'unknown', revision: 'c7b525d', time: '2016-09-01 14:57:44 -0700'
System info: host: 'DESKTOP-8J5QEN7', ip: '192.168.1.150', os.name: 'Windows 10', os.arch: 'amd64', os.version: '10.0', java.version: '1.8.0_101'
Driver info: driver.version: unknown
2016-01-10 22:32:42   INFO [ZaycevHomePage] : Driver shuted down
2016-01-10 22:38:22   INFO [ZaycevHomePage] : Home page opened
2016-01-10 22:38:23   INFO [ZaycevHomePage] : Button Login clicked
2016-01-10 22:38:23   INFO [ZaycevHomePage] : Email entered
2016-01-10 22:38:23   INFO [ZaycevHomePage] : Password entered
2016-01-10 22:38:25   INFO [ZaycevHomePage] : Entry button Enter clicked
2016-01-10 22:38:26   INFO [ZaycevHomePage] : Poisk link clicked
2016-01-10 22:38:28   INFO [ZaycevSearchingPage] : Iskat Button pressed
2016-01-10 22:38:28  ERROR [ZaycevSearchingPage] : Error with Download First Button java.lang.NullPointerException
2016-01-10 22:38:44  ERROR [AcdcPage] : Unable to reach download button org.openqa.selenium.NoSuchElementException: Timed out after 5 seconds. Unable to locate the element
For documentation on this error, please visit: http://seleniumhq.org/exceptions/no_such_element.html
Build info: version: 'unknown', revision: 'c7b525d', time: '2016-09-01 14:57:44 -0700'
System info: host: 'DESKTOP-8J5QEN7', ip: '192.168.1.150', os.name: 'Windows 10', os.arch: 'amd64', os.version: '10.0', java.version: '1.8.0_101'
Driver info: driver.version: unknown
2016-01-10 22:38:45   INFO [ZaycevHomePage] : Driver shuted down
2016-01-10 22:46:05   INFO [ZaycevHomePage] : Home page opened
2016-01-10 22:46:05   INFO [ZaycevHomePage] : Button Login clicked
2016-01-10 22:46:06   INFO [ZaycevHomePage] : Email entered
2016-01-10 22:46:06   INFO [ZaycevHomePage] : Password entered
2016-01-10 22:46:08   INFO [ZaycevHomePage] : Entry button Enter clicked
2016-01-10 22:46:10   INFO [ZaycevHomePage] : Poisk link clicked
2016-01-10 22:46:14   INFO [ZaycevSearchingPage] : Iskat Button pressed
2016-01-10 22:46:14  ERROR [ZaycevSearchingPage] : Error with Download First Button java.lang.NullPointerException
2016-01-10 22:46:30  ERROR [AcdcPage] : Unable to reach download button org.openqa.selenium.NoSuchElementException: Timed out after 5 seconds. Unable to locate the element
For documentation on this error, please visit: http://seleniumhq.org/exceptions/no_such_element.html
Build info: version: 'unknown', revision: 'c7b525d', time: '2016-09-01 14:57:44 -0700'
System info: host: 'DESKTOP-8J5QEN7', ip: '192.168.1.150', os.name: 'Windows 10', os.arch: 'amd64', os.version: '10.0', java.version: '1.8.0_101'
Driver info: driver.version: unknown
2016-01-10 22:46:31   INFO [ZaycevHomePage] : Driver shuted down
2016-01-10 22:52:24   INFO [ZaycevHomePage] : Home page opened
2016-01-10 22:52:24   INFO [ZaycevHomePage] : Button Login clicked
2016-01-10 22:52:25   INFO [ZaycevHomePage] : Email entered
2016-01-10 22:52:25   INFO [ZaycevHomePage] : Password entered
2016-01-10 22:52:25   INFO [ZaycevHomePage] : Entry button Enter clicked
2016-01-10 22:52:25   INFO [ZaycevHomePage] : Poisk link clicked
2016-01-10 22:52:28   INFO [ZaycevSearchingPage] : Iskat Button pressed
2016-01-10 22:52:28  ERROR [ZaycevSearchingPage] : Error with Download First Button java.lang.NullPointerException
2016-01-10 22:52:44  ERROR [AcdcPage] : Unable to reach download button org.openqa.selenium.NoSuchElementException: Timed out after 5 seconds. Unable to locate the element
For documentation on this error, please visit: http://seleniumhq.org/exceptions/no_such_element.html
Build info: version: 'unknown', revision: 'c7b525d', time: '2016-09-01 14:57:44 -0700'
System info: host: 'DESKTOP-8J5QEN7', ip: '192.168.1.150', os.name: 'Windows 10', os.arch: 'amd64', os.version: '10.0', java.version: '1.8.0_101'
Driver info: driver.version: unknown
2016-01-10 22:52:46  ERROR [ZaycevHomePage] : Some trouble with shuting browser org.openqa.selenium.remote.UnreachableBrowserException: Error communicating with the remote browser. It may have died.
Build info: version: 'unknown', revision: 'c7b525d', time: '2016-09-01 14:57:44 -0700'
System info: host: 'DESKTOP-8J5QEN7', ip: '192.168.1.150', os.name: 'Windows 10', os.arch: 'amd64', os.version: '10.0', java.version: '1.8.0_101'
Driver info: driver.version: RemoteWebDriver
Capabilities [{rotatable=false, raisesAccessibilityExceptions=false, appBuildId=20160922113459, version=, platform=XP, proxy={}, command_id=1, specificationLevel=0, acceptSslCerts=false, processId=4480, browserVersion=49.0.1, platformVersion=10.0, XULappId={ec8030f7-c20a-464f-9b0e-13a3a9e97384}, browserName=firefox, takesScreenshot=true, takesElementScreenshot=true, platformName=windows_nt, device=desktop}]
Session ID: 171f1525-2d97-47d5-95dd-87ac9ff1e6f1
2016-01-10 22:58:06   INFO [ZaycevHomePage] : Home page opened
2016-01-10 22:58:06   INFO [ZaycevHomePage] : Button Login clicked
2016-01-10 22:58:06   INFO [ZaycevHomePage] : Email entered
2016-01-10 22:58:06   INFO [ZaycevHomePage] : Password entered
2016-01-10 22:58:09   INFO [ZaycevHomePage] : Entry button Enter clicked
2016-01-10 22:58:11   INFO [ZaycevHomePage] : Poisk link clicked
2016-01-10 22:58:14   INFO [ZaycevSearchingPage] : Iskat Button pressed
2016-01-10 22:58:14  ERROR [ZaycevSearchingPage] : Error with Download First Button java.lang.NullPointerException
2016-01-10 22:58:30  ERROR [AcdcPage] : Unable to reach download button org.openqa.selenium.NoSuchElementException: Timed out after 5 seconds. Unable to locate the element
For documentation on this error, please visit: http://seleniumhq.org/exceptions/no_such_element.html
Build info: version: 'unknown', revision: 'c7b525d', time: '2016-09-01 14:57:44 -0700'
System info: host: 'DESKTOP-8J5QEN7', ip: '192.168.1.150', os.name: 'Windows 10', os.arch: 'amd64', os.version: '10.0', java.version: '1.8.0_101'
Driver info: driver.version: unknown
2016-01-10 22:58:31   INFO [ZaycevHomePage] : Driver shuted down
2016-01-10 23:02:53   INFO [ZaycevHomePage] : Home page opened
2016-01-10 23:02:53   INFO [ZaycevHomePage] : Button Login clicked
2016-01-10 23:02:53   INFO [ZaycevHomePage] : Email entered
2016-01-10 23:02:53   INFO [ZaycevHomePage] : Password entered
2016-01-10 23:02:55   INFO [ZaycevHomePage] : Entry button Enter clicked
2016-01-10 23:02:57   INFO [ZaycevHomePage] : Poisk link clicked
2016-01-10 23:03:00   INFO [ZaycevSearchingPage] : Iskat Button pressed
2016-01-10 23:03:01   INFO [ZaycevSearchingPage] : First Song highlighted
2016-01-10 23:03:01  ERROR [ZaycevSearchingPage] : Error with Download First Button java.lang.NullPointerException
2016-01-10 23:03:17  ERROR [AcdcPage] : Unable to reach download button org.openqa.selenium.NoSuchElementException: Timed out after 5 seconds. Unable to locate the element
For documentation on this error, please visit: http://seleniumhq.org/exceptions/no_such_element.html
Build info: version: 'unknown', revision: 'c7b525d', time: '2016-09-01 14:57:44 -0700'
System info: host: 'DESKTOP-8J5QEN7', ip: '192.168.1.150', os.name: 'Windows 10', os.arch: 'amd64', os.version: '10.0', java.version: '1.8.0_101'
Driver info: driver.version: unknown
2016-01-10 23:03:19   INFO [ZaycevHomePage] : Driver shuted down
2016-01-10 23:03:55   INFO [ZaycevHomePage] : Home page opened
2016-01-10 23:03:55   INFO [ZaycevHomePage] : Button Login clicked
2016-01-10 23:03:55   INFO [ZaycevHomePage] : Email entered
2016-01-10 23:03:55   INFO [ZaycevHomePage] : Password entered
2016-01-10 23:03:57   INFO [ZaycevHomePage] : Entry button Enter clicked
2016-01-10 23:04:00   INFO [ZaycevHomePage] : Poisk link clicked
2016-01-10 23:04:02   INFO [ZaycevSearchingPage] : Iskat Button pressed
2016-01-10 23:04:02   INFO [ZaycevSearchingPage] : First Song highlighted
2016-01-10 23:04:02  ERROR [ZaycevSearchingPage] : Error with Download First Button java.lang.NullPointerException
2016-01-10 23:04:13  ERROR [AcdcPage] : Unable to reach download button java.lang.NullPointerException
2016-01-10 23:04:36   INFO [ZaycevHomePage] : Home page opened
2016-01-10 23:04:36   INFO [ZaycevHomePage] : Button Login clicked
2016-01-10 23:04:37   INFO [ZaycevHomePage] : Email entered
2016-01-10 23:04:37   INFO [ZaycevHomePage] : Password entered
2016-01-10 23:04:37   INFO [ZaycevHomePage] : Entry button Enter clicked
2016-01-10 23:04:41   INFO [ZaycevHomePage] : Poisk link clicked
2016-01-10 23:04:44   INFO [ZaycevSearchingPage] : Iskat Button pressed
2016-01-10 23:04:45   INFO [ZaycevSearchingPage] : First Song highlighted
2016-01-10 23:04:45   INFO [ZaycevSearchingPage] : DownLoad first Song button clicked
2016-01-10 23:14:47   INFO [ZaycevHomePage] : Home page opened
2016-01-10 23:14:47   INFO [ZaycevHomePage] : Button Login clicked
2016-01-10 23:14:48   INFO [ZaycevHomePage] : Email entered
2016-01-10 23:14:48   INFO [ZaycevHomePage] : Password entered
2016-01-10 23:14:49   INFO [ZaycevHomePage] : Entry button Enter clicked
2016-01-10 23:14:52   INFO [ZaycevHomePage] : Poisk link clicked
2016-01-10 23:14:54   INFO [ZaycevSearchingPage] : Iskat Button pressed
2016-01-10 23:14:54   INFO [ZaycevSearchingPage] : First Song highlighted
2016-01-10 23:14:55   INFO [ZaycevSearchingPage] : DownLoad first Song button clicked
2016-01-10 23:15:13  ERROR [AcdcPage] : Unable to reach download button org.openqa.selenium.NoSuchElementException: Timed out after 5 seconds. Unable to locate the element
For documentation on this error, please visit: http://seleniumhq.org/exceptions/no_such_element.html
Build info: version: 'unknown', revision: 'c7b525d', time: '2016-09-01 14:57:44 -0700'
System info: host: 'DESKTOP-8J5QEN7', ip: '192.168.1.150', os.name: 'Windows 10', os.arch: 'amd64', os.version: '10.0', java.version: '1.8.0_101'
Driver info: driver.version: unknown
2016-01-10 23:15:14   INFO [ZaycevHomePage] : Driver shuted down
2016-01-10 23:17:09   INFO [ZaycevHomePage] : Home page opened
2016-01-10 23:17:09   INFO [ZaycevHomePage] : Button Login clicked
2016-01-10 23:17:09   INFO [ZaycevHomePage] : Email entered
2016-01-10 23:17:09   INFO [ZaycevHomePage] : Password entered
2016-01-10 23:17:11   INFO [ZaycevHomePage] : Entry button Enter clicked
2016-01-10 23:17:12   INFO [ZaycevHomePage] : Poisk link clicked
2016-01-10 23:17:16   INFO [ZaycevSearchingPage] : Iskat Button pressed
2016-01-10 23:17:16   INFO [ZaycevSearchingPage] : First Song highlighted
2016-01-10 23:17:16   INFO [ZaycevSearchingPage] : DownLoad first Song button clicked
2016-01-10 23:17:34  ERROR [AcdcPage] : Unable to reach download button org.openqa.selenium.NoSuchElementException: Timed out after 5 seconds. Unable to locate the element
For documentation on this error, please visit: http://seleniumhq.org/exceptions/no_such_element.html
Build info: version: 'unknown', revision: 'c7b525d', time: '2016-09-01 14:57:44 -0700'
System info: host: 'DESKTOP-8J5QEN7', ip: '192.168.1.150', os.name: 'Windows 10', os.arch: 'amd64', os.version: '10.0', java.version: '1.8.0_101'
Driver info: driver.version: unknown
2016-01-10 23:17:35   INFO [ZaycevHomePage] : Driver shuted down
2016-01-10 23:21:32   INFO [ZaycevHomePage] : Home page opened
2016-01-10 23:21:32   INFO [ZaycevHomePage] : Button Login clicked
2016-01-10 23:21:33   INFO [ZaycevHomePage] : Email entered
2016-01-10 23:21:33   INFO [ZaycevHomePage] : Password entered
2016-01-10 23:21:34   INFO [ZaycevHomePage] : Entry button Enter clicked
2016-01-10 23:21:36   INFO [ZaycevHomePage] : Poisk link clicked
2016-01-10 23:21:39   INFO [ZaycevSearchingPage] : Iskat Button pressed
2016-01-10 23:21:39   INFO [ZaycevSearchingPage] : First Song highlighted
2016-01-10 23:21:39   INFO [ZaycevSearchingPage] : DownLoad first Song button clicked
2016-01-10 23:21:58   INFO [ZaycevHomePage] : Driver shuted down
2016-01-10 23:25:59   INFO [ZaycevHomePage] : Home page opened
2016-01-10 23:25:59   INFO [ZaycevHomePage] : Button Login clicked
2016-01-10 23:26:00   INFO [ZaycevHomePage] : Email entered
2016-01-10 23:26:00   INFO [ZaycevHomePage] : Password entered
2016-01-10 23:26:00   INFO [ZaycevHomePage] : Entry button Enter clicked
2016-01-10 23:26:00   INFO [ZaycevHomePage] : Poisk link clicked
2016-01-10 23:26:02   INFO [ZaycevSearchingPage] : Iskat Button pressed
2016-01-10 23:26:03   INFO [ZaycevSearchingPage] : First Song highlighted
2016-01-10 23:26:04   INFO [ZaycevSearchingPage] : DownLoad first Song button clicked
2016-01-10 23:26:04  ERROR [ZaycevSearchingPage] : Error with Download First Button java.util.NoSuchElementException
2016-01-10 23:26:52   INFO [ZaycevHomePage] : Home page opened
2016-01-10 23:26:52   INFO [ZaycevHomePage] : Button Login clicked
2016-01-10 23:26:52   INFO [ZaycevHomePage] : Email entered
2016-01-10 23:26:53   INFO [ZaycevHomePage] : Password entered
2016-01-10 23:26:54   INFO [ZaycevHomePage] : Entry button Enter clicked
2016-01-10 23:26:56   INFO [ZaycevHomePage] : Poisk link clicked
2016-01-10 23:26:58   INFO [ZaycevSearchingPage] : Iskat Button pressed
2016-01-10 23:26:59   INFO [ZaycevSearchingPage] : Play First Song Button pressed
2016-01-10 23:26:59   INFO [ZaycevSearchingPage] : First song is playinnig progress bar displayed
2016-01-10 23:27:00   INFO [ZaycevHomePage] : Driver shuted down
2016-01-10 23:27:25   INFO [ZaycevHomePage] : Home page opened
2016-01-10 23:27:25   INFO [ZaycevHomePage] : Button Login clicked
2016-01-10 23:27:25   INFO [ZaycevHomePage] : Email entered
2016-01-10 23:27:25   INFO [ZaycevHomePage] : Password entered
2016-01-10 23:27:26   INFO [ZaycevHomePage] : Entry button Enter clicked
2016-01-10 23:27:26   INFO [ZaycevHomePage] : Passed Text from Bad credentionals message
2016-01-10 23:27:26   INFO [ZaycevBadCredentialsPage] : Message about bad credentionals is displayed
2016-01-10 23:27:26   INFO [ZaycevBadCredentialsPage] : Got message about bad credentionals
2016-01-10 23:27:27   INFO [ZaycevHomePage] : Driver shuted down
2016-01-10 23:27:37   INFO [ZaycevHomePage] : Home page opened
2016-01-10 23:27:37   INFO [ZaycevHomePage] : Button Login clicked
2016-01-10 23:27:38   INFO [ZaycevHomePage] : Email entered
2016-01-10 23:27:38   INFO [ZaycevHomePage] : Password entered
2016-01-10 23:27:40   INFO [ZaycevHomePage] : Entry button Enter clicked
2016-01-10 23:27:41   INFO [ZaycevHomePage] : Poisk link clicked
2016-01-10 23:27:43   INFO [ZaycevSearchingPage] : Iskat Button pressed
2016-01-10 23:27:43   INFO [ZaycevSearchingPage] : pervaja Pesna will be vzata
2016-01-10 23:27:45   INFO [ZaycevHomePage] : Driver shuted down
2016-01-10 23:27:55   INFO [ZaycevHomePage] : Home page opened
2016-01-10 23:27:55   INFO [ZaycevHomePage] : Button Login clicked
2016-01-10 23:27:55   INFO [ZaycevHomePage] : Email entered
2016-01-10 23:27:55   INFO [ZaycevHomePage] : Password entered
2016-01-10 23:27:57   INFO [ZaycevHomePage] : Entry button Enter clicked
2016-01-10 23:27:57   INFO [ZaycevHomePage] : Got text from UserNam
2016-01-10 23:27:58   INFO [ZaycevHomePage] : Driver shuted down
2016-01-10 23:29:49   INFO [ZaycevHomePage] : Home page opened
2016-01-10 23:29:49   INFO [ZaycevHomePage] : Button Login clicked
2016-01-10 23:29:49   INFO [ZaycevHomePage] : Email entered
2016-01-10 23:29:49   INFO [ZaycevHomePage] : Password entered
2016-01-10 23:29:49   INFO [ZaycevHomePage] : Entry button Enter clicked
2016-01-10 23:29:53   INFO [ZaycevHomePage] : Poisk link clicked
2016-01-10 23:29:55   INFO [ZaycevSearchingPage] : Iskat Button pressed
2016-01-10 23:29:56   INFO [ZaycevSearchingPage] : First Song highlighted
2016-01-10 23:29:56   INFO [ZaycevSearchingPage] : DownLoad first Song button clicked
2016-01-10 23:30:34   INFO [ZaycevHomePage] : Home page opened
2016-01-10 23:30:34   INFO [ZaycevHomePage] : Button Login clicked
2016-01-10 23:30:34   INFO [ZaycevHomePage] : Email entered
2016-01-10 23:30:34   INFO [ZaycevHomePage] : Password entered
2016-01-10 23:30:36   INFO [ZaycevHomePage] : Entry button Enter clicked
2016-01-10 23:30:38   INFO [ZaycevHomePage] : Poisk link clicked
2016-01-10 23:30:41   INFO [ZaycevSearchingPage] : Iskat Button pressed
2016-01-10 23:31:13   INFO [ZaycevSearchingPage] : First Song highlighted
2016-01-10 23:31:55   INFO [ZaycevSearchingPage] : DownLoad first Song button clicked
2016-02-10 00:27:09   INFO [ZaycevMaven.ZaycevMavenProject.ZaycevHomePage] : Home page opened
2016-02-10 00:27:09   INFO [ZaycevMaven.ZaycevMavenProject.ZaycevHomePage] : Button Login clicked
2016-02-10 00:27:09   INFO [ZaycevMaven.ZaycevMavenProject.ZaycevHomePage] : Email entered
2016-02-10 00:27:09   INFO [ZaycevMaven.ZaycevMavenProject.ZaycevHomePage] : Password entered
2016-02-10 00:27:11   INFO [ZaycevMaven.ZaycevMavenProject.ZaycevHomePage] : Entry button Enter clicked
2016-02-10 00:27:11   INFO [ZaycevMaven.ZaycevMavenProject.ZaycevHomePage] : Poisk link clicked
2016-02-10 00:27:32   INFO [ZaycevMaven.ZaycevMavenProject.ZaycevHomePage] : Home page opened
2016-02-10 00:27:32   INFO [ZaycevMaven.ZaycevMavenProject.ZaycevHomePage] : Button Login clicked
2016-02-10 00:27:32   INFO [ZaycevMaven.ZaycevMavenProject.ZaycevHomePage] : Email entered
2016-02-10 00:27:32   INFO [ZaycevMaven.ZaycevMavenProject.ZaycevHomePage] : Password entered
2016-02-10 00:27:34   INFO [ZaycevMaven.ZaycevMavenProject.ZaycevHomePage] : Entry button Enter clicked
2016-02-10 00:27:36   INFO [ZaycevMaven.ZaycevMavenProject.ZaycevHomePage] : Poisk link clicked
2016-02-10 00:27:38   INFO [ZaycevMaven.ZaycevMavenProject.ZaycevSearchingPage] : Iskat Button pressed
2016-02-10 00:27:38  ERROR [ZaycevMaven.ZaycevMavenProject.ZaycevSearchingPage] : Error with Download First Button java.lang.NullPointerException
2016-02-10 00:28:22   INFO [ZaycevMaven.ZaycevMavenProject.ZaycevHomePage] : Home page opened
2016-02-10 00:28:22   INFO [ZaycevMaven.ZaycevMavenProject.ZaycevHomePage] : Button Login clicked
2016-02-10 00:28:22   INFO [ZaycevMaven.ZaycevMavenProject.ZaycevHomePage] : Email entered
2016-02-10 00:28:22   INFO [ZaycevMaven.ZaycevMavenProject.ZaycevHomePage] : Password entered
2016-02-10 00:28:24   INFO [ZaycevMaven.ZaycevMavenProject.ZaycevHomePage] : Entry button Enter clicked
2016-02-10 00:28:25   INFO [ZaycevMaven.ZaycevMavenProject.ZaycevHomePage] : Poisk link clicked
2016-02-10 00:28:28   INFO [ZaycevMaven.ZaycevMavenProject.ZaycevSearchingPage] : Iskat Button pressed
2016-02-10 00:28:28   INFO [ZaycevMaven.ZaycevMavenProject.ZaycevSearchingPage] : First Song highlighted
2016-02-10 00:28:28  ERROR [ZaycevMaven.ZaycevMavenProject.ZaycevSearchingPage] : Error with Download First Button java.lang.NullPointerException
2016-02-10 00:28:45   INFO [ZaycevMaven.ZaycevMavenProject.ZaycevHomePage] : Driver shuted down
2016-02-10 00:30:04   INFO [ZaycevMaven.ZaycevMavenProject.ZaycevHomePage] : Home page opened
2016-02-10 00:30:04   INFO [ZaycevMaven.ZaycevMavenProject.ZaycevHomePage] : Button Login clicked
2016-02-10 00:30:04   INFO [ZaycevMaven.ZaycevMavenProject.ZaycevHomePage] : Email entered
2016-02-10 00:30:04   INFO [ZaycevMaven.ZaycevMavenProject.ZaycevHomePage] : Password entered
2016-02-10 00:30:06   INFO [ZaycevMaven.ZaycevMavenProject.ZaycevHomePage] : Entry button Enter clicked
2016-02-10 00:30:08   INFO [ZaycevMaven.ZaycevMavenProject.ZaycevHomePage] : Poisk link clicked
2016-02-10 00:30:10   INFO [ZaycevMaven.ZaycevMavenProject.ZaycevSearchingPage] : Iskat Button pressed
2016-02-10 00:30:10   INFO [ZaycevMaven.ZaycevMavenProject.ZaycevSearchingPage] : First Song highlighted
2016-02-10 00:30:10   INFO [ZaycevMaven.ZaycevMavenProject.ZaycevSearchingPage] : DownLoad first Song button clicked
2016-02-10 00:30:44  ERROR [ZaycevMaven.ZaycevMavenProject.ZaycevHomePage] : Couldn't open home pageorg.openqa.selenium.TimeoutException: Expected condition failed: waiting for title to contain ".!". Current title: "" (tried for 20 second(s) with 500 MILLISECONDS interval)
Build info: version: 'unknown', revision: 'c7b525d', time: '2016-09-01 14:57:44 -0700'
System info: host: 'DESKTOP-8J5QEN7', ip: '192.168.1.150', os.name: 'Windows 10', os.arch: 'amd64', os.version: '10.0', java.version: '1.8.0_101'
Driver info: org.openqa.selenium.chrome.ChromeDriver
Capabilities [{applicationCacheEnabled=false, rotatable=false, mobileEmulationEnabled=false, networkConnectionEnabled=false, chrome={chromedriverVersion=2.24.417431 (9aea000394714d2fbb20850021f6204f2256b9cf), userDataDir=C:\Users\Bond\AppData\Local\Temp\scoped_dir10964_9612}, takesHeapSnapshot=true, pageLoadStrategy=normal, databaseEnabled=false, handlesAlerts=true, hasTouchScreen=false, version=53.0.2785.116, platform=XP, browserConnectionEnabled=false, nativeEvents=true, acceptSslCerts=true, locationContextEnabled=true, webStorageEnabled=true, browserName=chrome, takesScreenshot=true, javascriptEnabled=true, cssSelectorsEnabled=true}]
Session ID: 7084b31ec403a51e5a0a83c15bc79b1e
2016-02-10 00:30:44  ERROR [ZaycevMaven.ZaycevMavenProject.ZaycevHomePage] : Some trouble with Button Login org.openqa.selenium.NoSuchWindowException: no such window: target window already closed
from unknown error: web view not found
  (Session info: chrome=53.0.2785.116)
  (Driver info: chromedriver=2.24.417431 (9aea000394714d2fbb20850021f6204f2256b9cf),platform=Windows NT 10.0.14393 x86_64) (WARNING: The server did not provide any stacktrace information)
Command duration or timeout: 5 milliseconds
Build info: version: 'unknown', revision: 'c7b525d', time: '2016-09-01 14:57:44 -0700'
System info: host: 'DESKTOP-8J5QEN7', ip: '192.168.1.150', os.name: 'Windows 10', os.arch: 'amd64', os.version: '10.0', java.version: '1.8.0_101'
Driver info: org.openqa.selenium.chrome.ChromeDriver
Capabilities [{applicationCacheEnabled=false, rotatable=false, mobileEmulationEnabled=false, networkConnectionEnabled=false, chrome={chromedriverVersion=2.24.417431 (9aea000394714d2fbb20850021f6204f2256b9cf), userDataDir=C:\Users\Bond\AppData\Local\Temp\scoped_dir10964_9612}, takesHeapSnapshot=true, pageLoadStrategy=normal, databaseEnabled=false, handlesAlerts=true, hasTouchScreen=false, version=53.0.2785.116, platform=XP, browserConnectionEnabled=false, nativeEvents=true, acceptSslCerts=true, locationContextEnabled=true, webStorageEnabled=true, browserName=chrome, takesScreenshot=true, javascriptEnabled=true, cssSelectorsEnabled=true}]
Session ID: 7084b31ec403a51e5a0a83c15bc79b1e
*** Element info: {Using=xpath, value=//div[@id='page-head']}
2016-02-10 00:30:44  ERROR [ZaycevMaven.ZaycevMavenProject.ZaycevHomePage] : Some trouble with Email org.openqa.selenium.NoSuchWindowException: no such window: target window already closed
from unknown error: web view not found
  (Session info: chrome=53.0.2785.116)
  (Driver info: chromedriver=2.24.417431 (9aea000394714d2fbb20850021f6204f2256b9cf),platform=Windows NT 10.0.14393 x86_64) (WARNING: The server did not provide any stacktrace information)
Command duration or timeout: 5 milliseconds
Build info: version: 'unknown', revision: 'c7b525d', time: '2016-09-01 14:57:44 -0700'
System info: host: 'DESKTOP-8J5QEN7', ip: '192.168.1.150', os.name: 'Windows 10', os.arch: 'amd64', os.version: '10.0', java.version: '1.8.0_101'
Driver info: org.openqa.selenium.chrome.ChromeDriver
Capabilities [{applicationCacheEnabled=false, rotatable=false, mobileEmulationEnabled=false, networkConnectionEnabled=false, chrome={chromedriverVersion=2.24.417431 (9aea000394714d2fbb20850021f6204f2256b9cf), userDataDir=C:\Users\Bond\AppData\Local\Temp\scoped_dir10964_9612}, takesHeapSnapshot=true, pageLoadStrategy=normal, databaseEnabled=false, handlesAlerts=true, hasTouchScreen=false, version=53.0.2785.116, platform=XP, browserConnectionEnabled=false, nativeEvents=true, acceptSslCerts=true, locationContextEnabled=true, webStorageEnabled=true, browserName=chrome, takesScreenshot=true, javascriptEnabled=true, cssSelectorsEnabled=true}]
Session ID: 7084b31ec403a51e5a0a83c15bc79b1e
*** Element info: {Using=xpath, value=//div[@id='page-head']}
2016-02-10 00:30:44  ERROR [ZaycevMaven.ZaycevMavenProject.ZaycevHomePage] : Some trouble with Password org.openqa.selenium.NoSuchWindowException: no such window: target window already closed
from unknown error: web view not found
  (Session info: chrome=53.0.2785.116)
  (Driver info: chromedriver=2.24.417431 (9aea000394714d2fbb20850021f6204f2256b9cf),platform=Windows NT 10.0.14393 x86_64) (WARNING: The server did not provide any stacktrace information)
Command duration or timeout: 5 milliseconds
Build info: version: 'unknown', revision: 'c7b525d', time: '2016-09-01 14:57:44 -0700'
System info: host: 'DESKTOP-8J5QEN7', ip: '192.168.1.150', os.name: 'Windows 10', os.arch: 'amd64', os.version: '10.0', java.version: '1.8.0_101'
Driver info: org.openqa.selenium.chrome.ChromeDriver
Capabilities [{applicationCacheEnabled=false, rotatable=false, mobileEmulationEnabled=false, networkConnectionEnabled=false, chrome={chromedriverVersion=2.24.417431 (9aea000394714d2fbb20850021f6204f2256b9cf), userDataDir=C:\Users\Bond\AppData\Local\Temp\scoped_dir10964_9612}, takesHeapSnapshot=true, pageLoadStrategy=normal, databaseEnabled=false, handlesAlerts=true, hasTouchScreen=false, version=53.0.2785.116, platform=XP, browserConnectionEnabled=false, nativeEvents=true, acceptSslCerts=true, locationContextEnabled=true, webStorageEnabled=true, browserName=chrome, takesScreenshot=true, javascriptEnabled=true, cssSelectorsEnabled=true}]
Session ID: 7084b31ec403a51e5a0a83c15bc79b1e
*** Element info: {Using=xpath, value=//div[@id='page-head']}
2016-02-10 00:30:44  ERROR [ZaycevMaven.ZaycevMavenProject.ZaycevHomePage] : Some trouble with Button Entry button org.openqa.selenium.NoSuchWindowException: no such window: target window already closed
from unknown error: web view not found
  (Session info: chrome=53.0.2785.116)
  (Driver info: chromedriver=2.24.417431 (9aea000394714d2fbb20850021f6204f2256b9cf),platform=Windows NT 10.0.14393 x86_64) (WARNING: The server did not provide any stacktrace information)
Command duration or timeout: 6 milliseconds
Build info: version: 'unknown', revision: 'c7b525d', time: '2016-09-01 14:57:44 -0700'
System info: host: 'DESKTOP-8J5QEN7', ip: '192.168.1.150', os.name: 'Windows 10', os.arch: 'amd64', os.version: '10.0', java.version: '1.8.0_101'
Driver info: org.openqa.selenium.chrome.ChromeDriver
Capabilities [{applicationCacheEnabled=false, rotatable=false, mobileEmulationEnabled=false, networkConnectionEnabled=false, chrome={chromedriverVersion=2.24.417431 (9aea000394714d2fbb20850021f6204f2256b9cf), userDataDir=C:\Users\Bond\AppData\Local\Temp\scoped_dir10964_9612}, takesHeapSnapshot=true, pageLoadStrategy=normal, databaseEnabled=false, handlesAlerts=true, hasTouchScreen=false, version=53.0.2785.116, platform=XP, browserConnectionEnabled=false, nativeEvents=true, acceptSslCerts=true, locationContextEnabled=true, webStorageEnabled=true, browserName=chrome, takesScreenshot=true, javascriptEnabled=true, cssSelectorsEnabled=true}]
Session ID: 7084b31ec403a51e5a0a83c15bc79b1e
*** Element info: {Using=xpath, value=//div[@id='page-head']}
2016-02-10 00:30:44  ERROR [ZaycevMaven.ZaycevMavenProject.ZaycevHomePage] : Some trouble with pPoisk link org.openqa.selenium.NoSuchWindowException: no such window: target window already closed
from unknown error: web view not found
  (Session info: chrome=53.0.2785.116)
  (Driver info: chromedriver=2.24.417431 (9aea000394714d2fbb20850021f6204f2256b9cf),platform=Windows NT 10.0.14393 x86_64) (WARNING: The server did not provide any stacktrace information)
Command duration or timeout: 6 milliseconds
Build info: version: 'unknown', revision: 'c7b525d', time: '2016-09-01 14:57:44 -0700'
System info: host: 'DESKTOP-8J5QEN7', ip: '192.168.1.150', os.name: 'Windows 10', os.arch: 'amd64', os.version: '10.0', java.version: '1.8.0_101'
Driver info: org.openqa.selenium.chrome.ChromeDriver
Capabilities [{applicationCacheEnabled=false, rotatable=false, mobileEmulationEnabled=false, networkConnectionEnabled=false, chrome={chromedriverVersion=2.24.417431 (9aea000394714d2fbb20850021f6204f2256b9cf), userDataDir=C:\Users\Bond\AppData\Local\Temp\scoped_dir10964_9612}, takesHeapSnapshot=true, pageLoadStrategy=normal, databaseEnabled=false, handlesAlerts=true, hasTouchScreen=false, version=53.0.2785.116, platform=XP, browserConnectionEnabled=false, nativeEvents=true, acceptSslCerts=true, locationContextEnabled=true, webStorageEnabled=true, browserName=chrome, takesScreenshot=true, javascriptEnabled=true, cssSelectorsEnabled=true}]
Session ID: 7084b31ec403a51e5a0a83c15bc79b1e
*** Element info: {Using=xpath, value=//div[@class='region_name_leftmenutop']}
2016-02-10 00:30:44  ERROR [ZaycevMaven.ZaycevMavenProject.ZaycevSearchingPage] : Song isn't inserted org.openqa.selenium.NoSuchWindowException: no such window: target window already closed
from unknown error: web view not found
  (Session info: chrome=53.0.2785.116)
  (Driver info: chromedriver=2.24.417431 (9aea000394714d2fbb20850021f6204f2256b9cf),platform=Windows NT 10.0.14393 x86_64) (WARNING: The server did not provide any stacktrace information)
Command duration or timeout: 5 milliseconds
Build info: version: 'unknown', revision: 'c7b525d', time: '2016-09-01 14:57:44 -0700'
System info: host: 'DESKTOP-8J5QEN7', ip: '192.168.1.150', os.name: 'Windows 10', os.arch: 'amd64', os.version: '10.0', java.version: '1.8.0_101'
Driver info: org.openqa.selenium.chrome.ChromeDriver
Capabilities [{applicationCacheEnabled=false, rotatable=false, mobileEmulationEnabled=false, networkConnectionEnabled=false, chrome={chromedriverVersion=2.24.417431 (9aea000394714d2fbb20850021f6204f2256b9cf), userDataDir=C:\Users\Bond\AppData\Local\Temp\scoped_dir10964_9612}, takesHeapSnapshot=true, pageLoadStrategy=normal, databaseEnabled=false, handlesAlerts=true, hasTouchScreen=false, version=53.0.2785.116, platform=XP, browserConnectionEnabled=false, nativeEvents=true, acceptSslCerts=true, locationContextEnabled=true, webStorageEnabled=true, browserName=chrome, takesScreenshot=true, javascriptEnabled=true, cssSelectorsEnabled=true}]
Session ID: 7084b31ec403a51e5a0a83c15bc79b1e
*** Element info: {Using=xpath, value=//div[@class='search-page__precise search-precise clearfix']}
2016-02-10 00:30:44  ERROR [ZaycevMaven.ZaycevMavenProject.ZaycevSearchingPage] : Error with Iskat Button org.openqa.selenium.NoSuchWindowException: no such window: target window already closed
from unknown error: web view not found
  (Session info: chrome=53.0.2785.116)
  (Driver info: chromedriver=2.24.417431 (9aea000394714d2fbb20850021f6204f2256b9cf),platform=Windows NT 10.0.14393 x86_64) (WARNING: The server did not provide any stacktrace information)
Command duration or timeout: 16 milliseconds
Build info: version: 'unknown', revision: 'c7b525d', time: '2016-09-01 14:57:44 -0700'
System info: host: 'DESKTOP-8J5QEN7', ip: '192.168.1.150', os.name: 'Windows 10', os.arch: 'amd64', os.version: '10.0', java.version: '1.8.0_101'
Driver info: org.openqa.selenium.chrome.ChromeDriver
Capabilities [{applicationCacheEnabled=false, rotatable=false, mobileEmulationEnabled=false, networkConnectionEnabled=false, chrome={chromedriverVersion=2.24.417431 (9aea000394714d2fbb20850021f6204f2256b9cf), userDataDir=C:\Users\Bond\AppData\Local\Temp\scoped_dir10964_9612}, takesHeapSnapshot=true, pageLoadStrategy=normal, databaseEnabled=false, handlesAlerts=true, hasTouchScreen=false, version=53.0.2785.116, platform=XP, browserConnectionEnabled=false, nativeEvents=true, acceptSslCerts=true, locationContextEnabled=true, webStorageEnabled=true, browserName=chrome, takesScreenshot=true, javascriptEnabled=true, cssSelectorsEnabled=true}]
Session ID: 7084b31ec403a51e5a0a83c15bc79b1e
*** Element info: {Using=xpath, value=//div[@class='search-page__precise search-precise clearfix']}
2016-02-10 00:30:44  ERROR [ZaycevMaven.ZaycevMavenProject.ZaycevSearchingPage] : Error with Download First Button org.openqa.selenium.NoSuchWindowException: no such window: target window already closed
from unknown error: web view not found
  (Session info: chrome=53.0.2785.116)
  (Driver info: chromedriver=2.24.417431 (9aea000394714d2fbb20850021f6204f2256b9cf),platform=Windows NT 10.0.14393 x86_64) (WARNING: The server did not provide any stacktrace information)
Command duration or timeout: 17 milliseconds
Build info: version: 'unknown', revision: 'c7b525d', time: '2016-09-01 14:57:44 -0700'
System info: host: 'DESKTOP-8J5QEN7', ip: '192.168.1.150', os.name: 'Windows 10', os.arch: 'amd64', os.version: '10.0', java.version: '1.8.0_101'
Driver info: org.openqa.selenium.chrome.ChromeDriver
Capabilities [{applicationCacheEnabled=false, rotatable=false, mobileEmulationEnabled=false, networkConnectionEnabled=false, chrome={chromedriverVersion=2.24.417431 (9aea000394714d2fbb20850021f6204f2256b9cf), userDataDir=C:\Users\Bond\AppData\Local\Temp\scoped_dir10964_9612}, takesHeapSnapshot=true, pageLoadStrategy=normal, databaseEnabled=false, handlesAlerts=true, hasTouchScreen=false, version=53.0.2785.116, platform=XP, browserConnectionEnabled=false, nativeEvents=true, acceptSslCerts=true, locationContextEnabled=true, webStorageEnabled=true, browserName=chrome, takesScreenshot=true, javascriptEnabled=true, cssSelectorsEnabled=true}]
Session ID: 7084b31ec403a51e5a0a83c15bc79b1e
*** Element info: {Using=xpath, value=//div[@class='search-page__precise search-precise clearfix']}
2016-02-10 00:30:44  ERROR [ZaycevMaven.ZaycevMavenProject.ZaycevHomePage] : Couldn't open home pageorg.openqa.selenium.NoSuchWindowException: no such window: target window already closed
from unknown error: web view not found
  (Session info: chrome=53.0.2785.116)
  (Driver info: chromedriver=2.24.417431 (9aea000394714d2fbb20850021f6204f2256b9cf),platform=Windows NT 10.0.14393 x86_64) (WARNING: The server did not provide any stacktrace information)
Command duration or timeout: 6 milliseconds
Build info: version: 'unknown', revision: 'c7b525d', time: '2016-09-01 14:57:44 -0700'
System info: host: 'DESKTOP-8J5QEN7', ip: '192.168.1.150', os.name: 'Windows 10', os.arch: 'amd64', os.version: '10.0', java.version: '1.8.0_101'
Driver info: org.openqa.selenium.chrome.ChromeDriver
Capabilities [{applicationCacheEnabled=false, rotatable=false, mobileEmulationEnabled=false, networkConnectionEnabled=false, chrome={chromedriverVersion=2.24.417431 (9aea000394714d2fbb20850021f6204f2256b9cf), userDataDir=C:\Users\Bond\AppData\Local\Temp\scoped_dir10964_9612}, takesHeapSnapshot=true, pageLoadStrategy=normal, databaseEnabled=false, handlesAlerts=true, hasTouchScreen=false, version=53.0.2785.116, platform=XP, browserConnectionEnabled=false, nativeEvents=true, acceptSslCerts=true, locationContextEnabled=true, webStorageEnabled=true, browserName=chrome, takesScreenshot=true, javascriptEnabled=true, cssSelectorsEnabled=true}]
Session ID: 7084b31ec403a51e5a0a83c15bc79b1e
2016-02-10 00:30:44  ERROR [ZaycevMaven.ZaycevMavenProject.ZaycevHomePage] : Some trouble with Button Login org.openqa.selenium.NoSuchWindowException: no such window: target window already closed
from unknown error: web view not found
  (Session info: chrome=53.0.2785.116)
  (Driver info: chromedriver=2.24.417431 (9aea000394714d2fbb20850021f6204f2256b9cf),platform=Windows NT 10.0.14393 x86_64) (WARNING: The server did not provide any stacktrace information)
Command duration or timeout: 5 milliseconds
Build info: version: 'unknown', revision: 'c7b525d', time: '2016-09-01 14:57:44 -0700'
System info: host: 'DESKTOP-8J5QEN7', ip: '192.168.1.150', os.name: 'Windows 10', os.arch: 'amd64', os.version: '10.0', java.version: '1.8.0_101'
Driver info: org.openqa.selenium.chrome.ChromeDriver
Capabilities [{applicationCacheEnabled=false, rotatable=false, mobileEmulationEnabled=false, networkConnectionEnabled=false, chrome={chromedriverVersion=2.24.417431 (9aea000394714d2fbb20850021f6204f2256b9cf), userDataDir=C:\Users\Bond\AppData\Local\Temp\scoped_dir10964_9612}, takesHeapSnapshot=true, pageLoadStrategy=normal, databaseEnabled=false, handlesAlerts=true, hasTouchScreen=false, version=53.0.2785.116, platform=XP, browserConnectionEnabled=false, nativeEvents=true, acceptSslCerts=true, locationContextEnabled=true, webStorageEnabled=true, browserName=chrome, takesScreenshot=true, javascriptEnabled=true, cssSelectorsEnabled=true}]
Session ID: 7084b31ec403a51e5a0a83c15bc79b1e
*** Element info: {Using=xpath, value=//div[@id='page-head']}
2016-02-10 00:30:44  ERROR [ZaycevMaven.ZaycevMavenProject.ZaycevHomePage] : Some trouble with Email org.openqa.selenium.NoSuchWindowException: no such window: target window already closed
from unknown error: web view not found
  (Session info: chrome=53.0.2785.116)
  (Driver info: chromedriver=2.24.417431 (9aea000394714d2fbb20850021f6204f2256b9cf),platform=Windows NT 10.0.14393 x86_64) (WARNING: The server did not provide any stacktrace information)
Command duration or timeout: 5 milliseconds
Build info: version: 'unknown', revision: 'c7b525d', time: '2016-09-01 14:57:44 -0700'
System info: host: 'DESKTOP-8J5QEN7', ip: '192.168.1.150', os.name: 'Windows 10', os.arch: 'amd64', os.version: '10.0', java.version: '1.8.0_101'
Driver info: org.openqa.selenium.chrome.ChromeDriver
Capabilities [{applicationCacheEnabled=false, rotatable=false, mobileEmulationEnabled=false, networkConnectionEnabled=false, chrome={chromedriverVersion=2.24.417431 (9aea000394714d2fbb20850021f6204f2256b9cf), userDataDir=C:\Users\Bond\AppData\Local\Temp\scoped_dir10964_9612}, takesHeapSnapshot=true, pageLoadStrategy=normal, databaseEnabled=false, handlesAlerts=true, hasTouchScreen=false, version=53.0.2785.116, platform=XP, browserConnectionEnabled=false, nativeEvents=true, acceptSslCerts=true, locationContextEnabled=true, webStorageEnabled=true, browserName=chrome, takesScreenshot=true, javascriptEnabled=true, cssSelectorsEnabled=true}]
Session ID: 7084b31ec403a51e5a0a83c15bc79b1e
*** Element info: {Using=xpath, value=//div[@id='page-head']}
2016-02-10 00:30:44  ERROR [ZaycevMaven.ZaycevMavenProject.ZaycevHomePage] : Some trouble with Password org.openqa.selenium.NoSuchWindowException: no such window: target window already closed
from unknown error: web view not found
  (Session info: chrome=53.0.2785.116)
  (Driver info: chromedriver=2.24.417431 (9aea000394714d2fbb20850021f6204f2256b9cf),platform=Windows NT 10.0.14393 x86_64) (WARNING: The server did not provide any stacktrace information)
Command duration or timeout: 5 milliseconds
Build info: version: 'unknown', revision: 'c7b525d', time: '2016-09-01 14:57:44 -0700'
System info: host: 'DESKTOP-8J5QEN7', ip: '192.168.1.150', os.name: 'Windows 10', os.arch: 'amd64', os.version: '10.0', java.version: '1.8.0_101'
Driver info: org.openqa.selenium.chrome.ChromeDriver
Capabilities [{applicationCacheEnabled=false, rotatable=false, mobileEmulationEnabled=false, networkConnectionEnabled=false, chrome={chromedriverVersion=2.24.417431 (9aea000394714d2fbb20850021f6204f2256b9cf), userDataDir=C:\Users\Bond\AppData\Local\Temp\scoped_dir10964_9612}, takesHeapSnapshot=true, pageLoadStrategy=normal, databaseEnabled=false, handlesAlerts=true, hasTouchScreen=false, version=53.0.2785.116, platform=XP, browserConnectionEnabled=false, nativeEvents=true, acceptSslCerts=true, locationContextEnabled=true, webStorageEnabled=true, browserName=chrome, takesScreenshot=true, javascriptEnabled=true, cssSelectorsEnabled=true}]
Session ID: 7084b31ec403a51e5a0a83c15bc79b1e
*** Element info: {Using=xpath, value=//div[@id='page-head']}
2016-02-10 00:30:44  ERROR [ZaycevMaven.ZaycevMavenProject.ZaycevHomePage] : Some trouble with Button Entry button org.openqa.selenium.NoSuchWindowException: no such window: target window already closed
from unknown error: web view not found
  (Session info: chrome=53.0.2785.116)
  (Driver info: chromedriver=2.24.417431 (9aea000394714d2fbb20850021f6204f2256b9cf),platform=Windows NT 10.0.14393 x86_64) (WARNING: The server did not provide any stacktrace information)
Command duration or timeout: 4 milliseconds
Build info: version: 'unknown', revision: 'c7b525d', time: '2016-09-01 14:57:44 -0700'
System info: host: 'DESKTOP-8J5QEN7', ip: '192.168.1.150', os.name: 'Windows 10', os.arch: 'amd64', os.version: '10.0', java.version: '1.8.0_101'
Driver info: org.openqa.selenium.chrome.ChromeDriver
Capabilities [{applicationCacheEnabled=false, rotatable=false, mobileEmulationEnabled=false, networkConnectionEnabled=false, chrome={chromedriverVersion=2.24.417431 (9aea000394714d2fbb20850021f6204f2256b9cf), userDataDir=C:\Users\Bond\AppData\Local\Temp\scoped_dir10964_9612}, takesHeapSnapshot=true, pageLoadStrategy=normal, databaseEnabled=false, handlesAlerts=true, hasTouchScreen=false, version=53.0.2785.116, platform=XP, browserConnectionEnabled=false, nativeEvents=true, acceptSslCerts=true, locationContextEnabled=true, webStorageEnabled=true, browserName=chrome, takesScreenshot=true, javascriptEnabled=true, cssSelectorsEnabled=true}]
Session ID: 7084b31ec403a51e5a0a83c15bc79b1e
*** Element info: {Using=xpath, value=//div[@id='page-head']}
2016-02-10 00:30:44  ERROR [ZaycevMaven.ZaycevMavenProject.ZaycevHomePage] : Some trouble with pPoisk link org.openqa.selenium.NoSuchWindowException: no such window: target window already closed
from unknown error: web view not found
  (Session info: chrome=53.0.2785.116)
  (Driver info: chromedriver=2.24.417431 (9aea000394714d2fbb20850021f6204f2256b9cf),platform=Windows NT 10.0.14393 x86_64) (WARNING: The server did not provide any stacktrace information)
Command duration or timeout: 4 milliseconds
Build info: version: 'unknown', revision: 'c7b525d', time: '2016-09-01 14:57:44 -0700'
System info: host: 'DESKTOP-8J5QEN7', ip: '192.168.1.150', os.name: 'Windows 10', os.arch: 'amd64', os.version: '10.0', java.version: '1.8.0_101'
Driver info: org.openqa.selenium.chrome.ChromeDriver
Capabilities [{applicationCacheEnabled=false, rotatable=false, mobileEmulationEnabled=false, networkConnectionEnabled=false, chrome={chromedriverVersion=2.24.417431 (9aea000394714d2fbb20850021f6204f2256b9cf), userDataDir=C:\Users\Bond\AppData\Local\Temp\scoped_dir10964_9612}, takesHeapSnapshot=true, pageLoadStrategy=normal, databaseEnabled=false, handlesAlerts=true, hasTouchScreen=false, version=53.0.2785.116, platform=XP, browserConnectionEnabled=false, nativeEvents=true, acceptSslCerts=true, locationContextEnabled=true, webStorageEnabled=true, browserName=chrome, takesScreenshot=true, javascriptEnabled=true, cssSelectorsEnabled=true}]
Session ID: 7084b31ec403a51e5a0a83c15bc79b1e
*** Element info: {Using=xpath, value=//div[@class='region_name_leftmenutop']}
2016-02-10 00:30:44  ERROR [ZaycevMaven.ZaycevMavenProject.ZaycevSearchingPage] : Song isn't inserted org.openqa.selenium.NoSuchWindowException: no such window: target window already closed
from unknown error: web view not found
  (Session info: chrome=53.0.2785.116)
  (Driver info: chromedriver=2.24.417431 (9aea000394714d2fbb20850021f6204f2256b9cf),platform=Windows NT 10.0.14393 x86_64) (WARNING: The server did not provide any stacktrace information)
Command duration or timeout: 5 milliseconds
Build info: version: 'unknown', revision: 'c7b525d', time: '2016-09-01 14:57:44 -0700'
System info: host: 'DESKTOP-8J5QEN7', ip: '192.168.1.150', os.name: 'Windows 10', os.arch: 'amd64', os.version: '10.0', java.version: '1.8.0_101'
Driver info: org.openqa.selenium.chrome.ChromeDriver
Capabilities [{applicationCacheEnabled=false, rotatable=false, mobileEmulationEnabled=false, networkConnectionEnabled=false, chrome={chromedriverVersion=2.24.417431 (9aea000394714d2fbb20850021f6204f2256b9cf), userDataDir=C:\Users\Bond\AppData\Local\Temp\scoped_dir10964_9612}, takesHeapSnapshot=true, pageLoadStrategy=normal, databaseEnabled=false, handlesAlerts=true, hasTouchScreen=false, version=53.0.2785.116, platform=XP, browserConnectionEnabled=false, nativeEvents=true, acceptSslCerts=true, locationContextEnabled=true, webStorageEnabled=true, browserName=chrome, takesScreenshot=true, javascriptEnabled=true, cssSelectorsEnabled=true}]
Session ID: 7084b31ec403a51e5a0a83c15bc79b1e
*** Element info: {Using=xpath, value=//div[@class='search-page__precise search-precise clearfix']}
2016-02-10 00:30:44  ERROR [ZaycevMaven.ZaycevMavenProject.ZaycevSearchingPage] : Error with Iskat Button org.openqa.selenium.NoSuchWindowException: no such window: target window already closed
from unknown error: web view not found
  (Session info: chrome=53.0.2785.116)
  (Driver info: chromedriver=2.24.417431 (9aea000394714d2fbb20850021f6204f2256b9cf),platform=Windows NT 10.0.14393 x86_64) (WARNING: The server did not provide any stacktrace information)
Command duration or timeout: 4 milliseconds
Build info: version: 'unknown', revision: 'c7b525d', time: '2016-09-01 14:57:44 -0700'
System info: host: 'DESKTOP-8J5QEN7', ip: '192.168.1.150', os.name: 'Windows 10', os.arch: 'amd64', os.version: '10.0', java.version: '1.8.0_101'
Driver info: org.openqa.selenium.chrome.ChromeDriver
Capabilities [{applicationCacheEnabled=false, rotatable=false, mobileEmulationEnabled=false, networkConnectionEnabled=false, chrome={chromedriverVersion=2.24.417431 (9aea000394714d2fbb20850021f6204f2256b9cf), userDataDir=C:\Users\Bond\AppData\Local\Temp\scoped_dir10964_9612}, takesHeapSnapshot=true, pageLoadStrategy=normal, databaseEnabled=false, handlesAlerts=true, hasTouchScreen=false, version=53.0.2785.116, platform=XP, browserConnectionEnabled=false, nativeEvents=true, acceptSslCerts=true, locationContextEnabled=true, webStorageEnabled=true, browserName=chrome, takesScreenshot=true, javascriptEnabled=true, cssSelectorsEnabled=true}]
Session ID: 7084b31ec403a51e5a0a83c15bc79b1e
*** Element info: {Using=xpath, value=//div[@class='search-page__precise search-precise clearfix']}
2016-02-10 00:30:44  ERROR [ZaycevMaven.ZaycevMavenProject.ZaycevSearchingPage] : Error with Play First Button org.openqa.selenium.NoSuchWindowException: no such window: target window already closed
from unknown error: web view not found
  (Session info: chrome=53.0.2785.116)
  (Driver info: chromedriver=2.24.417431 (9aea000394714d2fbb20850021f6204f2256b9cf),platform=Windows NT 10.0.14393 x86_64) (WARNING: The server did not provide any stacktrace information)
Command duration or timeout: 5 milliseconds
Build info: version: 'unknown', revision: 'c7b525d', time: '2016-09-01 14:57:44 -0700'
System info: host: 'DESKTOP-8J5QEN7', ip: '192.168.1.150', os.name: 'Windows 10', os.arch: 'amd64', os.version: '10.0', java.version: '1.8.0_101'
Driver info: org.openqa.selenium.chrome.ChromeDriver
Capabilities [{applicationCacheEnabled=false, rotatable=false, mobileEmulationEnabled=false, networkConnectionEnabled=false, chrome={chromedriverVersion=2.24.417431 (9aea000394714d2fbb20850021f6204f2256b9cf), userDataDir=C:\Users\Bond\AppData\Local\Temp\scoped_dir10964_9612}, takesHeapSnapshot=true, pageLoadStrategy=normal, databaseEnabled=false, handlesAlerts=true, hasTouchScreen=false, version=53.0.2785.116, platform=XP, browserConnectionEnabled=false, nativeEvents=true, acceptSslCerts=true, locationContextEnabled=true, webStorageEnabled=true, browserName=chrome, takesScreenshot=true, javascriptEnabled=true, cssSelectorsEnabled=true}]
Session ID: 7084b31ec403a51e5a0a83c15bc79b1e
*** Element info: {Using=xpath, value=//div[@class='search-page__precise search-precise clearfix']}
2016-02-10 00:30:44  ERROR [ZaycevMaven.ZaycevMavenProject.ZaycevSearchingPage] : First song is playinnig progress bar isn't displayedorg.openqa.selenium.NoSuchWindowException: no such window: target window already closed
from unknown error: web view not found
  (Session info: chrome=53.0.2785.116)
  (Driver info: chromedriver=2.24.417431 (9aea000394714d2fbb20850021f6204f2256b9cf),platform=Windows NT 10.0.14393 x86_64) (WARNING: The server did not provide any stacktrace information)
Command duration or timeout: 6 milliseconds
Build info: version: 'unknown', revision: 'c7b525d', time: '2016-09-01 14:57:44 -0700'
System info: host: 'DESKTOP-8J5QEN7', ip: '192.168.1.150', os.name: 'Windows 10', os.arch: 'amd64', os.version: '10.0', java.version: '1.8.0_101'
Driver info: org.openqa.selenium.chrome.ChromeDriver
Capabilities [{applicationCacheEnabled=false, rotatable=false, mobileEmulationEnabled=false, networkConnectionEnabled=false, chrome={chromedriverVersion=2.24.417431 (9aea000394714d2fbb20850021f6204f2256b9cf), userDataDir=C:\Users\Bond\AppData\Local\Temp\scoped_dir10964_9612}, takesHeapSnapshot=true, pageLoadStrategy=normal, databaseEnabled=false, handlesAlerts=true, hasTouchScreen=false, version=53.0.2785.116, platform=XP, browserConnectionEnabled=false, nativeEvents=true, acceptSslCerts=true, locationContextEnabled=true, webStorageEnabled=true, browserName=chrome, takesScreenshot=true, javascriptEnabled=true, cssSelectorsEnabled=true}]
Session ID: 7084b31ec403a51e5a0a83c15bc79b1e
*** Element info: {Using=xpath, value=//div[@class='search-page__precise search-precise clearfix']}
2016-02-10 00:30:44  ERROR [ZaycevMaven.ZaycevMavenProject.ZaycevHomePage] : Couldn't open home pageorg.openqa.selenium.NoSuchWindowException: no such window: target window already closed
from unknown error: web view not found
  (Session info: chrome=53.0.2785.116)
  (Driver info: chromedriver=2.24.417431 (9aea000394714d2fbb20850021f6204f2256b9cf),platform=Windows NT 10.0.14393 x86_64) (WARNING: The server did not provide any stacktrace information)
Command duration or timeout: 7 milliseconds
Build info: version: 'unknown', revision: 'c7b525d', time: '2016-09-01 14:57:44 -0700'
System info: host: 'DESKTOP-8J5QEN7', ip: '192.168.1.150', os.name: 'Windows 10', os.arch: 'amd64', os.version: '10.0', java.version: '1.8.0_101'
Driver info: org.openqa.selenium.chrome.ChromeDriver
Capabilities [{applicationCacheEnabled=false, rotatable=false, mobileEmulationEnabled=false, networkConnectionEnabled=false, chrome={chromedriverVersion=2.24.417431 (9aea000394714d2fbb20850021f6204f2256b9cf), userDataDir=C:\Users\Bond\AppData\Local\Temp\scoped_dir10964_9612}, takesHeapSnapshot=true, pageLoadStrategy=normal, databaseEnabled=false, handlesAlerts=true, hasTouchScreen=false, version=53.0.2785.116, platform=XP, browserConnectionEnabled=false, nativeEvents=true, acceptSslCerts=true, locationContextEnabled=true, webStorageEnabled=true, browserName=chrome, takesScreenshot=true, javascriptEnabled=true, cssSelectorsEnabled=true}]
Session ID: 7084b31ec403a51e5a0a83c15bc79b1e
2016-02-10 00:30:44  ERROR [ZaycevMaven.ZaycevMavenProject.ZaycevHomePage] : Some trouble with Button Login org.openqa.selenium.NoSuchWindowException: no such window: target window already closed
from unknown error: web view not found
  (Session info: chrome=53.0.2785.116)
  (Driver info: chromedriver=2.24.417431 (9aea000394714d2fbb20850021f6204f2256b9cf),platform=Windows NT 10.0.14393 x86_64) (WARNING: The server did not provide any stacktrace information)
Command duration or timeout: 4 milliseconds
Build info: version: 'unknown', revision: 'c7b525d', time: '2016-09-01 14:57:44 -0700'
System info: host: 'DESKTOP-8J5QEN7', ip: '192.168.1.150', os.name: 'Windows 10', os.arch: 'amd64', os.version: '10.0', java.version: '1.8.0_101'
Driver info: org.openqa.selenium.chrome.ChromeDriver
Capabilities [{applicationCacheEnabled=false, rotatable=false, mobileEmulationEnabled=false, networkConnectionEnabled=false, chrome={chromedriverVersion=2.24.417431 (9aea000394714d2fbb20850021f6204f2256b9cf), userDataDir=C:\Users\Bond\AppData\Local\Temp\scoped_dir10964_9612}, takesHeapSnapshot=true, pageLoadStrategy=normal, databaseEnabled=false, handlesAlerts=true, hasTouchScreen=false, version=53.0.2785.116, platform=XP, browserConnectionEnabled=false, nativeEvents=true, acceptSslCerts=true, locationContextEnabled=true, webStorageEnabled=true, browserName=chrome, takesScreenshot=true, javascriptEnabled=true, cssSelectorsEnabled=true}]
Session ID: 7084b31ec403a51e5a0a83c15bc79b1e
*** Element info: {Using=xpath, value=//div[@id='page-head']}
2016-02-10 00:30:44  ERROR [ZaycevMaven.ZaycevMavenProject.ZaycevHomePage] : Some trouble with Email org.openqa.selenium.NoSuchWindowException: no such window: target window already closed
from unknown error: web view not found
  (Session info: chrome=53.0.2785.116)
  (Driver info: chromedriver=2.24.417431 (9aea000394714d2fbb20850021f6204f2256b9cf),platform=Windows NT 10.0.14393 x86_64) (WARNING: The server did not provide any stacktrace information)
Command duration or timeout: 3 milliseconds
Build info: version: 'unknown', revision: 'c7b525d', time: '2016-09-01 14:57:44 -0700'
System info: host: 'DESKTOP-8J5QEN7', ip: '192.168.1.150', os.name: 'Windows 10', os.arch: 'amd64', os.version: '10.0', java.version: '1.8.0_101'
Driver info: org.openqa.selenium.chrome.ChromeDriver
Capabilities [{applicationCacheEnabled=false, rotatable=false, mobileEmulationEnabled=false, networkConnectionEnabled=false, chrome={chromedriverVersion=2.24.417431 (9aea000394714d2fbb20850021f6204f2256b9cf), userDataDir=C:\Users\Bond\AppData\Local\Temp\scoped_dir10964_9612}, takesHeapSnapshot=true, pageLoadStrategy=normal, databaseEnabled=false, handlesAlerts=true, hasTouchScreen=false, version=53.0.2785.116, platform=XP, browserConnectionEnabled=false, nativeEvents=true, acceptSslCerts=true, locationContextEnabled=true, webStorageEnabled=true, browserName=chrome, takesScreenshot=true, javascriptEnabled=true, cssSelectorsEnabled=true}]
Session ID: 7084b31ec403a51e5a0a83c15bc79b1e
*** Element info: {Using=xpath, value=//div[@id='page-head']}
2016-02-10 00:30:44  ERROR [ZaycevMaven.ZaycevMavenProject.ZaycevHomePage] : Some trouble with Password org.openqa.selenium.NoSuchWindowException: no such window: target window already closed
from unknown error: web view not found
  (Session info: chrome=53.0.2785.116)
  (Driver info: chromedriver=2.24.417431 (9aea000394714d2fbb20850021f6204f2256b9cf),platform=Windows NT 10.0.14393 x86_64) (WARNING: The server did not provide any stacktrace information)
Command duration or timeout: 6 milliseconds
Build info: version: 'unknown', revision: 'c7b525d', time: '2016-09-01 14:57:44 -0700'
System info: host: 'DESKTOP-8J5QEN7', ip: '192.168.1.150', os.name: 'Windows 10', os.arch: 'amd64', os.version: '10.0', java.version: '1.8.0_101'
Driver info: org.openqa.selenium.chrome.ChromeDriver
Capabilities [{applicationCacheEnabled=false, rotatable=false, mobileEmulationEnabled=false, networkConnectionEnabled=false, chrome={chromedriverVersion=2.24.417431 (9aea000394714d2fbb20850021f6204f2256b9cf), userDataDir=C:\Users\Bond\AppData\Local\Temp\scoped_dir10964_9612}, takesHeapSnapshot=true, pageLoadStrategy=normal, databaseEnabled=false, handlesAlerts=true, hasTouchScreen=false, version=53.0.2785.116, platform=XP, browserConnectionEnabled=false, nativeEvents=true, acceptSslCerts=true, locationContextEnabled=true, webStorageEnabled=true, browserName=chrome, takesScreenshot=true, javascriptEnabled=true, cssSelectorsEnabled=true}]
Session ID: 7084b31ec403a51e5a0a83c15bc79b1e
*** Element info: {Using=xpath, value=//div[@id='page-head']}
2016-02-10 00:30:44  ERROR [ZaycevMaven.ZaycevMavenProject.ZaycevHomePage] : Some trouble with Button Entry button org.openqa.selenium.NoSuchWindowException: no such window: target window already closed
from unknown error: web view not found
  (Session info: chrome=53.0.2785.116)
  (Driver info: chromedriver=2.24.417431 (9aea000394714d2fbb20850021f6204f2256b9cf),platform=Windows NT 10.0.14393 x86_64) (WARNING: The server did not provide any stacktrace information)
Command duration or timeout: 8 milliseconds
Build info: version: 'unknown', revision: 'c7b525d', time: '2016-09-01 14:57:44 -0700'
System info: host: 'DESKTOP-8J5QEN7', ip: '192.168.1.150', os.name: 'Windows 10', os.arch: 'amd64', os.version: '10.0', java.version: '1.8.0_101'
Driver info: org.openqa.selenium.chrome.ChromeDriver
Capabilities [{applicationCacheEnabled=false, rotatable=false, mobileEmulationEnabled=false, networkConnectionEnabled=false, chrome={chromedriverVersion=2.24.417431 (9aea000394714d2fbb20850021f6204f2256b9cf), userDataDir=C:\Users\Bond\AppData\Local\Temp\scoped_dir10964_9612}, takesHeapSnapshot=true, pageLoadStrategy=normal, databaseEnabled=false, handlesAlerts=true, hasTouchScreen=false, version=53.0.2785.116, platform=XP, browserConnectionEnabled=false, nativeEvents=true, acceptSslCerts=true, locationContextEnabled=true, webStorageEnabled=true, browserName=chrome, takesScreenshot=true, javascriptEnabled=true, cssSelectorsEnabled=true}]
Session ID: 7084b31ec403a51e5a0a83c15bc79b1e
*** Element info: {Using=xpath, value=//div[@id='page-head']}
2016-02-10 00:30:44   INFO [ZaycevMaven.ZaycevMavenProject.ZaycevHomePage] : Passed Text from Bad credentionals message
2016-02-10 00:30:44  ERROR [ZaycevMaven.ZaycevMavenProject.ZaycevBadCredentialsPage] : Some troubles with Bad Credantionals message org.openqa.selenium.NoSuchWindowException: no such window: target window already closed
from unknown error: web view not found
  (Session info: chrome=53.0.2785.116)
  (Driver info: chromedriver=2.24.417431 (9aea000394714d2fbb20850021f6204f2256b9cf),platform=Windows NT 10.0.14393 x86_64) (WARNING: The server did not provide any stacktrace information)
Command duration or timeout: 4 milliseconds
Build info: version: 'unknown', revision: 'c7b525d', time: '2016-09-01 14:57:44 -0700'
System info: host: 'DESKTOP-8J5QEN7', ip: '192.168.1.150', os.name: 'Windows 10', os.arch: 'amd64', os.version: '10.0', java.version: '1.8.0_101'
Driver info: org.openqa.selenium.chrome.ChromeDriver
Capabilities [{applicationCacheEnabled=false, rotatable=false, mobileEmulationEnabled=false, networkConnectionEnabled=false, chrome={chromedriverVersion=2.24.417431 (9aea000394714d2fbb20850021f6204f2256b9cf), userDataDir=C:\Users\Bond\AppData\Local\Temp\scoped_dir10964_9612}, takesHeapSnapshot=true, pageLoadStrategy=normal, databaseEnabled=false, handlesAlerts=true, hasTouchScreen=false, version=53.0.2785.116, platform=XP, browserConnectionEnabled=false, nativeEvents=true, acceptSslCerts=true, locationContextEnabled=true, webStorageEnabled=true, browserName=chrome, takesScreenshot=true, javascriptEnabled=true, cssSelectorsEnabled=true}]
Session ID: 7084b31ec403a51e5a0a83c15bc79b1e
*** Element info: {Using=xpath, value=//div[@class='row row_registration authentication__field authentication_login clearfix login-social-place-page bad']//div[@class='field-error-msg']}
2016-02-10 00:30:44  ERROR [ZaycevMaven.ZaycevMavenProject.ZaycevHomePage] : Couldn't open home pageorg.openqa.selenium.NoSuchWindowException: no such window: target window already closed
from unknown error: web view not found
  (Session info: chrome=53.0.2785.116)
  (Driver info: chromedriver=2.24.417431 (9aea000394714d2fbb20850021f6204f2256b9cf),platform=Windows NT 10.0.14393 x86_64) (WARNING: The server did not provide any stacktrace information)
Command duration or timeout: 9 milliseconds
Build info: version: 'unknown', revision: 'c7b525d', time: '2016-09-01 14:57:44 -0700'
System info: host: 'DESKTOP-8J5QEN7', ip: '192.168.1.150', os.name: 'Windows 10', os.arch: 'amd64', os.version: '10.0', java.version: '1.8.0_101'
Driver info: org.openqa.selenium.chrome.ChromeDriver
Capabilities [{applicationCacheEnabled=false, rotatable=false, mobileEmulationEnabled=false, networkConnectionEnabled=false, chrome={chromedriverVersion=2.24.417431 (9aea000394714d2fbb20850021f6204f2256b9cf), userDataDir=C:\Users\Bond\AppData\Local\Temp\scoped_dir10964_9612}, takesHeapSnapshot=true, pageLoadStrategy=normal, databaseEnabled=false, handlesAlerts=true, hasTouchScreen=false, version=53.0.2785.116, platform=XP, browserConnectionEnabled=false, nativeEvents=true, acceptSslCerts=true, locationContextEnabled=true, webStorageEnabled=true, browserName=chrome, takesScreenshot=true, javascriptEnabled=true, cssSelectorsEnabled=true}]
Session ID: 7084b31ec403a51e5a0a83c15bc79b1e
2016-02-10 00:30:44  ERROR [ZaycevMaven.ZaycevMavenProject.ZaycevHomePage] : Some trouble with Button Login org.openqa.selenium.NoSuchWindowException: no such window: target window already closed
from unknown error: web view not found
  (Session info: chrome=53.0.2785.116)
  (Driver info: chromedriver=2.24.417431 (9aea000394714d2fbb20850021f6204f2256b9cf),platform=Windows NT 10.0.14393 x86_64) (WARNING: The server did not provide any stacktrace information)
Command duration or timeout: 6 milliseconds
Build info: version: 'unknown', revision: 'c7b525d', time: '2016-09-01 14:57:44 -0700'
System info: host: 'DESKTOP-8J5QEN7', ip: '192.168.1.150', os.name: 'Windows 10', os.arch: 'amd64', os.version: '10.0', java.version: '1.8.0_101'
Driver info: org.openqa.selenium.chrome.ChromeDriver
Capabilities [{applicationCacheEnabled=false, rotatable=false, mobileEmulationEnabled=false, networkConnectionEnabled=false, chrome={chromedriverVersion=2.24.417431 (9aea000394714d2fbb20850021f6204f2256b9cf), userDataDir=C:\Users\Bond\AppData\Local\Temp\scoped_dir10964_9612}, takesHeapSnapshot=true, pageLoadStrategy=normal, databaseEnabled=false, handlesAlerts=true, hasTouchScreen=false, version=53.0.2785.116, platform=XP, browserConnectionEnabled=false, nativeEvents=true, acceptSslCerts=true, locationContextEnabled=true, webStorageEnabled=true, browserName=chrome, takesScreenshot=true, javascriptEnabled=true, cssSelectorsEnabled=true}]
Session ID: 7084b31ec403a51e5a0a83c15bc79b1e
*** Element info: {Using=xpath, value=//div[@id='page-head']}
2016-02-10 00:30:44  ERROR [ZaycevMaven.ZaycevMavenProject.ZaycevHomePage] : Some trouble with Email org.openqa.selenium.NoSuchWindowException: no such window: target window already closed
from unknown error: web view not found
  (Session info: chrome=53.0.2785.116)
  (Driver info: chromedriver=2.24.417431 (9aea000394714d2fbb20850021f6204f2256b9cf),platform=Windows NT 10.0.14393 x86_64) (WARNING: The server did not provide any stacktrace information)
Command duration or timeout: 4 milliseconds
Build info: version: 'unknown', revision: 'c7b525d', time: '2016-09-01 14:57:44 -0700'
System info: host: 'DESKTOP-8J5QEN7', ip: '192.168.1.150', os.name: 'Windows 10', os.arch: 'amd64', os.version: '10.0', java.version: '1.8.0_101'
Driver info: org.openqa.selenium.chrome.ChromeDriver
Capabilities [{applicationCacheEnabled=false, rotatable=false, mobileEmulationEnabled=false, networkConnectionEnabled=false, chrome={chromedriverVersion=2.24.417431 (9aea000394714d2fbb20850021f6204f2256b9cf), userDataDir=C:\Users\Bond\AppData\Local\Temp\scoped_dir10964_9612}, takesHeapSnapshot=true, pageLoadStrategy=normal, databaseEnabled=false, handlesAlerts=true, hasTouchScreen=false, version=53.0.2785.116, platform=XP, browserConnectionEnabled=false, nativeEvents=true, acceptSslCerts=true, locationContextEnabled=true, webStorageEnabled=true, browserName=chrome, takesScreenshot=true, javascriptEnabled=true, cssSelectorsEnabled=true}]
Session ID: 7084b31ec403a51e5a0a83c15bc79b1e
*** Element info: {Using=xpath, value=//div[@id='page-head']}
2016-02-10 00:30:44  ERROR [ZaycevMaven.ZaycevMavenProject.ZaycevHomePage] : Some trouble with Password org.openqa.selenium.NoSuchWindowException: no such window: target window already closed
from unknown error: web view not found
  (Session info: chrome=53.0.2785.116)
  (Driver info: chromedriver=2.24.417431 (9aea000394714d2fbb20850021f6204f2256b9cf),platform=Windows NT 10.0.14393 x86_64) (WARNING: The server did not provide any stacktrace information)
Command duration or timeout: 4 milliseconds
Build info: version: 'unknown', revision: 'c7b525d', time: '2016-09-01 14:57:44 -0700'
System info: host: 'DESKTOP-8J5QEN7', ip: '192.168.1.150', os.name: 'Windows 10', os.arch: 'amd64', os.version: '10.0', java.version: '1.8.0_101'
Driver info: org.openqa.selenium.chrome.ChromeDriver
Capabilities [{applicationCacheEnabled=false, rotatable=false, mobileEmulationEnabled=false, networkConnectionEnabled=false, chrome={chromedriverVersion=2.24.417431 (9aea000394714d2fbb20850021f6204f2256b9cf), userDataDir=C:\Users\Bond\AppData\Local\Temp\scoped_dir10964_9612}, takesHeapSnapshot=true, pageLoadStrategy=normal, databaseEnabled=false, handlesAlerts=true, hasTouchScreen=false, version=53.0.2785.116, platform=XP, browserConnectionEnabled=false, nativeEvents=true, acceptSslCerts=true, locationContextEnabled=true, webStorageEnabled=true, browserName=chrome, takesScreenshot=true, javascriptEnabled=true, cssSelectorsEnabled=true}]
Session ID: 7084b31ec403a51e5a0a83c15bc79b1e
*** Element info: {Using=xpath, value=//div[@id='page-head']}
2016-02-10 00:30:44  ERROR [ZaycevMaven.ZaycevMavenProject.ZaycevHomePage] : Some trouble with Button Entry button org.openqa.selenium.NoSuchWindowException: no such window: target window already closed
from unknown error: web view not found
  (Session info: chrome=53.0.2785.116)
  (Driver info: chromedriver=2.24.417431 (9aea000394714d2fbb20850021f6204f2256b9cf),platform=Windows NT 10.0.14393 x86_64) (WARNING: The server did not provide any stacktrace information)
Command duration or timeout: 4 milliseconds
Build info: version: 'unknown', revision: 'c7b525d', time: '2016-09-01 14:57:44 -0700'
System info: host: 'DESKTOP-8J5QEN7', ip: '192.168.1.150', os.name: 'Windows 10', os.arch: 'amd64', os.version: '10.0', java.version: '1.8.0_101'
Driver info: org.openqa.selenium.chrome.ChromeDriver
Capabilities [{applicationCacheEnabled=false, rotatable=false, mobileEmulationEnabled=false, networkConnectionEnabled=false, chrome={chromedriverVersion=2.24.417431 (9aea000394714d2fbb20850021f6204f2256b9cf), userDataDir=C:\Users\Bond\AppData\Local\Temp\scoped_dir10964_9612}, takesHeapSnapshot=true, pageLoadStrategy=normal, databaseEnabled=false, handlesAlerts=true, hasTouchScreen=false, version=53.0.2785.116, platform=XP, browserConnectionEnabled=false, nativeEvents=true, acceptSslCerts=true, locationContextEnabled=true, webStorageEnabled=true, browserName=chrome, takesScreenshot=true, javascriptEnabled=true, cssSelectorsEnabled=true}]
Session ID: 7084b31ec403a51e5a0a83c15bc79b1e
*** Element info: {Using=xpath, value=//div[@id='page-head']}
2016-02-10 00:30:44  ERROR [ZaycevMaven.ZaycevMavenProject.ZaycevHomePage] : Some trouble with pPoisk link org.openqa.selenium.NoSuchWindowException: no such window: target window already closed
from unknown error: web view not found
  (Session info: chrome=53.0.2785.116)
  (Driver info: chromedriver=2.24.417431 (9aea000394714d2fbb20850021f6204f2256b9cf),platform=Windows NT 10.0.14393 x86_64) (WARNING: The server did not provide any stacktrace information)
Command duration or timeout: 9 milliseconds
Build info: version: 'unknown', revision: 'c7b525d', time: '2016-09-01 14:57:44 -0700'
System info: host: 'DESKTOP-8J5QEN7', ip: '192.168.1.150', os.name: 'Windows 10', os.arch: 'amd64', os.version: '10.0', java.version: '1.8.0_101'
Driver info: org.openqa.selenium.chrome.ChromeDriver
Capabilities [{applicationCacheEnabled=false, rotatable=false, mobileEmulationEnabled=false, networkConnectionEnabled=false, chrome={chromedriverVersion=2.24.417431 (9aea000394714d2fbb20850021f6204f2256b9cf), userDataDir=C:\Users\Bond\AppData\Local\Temp\scoped_dir10964_9612}, takesHeapSnapshot=true, pageLoadStrategy=normal, databaseEnabled=false, handlesAlerts=true, hasTouchScreen=false, version=53.0.2785.116, platform=XP, browserConnectionEnabled=false, nativeEvents=true, acceptSslCerts=true, locationContextEnabled=true, webStorageEnabled=true, browserName=chrome, takesScreenshot=true, javascriptEnabled=true, cssSelectorsEnabled=true}]
Session ID: 7084b31ec403a51e5a0a83c15bc79b1e
*** Element info: {Using=xpath, value=//div[@class='region_name_leftmenutop']}
2016-02-10 00:30:44  ERROR [ZaycevMaven.ZaycevMavenProject.ZaycevSearchingPage] : Song isn't inserted org.openqa.selenium.NoSuchWindowException: no such window: target window already closed
from unknown error: web view not found
  (Session info: chrome=53.0.2785.116)
  (Driver info: chromedriver=2.24.417431 (9aea000394714d2fbb20850021f6204f2256b9cf),platform=Windows NT 10.0.14393 x86_64) (WARNING: The server did not provide any stacktrace information)
Command duration or timeout: 5 milliseconds
Build info: version: 'unknown', revision: 'c7b525d', time: '2016-09-01 14:57:44 -0700'
System info: host: 'DESKTOP-8J5QEN7', ip: '192.168.1.150', os.name: 'Windows 10', os.arch: 'amd64', os.version: '10.0', java.version: '1.8.0_101'
Driver info: org.openqa.selenium.chrome.ChromeDriver
Capabilities [{applicationCacheEnabled=false, rotatable=false, mobileEmulationEnabled=false, networkConnectionEnabled=false, chrome={chromedriverVersion=2.24.417431 (9aea000394714d2fbb20850021f6204f2256b9cf), userDataDir=C:\Users\Bond\AppData\Local\Temp\scoped_dir10964_9612}, takesHeapSnapshot=true, pageLoadStrategy=normal, databaseEnabled=false, handlesAlerts=true, hasTouchScreen=false, version=53.0.2785.116, platform=XP, browserConnectionEnabled=false, nativeEvents=true, acceptSslCerts=true, locationContextEnabled=true, webStorageEnabled=true, browserName=chrome, takesScreenshot=true, javascriptEnabled=true, cssSelectorsEnabled=true}]
Session ID: 7084b31ec403a51e5a0a83c15bc79b1e
*** Element info: {Using=xpath, value=//div[@class='search-page__precise search-precise clearfix']}
2016-02-10 00:30:44  ERROR [ZaycevMaven.ZaycevMavenProject.ZaycevSearchingPage] : Error with Iskat Button org.openqa.selenium.NoSuchWindowException: no such window: target window already closed
from unknown error: web view not found
  (Session info: chrome=53.0.2785.116)
  (Driver info: chromedriver=2.24.417431 (9aea000394714d2fbb20850021f6204f2256b9cf),platform=Windows NT 10.0.14393 x86_64) (WARNING: The server did not provide any stacktrace information)
Command duration or timeout: 5 milliseconds
Build info: version: 'unknown', revision: 'c7b525d', time: '2016-09-01 14:57:44 -0700'
System info: host: 'DESKTOP-8J5QEN7', ip: '192.168.1.150', os.name: 'Windows 10', os.arch: 'amd64', os.version: '10.0', java.version: '1.8.0_101'
Driver info: org.openqa.selenium.chrome.ChromeDriver
Capabilities [{applicationCacheEnabled=false, rotatable=false, mobileEmulationEnabled=false, networkConnectionEnabled=false, chrome={chromedriverVersion=2.24.417431 (9aea000394714d2fbb20850021f6204f2256b9cf), userDataDir=C:\Users\Bond\AppData\Local\Temp\scoped_dir10964_9612}, takesHeapSnapshot=true, pageLoadStrategy=normal, databaseEnabled=false, handlesAlerts=true, hasTouchScreen=false, version=53.0.2785.116, platform=XP, browserConnectionEnabled=false, nativeEvents=true, acceptSslCerts=true, locationContextEnabled=true, webStorageEnabled=true, browserName=chrome, takesScreenshot=true, javascriptEnabled=true, cssSelectorsEnabled=true}]
Session ID: 7084b31ec403a51e5a0a83c15bc79b1e
*** Element info: {Using=xpath, value=//div[@class='search-page__precise search-precise clearfix']}
2016-02-10 00:30:44   INFO [ZaycevMaven.ZaycevMavenProject.ZaycevSearchingPage] : pervaja Pesna will be vzata
2016-02-10 00:30:44  ERROR [ZaycevMaven.ZaycevMavenProject.ZaycevSearchingPage] : Error with pervaja Pesna org.openqa.selenium.NoSuchWindowException: no such window: target window already closed
from unknown error: web view not found
  (Session info: chrome=53.0.2785.116)
  (Driver info: chromedriver=2.24.417431 (9aea000394714d2fbb20850021f6204f2256b9cf),platform=Windows NT 10.0.14393 x86_64) (WARNING: The server did not provide any stacktrace information)
Command duration or timeout: 4 milliseconds
Build info: version: 'unknown', revision: 'c7b525d', time: '2016-09-01 14:57:44 -0700'
System info: host: 'DESKTOP-8J5QEN7', ip: '192.168.1.150', os.name: 'Windows 10', os.arch: 'amd64', os.version: '10.0', java.version: '1.8.0_101'
Driver info: org.openqa.selenium.chrome.ChromeDriver
Capabilities [{applicationCacheEnabled=false, rotatable=false, mobileEmulationEnabled=false, networkConnectionEnabled=false, chrome={chromedriverVersion=2.24.417431 (9aea000394714d2fbb20850021f6204f2256b9cf), userDataDir=C:\Users\Bond\AppData\Local\Temp\scoped_dir10964_9612}, takesHeapSnapshot=true, pageLoadStrategy=normal, databaseEnabled=false, handlesAlerts=true, hasTouchScreen=false, version=53.0.2785.116, platform=XP, browserConnectionEnabled=false, nativeEvents=true, acceptSslCerts=true, locationContextEnabled=true, webStorageEnabled=true, browserName=chrome, takesScreenshot=true, javascriptEnabled=true, cssSelectorsEnabled=true}]
Session ID: 7084b31ec403a51e5a0a83c15bc79b1e
*** Element info: {Using=xpath, value=//div[@class='search-page__precise search-precise clearfix']}
2016-02-10 00:30:44  ERROR [ZaycevMaven.ZaycevMavenProject.ZaycevHomePage] : Couldn't open home pageorg.openqa.selenium.NoSuchWindowException: no such window: target window already closed
from unknown error: web view not found
  (Session info: chrome=53.0.2785.116)
  (Driver info: chromedriver=2.24.417431 (9aea000394714d2fbb20850021f6204f2256b9cf),platform=Windows NT 10.0.14393 x86_64) (WARNING: The server did not provide any stacktrace information)
Command duration or timeout: 8 milliseconds
Build info: version: 'unknown', revision: 'c7b525d', time: '2016-09-01 14:57:44 -0700'
System info: host: 'DESKTOP-8J5QEN7', ip: '192.168.1.150', os.name: 'Windows 10', os.arch: 'amd64', os.version: '10.0', java.version: '1.8.0_101'
Driver info: org.openqa.selenium.chrome.ChromeDriver
Capabilities [{applicationCacheEnabled=false, rotatable=false, mobileEmulationEnabled=false, networkConnectionEnabled=false, chrome={chromedriverVersion=2.24.417431 (9aea000394714d2fbb20850021f6204f2256b9cf), userDataDir=C:\Users\Bond\AppData\Local\Temp\scoped_dir10964_9612}, takesHeapSnapshot=true, pageLoadStrategy=normal, databaseEnabled=false, handlesAlerts=true, hasTouchScreen=false, version=53.0.2785.116, platform=XP, browserConnectionEnabled=false, nativeEvents=true, acceptSslCerts=true, locationContextEnabled=true, webStorageEnabled=true, browserName=chrome, takesScreenshot=true, javascriptEnabled=true, cssSelectorsEnabled=true}]
Session ID: 7084b31ec403a51e5a0a83c15bc79b1e
2016-02-10 00:30:44  ERROR [ZaycevMaven.ZaycevMavenProject.ZaycevHomePage] : Some trouble with Button Login org.openqa.selenium.NoSuchWindowException: no such window: target window already closed
from unknown error: web view not found
  (Session info: chrome=53.0.2785.116)
  (Driver info: chromedriver=2.24.417431 (9aea000394714d2fbb20850021f6204f2256b9cf),platform=Windows NT 10.0.14393 x86_64) (WARNING: The server did not provide any stacktrace information)
Command duration or timeout: 4 milliseconds
Build info: version: 'unknown', revision: 'c7b525d', time: '2016-09-01 14:57:44 -0700'
System info: host: 'DESKTOP-8J5QEN7', ip: '192.168.1.150', os.name: 'Windows 10', os.arch: 'amd64', os.version: '10.0', java.version: '1.8.0_101'
Driver info: org.openqa.selenium.chrome.ChromeDriver
Capabilities [{applicationCacheEnabled=false, rotatable=false, mobileEmulationEnabled=false, networkConnectionEnabled=false, chrome={chromedriverVersion=2.24.417431 (9aea000394714d2fbb20850021f6204f2256b9cf), userDataDir=C:\Users\Bond\AppData\Local\Temp\scoped_dir10964_9612}, takesHeapSnapshot=true, pageLoadStrategy=normal, databaseEnabled=false, handlesAlerts=true, hasTouchScreen=false, version=53.0.2785.116, platform=XP, browserConnectionEnabled=false, nativeEvents=true, acceptSslCerts=true, locationContextEnabled=true, webStorageEnabled=true, browserName=chrome, takesScreenshot=true, javascriptEnabled=true, cssSelectorsEnabled=true}]
Session ID: 7084b31ec403a51e5a0a83c15bc79b1e
*** Element info: {Using=xpath, value=//div[@id='page-head']}
2016-02-10 00:30:44  ERROR [ZaycevMaven.ZaycevMavenProject.ZaycevHomePage] : Some trouble with Email org.openqa.selenium.NoSuchWindowException: no such window: target window already closed
from unknown error: web view not found
  (Session info: chrome=53.0.2785.116)
  (Driver info: chromedriver=2.24.417431 (9aea000394714d2fbb20850021f6204f2256b9cf),platform=Windows NT 10.0.14393 x86_64) (WARNING: The server did not provide any stacktrace information)
Command duration or timeout: 4 milliseconds
Build info: version: 'unknown', revision: 'c7b525d', time: '2016-09-01 14:57:44 -0700'
System info: host: 'DESKTOP-8J5QEN7', ip: '192.168.1.150', os.name: 'Windows 10', os.arch: 'amd64', os.version: '10.0', java.version: '1.8.0_101'
Driver info: org.openqa.selenium.chrome.ChromeDriver
Capabilities [{applicationCacheEnabled=false, rotatable=false, mobileEmulationEnabled=false, networkConnectionEnabled=false, chrome={chromedriverVersion=2.24.417431 (9aea000394714d2fbb20850021f6204f2256b9cf), userDataDir=C:\Users\Bond\AppData\Local\Temp\scoped_dir10964_9612}, takesHeapSnapshot=true, pageLoadStrategy=normal, databaseEnabled=false, handlesAlerts=true, hasTouchScreen=false, version=53.0.2785.116, platform=XP, browserConnectionEnabled=false, nativeEvents=true, acceptSslCerts=true, locationContextEnabled=true, webStorageEnabled=true, browserName=chrome, takesScreenshot=true, javascriptEnabled=true, cssSelectorsEnabled=true}]
Session ID: 7084b31ec403a51e5a0a83c15bc79b1e
*** Element info: {Using=xpath, value=//div[@id='page-head']}
2016-02-10 00:30:44  ERROR [ZaycevMaven.ZaycevMavenProject.ZaycevHomePage] : Some trouble with Password org.openqa.selenium.NoSuchWindowException: no such window: target window already closed
from unknown error: web view not found
  (Session info: chrome=53.0.2785.116)
  (Driver info: chromedriver=2.24.417431 (9aea000394714d2fbb20850021f6204f2256b9cf),platform=Windows NT 10.0.14393 x86_64) (WARNING: The server did not provide any stacktrace information)
Command duration or timeout: 4 milliseconds
Build info: version: 'unknown', revision: 'c7b525d', time: '2016-09-01 14:57:44 -0700'
System info: host: 'DESKTOP-8J5QEN7', ip: '192.168.1.150', os.name: 'Windows 10', os.arch: 'amd64', os.version: '10.0', java.version: '1.8.0_101'
Driver info: org.openqa.selenium.chrome.ChromeDriver
Capabilities [{applicationCacheEnabled=false, rotatable=false, mobileEmulationEnabled=false, networkConnectionEnabled=false, chrome={chromedriverVersion=2.24.417431 (9aea000394714d2fbb20850021f6204f2256b9cf), userDataDir=C:\Users\Bond\AppData\Local\Temp\scoped_dir10964_9612}, takesHeapSnapshot=true, pageLoadStrategy=normal, databaseEnabled=false, handlesAlerts=true, hasTouchScreen=false, version=53.0.2785.116, platform=XP, browserConnectionEnabled=false, nativeEvents=true, acceptSslCerts=true, locationContextEnabled=true, webStorageEnabled=true, browserName=chrome, takesScreenshot=true, javascriptEnabled=true, cssSelectorsEnabled=true}]
Session ID: 7084b31ec403a51e5a0a83c15bc79b1e
*** Element info: {Using=xpath, value=//div[@id='page-head']}
2016-02-10 00:30:44  ERROR [ZaycevMaven.ZaycevMavenProject.ZaycevHomePage] : Some trouble with Button Entry button org.openqa.selenium.NoSuchWindowException: no such window: target window already closed
from unknown error: web view not found
  (Session info: chrome=53.0.2785.116)
  (Driver info: chromedriver=2.24.417431 (9aea000394714d2fbb20850021f6204f2256b9cf),platform=Windows NT 10.0.14393 x86_64) (WARNING: The server did not provide any stacktrace information)
Command duration or timeout: 4 milliseconds
Build info: version: 'unknown', revision: 'c7b525d', time: '2016-09-01 14:57:44 -0700'
System info: host: 'DESKTOP-8J5QEN7', ip: '192.168.1.150', os.name: 'Windows 10', os.arch: 'amd64', os.version: '10.0', java.version: '1.8.0_101'
Driver info: org.openqa.selenium.chrome.ChromeDriver
Capabilities [{applicationCacheEnabled=false, rotatable=false, mobileEmulationEnabled=false, networkConnectionEnabled=false, chrome={chromedriverVersion=2.24.417431 (9aea000394714d2fbb20850021f6204f2256b9cf), userDataDir=C:\Users\Bond\AppData\Local\Temp\scoped_dir10964_9612}, takesHeapSnapshot=true, pageLoadStrategy=normal, databaseEnabled=false, handlesAlerts=true, hasTouchScreen=false, version=53.0.2785.116, platform=XP, browserConnectionEnabled=false, nativeEvents=true, acceptSslCerts=true, locationContextEnabled=true, webStorageEnabled=true, browserName=chrome, takesScreenshot=true, javascriptEnabled=true, cssSelectorsEnabled=true}]
Session ID: 7084b31ec403a51e5a0a83c15bc79b1e
*** Element info: {Using=xpath, value=//div[@id='page-head']}
2016-02-10 00:30:44   INFO [ZaycevMaven.ZaycevMavenProject.ZaycevHomePage] : Got text from UserNam
2016-02-10 00:30:44  ERROR [ZaycevMaven.ZaycevMavenProject.ZaycevHomePage] : Some trouble with getting text from UserNam org.openqa.selenium.NoSuchWindowException: no such window: target window already closed
from unknown error: web view not found
  (Session info: chrome=53.0.2785.116)
  (Driver info: chromedriver=2.24.417431 (9aea000394714d2fbb20850021f6204f2256b9cf),platform=Windows NT 10.0.14393 x86_64) (WARNING: The server did not provide any stacktrace information)
Command duration or timeout: 5 milliseconds
Build info: version: 'unknown', revision: 'c7b525d', time: '2016-09-01 14:57:44 -0700'
System info: host: 'DESKTOP-8J5QEN7', ip: '192.168.1.150', os.name: 'Windows 10', os.arch: 'amd64', os.version: '10.0', java.version: '1.8.0_101'
Driver info: org.openqa.selenium.chrome.ChromeDriver
Capabilities [{applicationCacheEnabled=false, rotatable=false, mobileEmulationEnabled=false, networkConnectionEnabled=false, chrome={chromedriverVersion=2.24.417431 (9aea000394714d2fbb20850021f6204f2256b9cf), userDataDir=C:\Users\Bond\AppData\Local\Temp\scoped_dir10964_9612}, takesHeapSnapshot=true, pageLoadStrategy=normal, databaseEnabled=false, handlesAlerts=true, hasTouchScreen=false, version=53.0.2785.116, platform=XP, browserConnectionEnabled=false, nativeEvents=true, acceptSslCerts=true, locationContextEnabled=true, webStorageEnabled=true, browserName=chrome, takesScreenshot=true, javascriptEnabled=true, cssSelectorsEnabled=true}]
Session ID: 7084b31ec403a51e5a0a83c15bc79b1e
*** Element info: {Using=xpath, value=//div[@id='page-head']}
2016-02-10 00:30:53  ERROR [ZaycevMaven.ZaycevMavenProject.ZaycevHomePage] : Couldn't open home pageorg.openqa.selenium.TimeoutException: Expected condition failed: waiting for title to contain ".!". Current title: "" (tried for 20 second(s) with 500 MILLISECONDS interval)
Build info: version: 'unknown', revision: 'c7b525d', time: '2016-09-01 14:57:44 -0700'
System info: host: 'DESKTOP-8J5QEN7', ip: '192.168.1.150', os.name: 'Windows 10', os.arch: 'amd64', os.version: '10.0', java.version: '1.8.0_101'
Driver info: org.openqa.selenium.chrome.ChromeDriver
Capabilities [{applicationCacheEnabled=false, rotatable=false, mobileEmulationEnabled=false, networkConnectionEnabled=false, chrome={chromedriverVersion=2.24.417431 (9aea000394714d2fbb20850021f6204f2256b9cf), userDataDir=C:\Users\Bond\AppData\Local\Temp\scoped_dir1904_12307}, takesHeapSnapshot=true, pageLoadStrategy=normal, databaseEnabled=false, handlesAlerts=true, hasTouchScreen=false, version=53.0.2785.116, platform=XP, browserConnectionEnabled=false, nativeEvents=true, acceptSslCerts=true, locationContextEnabled=true, webStorageEnabled=true, browserName=chrome, takesScreenshot=true, javascriptEnabled=true, cssSelectorsEnabled=true}]
Session ID: 55e00e7865b3dd1090c44e7d7173e959
2016-02-10 00:30:53  ERROR [ZaycevMaven.ZaycevMavenProject.ZaycevHomePage] : Some trouble with Button Login org.openqa.selenium.NoSuchWindowException: no such window: target window already closed
from unknown error: web view not found
  (Session info: chrome=53.0.2785.116)
  (Driver info: chromedriver=2.24.417431 (9aea000394714d2fbb20850021f6204f2256b9cf),platform=Windows NT 10.0.14393 x86_64) (WARNING: The server did not provide any stacktrace information)
Command duration or timeout: 6 milliseconds
Build info: version: 'unknown', revision: 'c7b525d', time: '2016-09-01 14:57:44 -0700'
System info: host: 'DESKTOP-8J5QEN7', ip: '192.168.1.150', os.name: 'Windows 10', os.arch: 'amd64', os.version: '10.0', java.version: '1.8.0_101'
Driver info: org.openqa.selenium.chrome.ChromeDriver
Capabilities [{applicationCacheEnabled=false, rotatable=false, mobileEmulationEnabled=false, networkConnectionEnabled=false, chrome={chromedriverVersion=2.24.417431 (9aea000394714d2fbb20850021f6204f2256b9cf), userDataDir=C:\Users\Bond\AppData\Local\Temp\scoped_dir1904_12307}, takesHeapSnapshot=true, pageLoadStrategy=normal, databaseEnabled=false, handlesAlerts=true, hasTouchScreen=false, version=53.0.2785.116, platform=XP, browserConnectionEnabled=false, nativeEvents=true, acceptSslCerts=true, locationContextEnabled=true, webStorageEnabled=true, browserName=chrome, takesScreenshot=true, javascriptEnabled=true, cssSelectorsEnabled=true}]
Session ID: 55e00e7865b3dd1090c44e7d7173e959
*** Element info: {Using=xpath, value=//div[@id='page-head']}
2016-02-10 00:30:53  ERROR [ZaycevMaven.ZaycevMavenProject.ZaycevHomePage] : Some trouble with Email org.openqa.selenium.NoSuchWindowException: no such window: target window already closed
from unknown error: web view not found
  (Session info: chrome=53.0.2785.116)
  (Driver info: chromedriver=2.24.417431 (9aea000394714d2fbb20850021f6204f2256b9cf),platform=Windows NT 10.0.14393 x86_64) (WARNING: The server did not provide any stacktrace information)
Command duration or timeout: 5 milliseconds
Build info: version: 'unknown', revision: 'c7b525d', time: '2016-09-01 14:57:44 -0700'
System info: host: 'DESKTOP-8J5QEN7', ip: '192.168.1.150', os.name: 'Windows 10', os.arch: 'amd64', os.version: '10.0', java.version: '1.8.0_101'
Driver info: org.openqa.selenium.chrome.ChromeDriver
Capabilities [{applicationCacheEnabled=false, rotatable=false, mobileEmulationEnabled=false, networkConnectionEnabled=false, chrome={chromedriverVersion=2.24.417431 (9aea000394714d2fbb20850021f6204f2256b9cf), userDataDir=C:\Users\Bond\AppData\Local\Temp\scoped_dir1904_12307}, takesHeapSnapshot=true, pageLoadStrategy=normal, databaseEnabled=false, handlesAlerts=true, hasTouchScreen=false, version=53.0.2785.116, platform=XP, browserConnectionEnabled=false, nativeEvents=true, acceptSslCerts=true, locationContextEnabled=true, webStorageEnabled=true, browserName=chrome, takesScreenshot=true, javascriptEnabled=true, cssSelectorsEnabled=true}]
Session ID: 55e00e7865b3dd1090c44e7d7173e959
*** Element info: {Using=xpath, value=//div[@id='page-head']}
2016-02-10 00:30:53  ERROR [ZaycevMaven.ZaycevMavenProject.ZaycevHomePage] : Some trouble with Password org.openqa.selenium.NoSuchWindowException: no such window: target window already closed
from unknown error: web view not found
  (Session info: chrome=53.0.2785.116)
  (Driver info: chromedriver=2.24.417431 (9aea000394714d2fbb20850021f6204f2256b9cf),platform=Windows NT 10.0.14393 x86_64) (WARNING: The server did not provide any stacktrace information)
Command duration or timeout: 5 milliseconds
Build info: version: 'unknown', revision: 'c7b525d', time: '2016-09-01 14:57:44 -0700'
System info: host: 'DESKTOP-8J5QEN7', ip: '192.168.1.150', os.name: 'Windows 10', os.arch: 'amd64', os.version: '10.0', java.version: '1.8.0_101'
Driver info: org.openqa.selenium.chrome.ChromeDriver
Capabilities [{applicationCacheEnabled=false, rotatable=false, mobileEmulationEnabled=false, networkConnectionEnabled=false, chrome={chromedriverVersion=2.24.417431 (9aea000394714d2fbb20850021f6204f2256b9cf), userDataDir=C:\Users\Bond\AppData\Local\Temp\scoped_dir1904_12307}, takesHeapSnapshot=true, pageLoadStrategy=normal, databaseEnabled=false, handlesAlerts=true, hasTouchScreen=false, version=53.0.2785.116, platform=XP, browserConnectionEnabled=false, nativeEvents=true, acceptSslCerts=true, locationContextEnabled=true, webStorageEnabled=true, browserName=chrome, takesScreenshot=true, javascriptEnabled=true, cssSelectorsEnabled=true}]
Session ID: 55e00e7865b3dd1090c44e7d7173e959
*** Element info: {Using=xpath, value=//div[@id='page-head']}
2016-02-10 00:30:53  ERROR [ZaycevMaven.ZaycevMavenProject.ZaycevHomePage] : Some trouble with Button Entry button org.openqa.selenium.NoSuchWindowException: no such window: target window already closed
from unknown error: web view not found
  (Session info: chrome=53.0.2785.116)
  (Driver info: chromedriver=2.24.417431 (9aea000394714d2fbb20850021f6204f2256b9cf),platform=Windows NT 10.0.14393 x86_64) (WARNING: The server did not provide any stacktrace information)
Command duration or timeout: 5 milliseconds
Build info: version: 'unknown', revision: 'c7b525d', time: '2016-09-01 14:57:44 -0700'
System info: host: 'DESKTOP-8J5QEN7', ip: '192.168.1.150', os.name: 'Windows 10', os.arch: 'amd64', os.version: '10.0', java.version: '1.8.0_101'
Driver info: org.openqa.selenium.chrome.ChromeDriver
Capabilities [{applicationCacheEnabled=false, rotatable=false, mobileEmulationEnabled=false, networkConnectionEnabled=false, chrome={chromedriverVersion=2.24.417431 (9aea000394714d2fbb20850021f6204f2256b9cf), userDataDir=C:\Users\Bond\AppData\Local\Temp\scoped_dir1904_12307}, takesHeapSnapshot=true, pageLoadStrategy=normal, databaseEnabled=false, handlesAlerts=true, hasTouchScreen=false, version=53.0.2785.116, platform=XP, browserConnectionEnabled=false, nativeEvents=true, acceptSslCerts=true, locationContextEnabled=true, webStorageEnabled=true, browserName=chrome, takesScreenshot=true, javascriptEnabled=true, cssSelectorsEnabled=true}]
Session ID: 55e00e7865b3dd1090c44e7d7173e959
*** Element info: {Using=xpath, value=//div[@id='page-head']}
2016-02-10 00:30:53  ERROR [ZaycevMaven.ZaycevMavenProject.ZaycevHomePage] : Some trouble with pPoisk link org.openqa.selenium.NoSuchWindowException: no such window: target window already closed
from unknown error: web view not found
  (Session info: chrome=53.0.2785.116)
  (Driver info: chromedriver=2.24.417431 (9aea000394714d2fbb20850021f6204f2256b9cf),platform=Windows NT 10.0.14393 x86_64) (WARNING: The server did not provide any stacktrace information)
Command duration or timeout: 4 milliseconds
Build info: version: 'unknown', revision: 'c7b525d', time: '2016-09-01 14:57:44 -0700'
System info: host: 'DESKTOP-8J5QEN7', ip: '192.168.1.150', os.name: 'Windows 10', os.arch: 'amd64', os.version: '10.0', java.version: '1.8.0_101'
Driver info: org.openqa.selenium.chrome.ChromeDriver
Capabilities [{applicationCacheEnabled=false, rotatable=false, mobileEmulationEnabled=false, networkConnectionEnabled=false, chrome={chromedriverVersion=2.24.417431 (9aea000394714d2fbb20850021f6204f2256b9cf), userDataDir=C:\Users\Bond\AppData\Local\Temp\scoped_dir1904_12307}, takesHeapSnapshot=true, pageLoadStrategy=normal, databaseEnabled=false, handlesAlerts=true, hasTouchScreen=false, version=53.0.2785.116, platform=XP, browserConnectionEnabled=false, nativeEvents=true, acceptSslCerts=true, locationContextEnabled=true, webStorageEnabled=true, browserName=chrome, takesScreenshot=true, javascriptEnabled=true, cssSelectorsEnabled=true}]
Session ID: 55e00e7865b3dd1090c44e7d7173e959
*** Element info: {Using=xpath, value=//div[@class='region_name_leftmenutop']}
2016-02-10 00:30:53  ERROR [ZaycevMaven.ZaycevMavenProject.ZaycevSearchingPage] : Song isn't inserted org.openqa.selenium.NoSuchWindowException: no such window: target window already closed
from unknown error: web view not found
  (Session info: chrome=53.0.2785.116)
  (Driver info: chromedriver=2.24.417431 (9aea000394714d2fbb20850021f6204f2256b9cf),platform=Windows NT 10.0.14393 x86_64) (WARNING: The server did not provide any stacktrace information)
Command duration or timeout: 5 milliseconds
Build info: version: 'unknown', revision: 'c7b525d', time: '2016-09-01 14:57:44 -0700'
System info: host: 'DESKTOP-8J5QEN7', ip: '192.168.1.150', os.name: 'Windows 10', os.arch: 'amd64', os.version: '10.0', java.version: '1.8.0_101'
Driver info: org.openqa.selenium.chrome.ChromeDriver
Capabilities [{applicationCacheEnabled=false, rotatable=false, mobileEmulationEnabled=false, networkConnectionEnabled=false, chrome={chromedriverVersion=2.24.417431 (9aea000394714d2fbb20850021f6204f2256b9cf), userDataDir=C:\Users\Bond\AppData\Local\Temp\scoped_dir1904_12307}, takesHeapSnapshot=true, pageLoadStrategy=normal, databaseEnabled=false, handlesAlerts=true, hasTouchScreen=false, version=53.0.2785.116, platform=XP, browserConnectionEnabled=false, nativeEvents=true, acceptSslCerts=true, locationContextEnabled=true, webStorageEnabled=true, browserName=chrome, takesScreenshot=true, javascriptEnabled=true, cssSelectorsEnabled=true}]
Session ID: 55e00e7865b3dd1090c44e7d7173e959
*** Element info: {Using=xpath, value=//div[@class='search-page__precise search-precise clearfix']}
2016-02-10 00:30:53  ERROR [ZaycevMaven.ZaycevMavenProject.ZaycevSearchingPage] : Error with Iskat Button org.openqa.selenium.NoSuchWindowException: no such window: target window already closed
from unknown error: web view not found
  (Session info: chrome=53.0.2785.116)
  (Driver info: chromedriver=2.24.417431 (9aea000394714d2fbb20850021f6204f2256b9cf),platform=Windows NT 10.0.14393 x86_64) (WARNING: The server did not provide any stacktrace information)
Command duration or timeout: 8 milliseconds
Build info: version: 'unknown', revision: 'c7b525d', time: '2016-09-01 14:57:44 -0700'
System info: host: 'DESKTOP-8J5QEN7', ip: '192.168.1.150', os.name: 'Windows 10', os.arch: 'amd64', os.version: '10.0', java.version: '1.8.0_101'
Driver info: org.openqa.selenium.chrome.ChromeDriver
Capabilities [{applicationCacheEnabled=false, rotatable=false, mobileEmulationEnabled=false, networkConnectionEnabled=false, chrome={chromedriverVersion=2.24.417431 (9aea000394714d2fbb20850021f6204f2256b9cf), userDataDir=C:\Users\Bond\AppData\Local\Temp\scoped_dir1904_12307}, takesHeapSnapshot=true, pageLoadStrategy=normal, databaseEnabled=false, handlesAlerts=true, hasTouchScreen=false, version=53.0.2785.116, platform=XP, browserConnectionEnabled=false, nativeEvents=true, acceptSslCerts=true, locationContextEnabled=true, webStorageEnabled=true, browserName=chrome, takesScreenshot=true, javascriptEnabled=true, cssSelectorsEnabled=true}]
Session ID: 55e00e7865b3dd1090c44e7d7173e959
*** Element info: {Using=xpath, value=//div[@class='search-page__precise search-precise clearfix']}
2016-02-10 00:30:53  ERROR [ZaycevMaven.ZaycevMavenProject.ZaycevSearchingPage] : Error with Play First Button org.openqa.selenium.NoSuchWindowException: no such window: target window already closed
from unknown error: web view not found
  (Session info: chrome=53.0.2785.116)
  (Driver info: chromedriver=2.24.417431 (9aea000394714d2fbb20850021f6204f2256b9cf),platform=Windows NT 10.0.14393 x86_64) (WARNING: The server did not provide any stacktrace information)
Command duration or timeout: 4 milliseconds
Build info: version: 'unknown', revision: 'c7b525d', time: '2016-09-01 14:57:44 -0700'
System info: host: 'DESKTOP-8J5QEN7', ip: '192.168.1.150', os.name: 'Windows 10', os.arch: 'amd64', os.version: '10.0', java.version: '1.8.0_101'
Driver info: org.openqa.selenium.chrome.ChromeDriver
Capabilities [{applicationCacheEnabled=false, rotatable=false, mobileEmulationEnabled=false, networkConnectionEnabled=false, chrome={chromedriverVersion=2.24.417431 (9aea000394714d2fbb20850021f6204f2256b9cf), userDataDir=C:\Users\Bond\AppData\Local\Temp\scoped_dir1904_12307}, takesHeapSnapshot=true, pageLoadStrategy=normal, databaseEnabled=false, handlesAlerts=true, hasTouchScreen=false, version=53.0.2785.116, platform=XP, browserConnectionEnabled=false, nativeEvents=true, acceptSslCerts=true, locationContextEnabled=true, webStorageEnabled=true, browserName=chrome, takesScreenshot=true, javascriptEnabled=true, cssSelectorsEnabled=true}]
Session ID: 55e00e7865b3dd1090c44e7d7173e959
*** Element info: {Using=xpath, value=//div[@class='search-page__precise search-precise clearfix']}
2016-02-10 00:30:53  ERROR [ZaycevMaven.ZaycevMavenProject.ZaycevSearchingPage] : First song is playinnig progress bar isn't displayedorg.openqa.selenium.NoSuchWindowException: no such window: target window already closed
from unknown error: web view not found
  (Session info: chrome=53.0.2785.116)
  (Driver info: chromedriver=2.24.417431 (9aea000394714d2fbb20850021f6204f2256b9cf),platform=Windows NT 10.0.14393 x86_64) (WARNING: The server did not provide any stacktrace information)
Command duration or timeout: 4 milliseconds
Build info: version: 'unknown', revision: 'c7b525d', time: '2016-09-01 14:57:44 -0700'
System info: host: 'DESKTOP-8J5QEN7', ip: '192.168.1.150', os.name: 'Windows 10', os.arch: 'amd64', os.version: '10.0', java.version: '1.8.0_101'
Driver info: org.openqa.selenium.chrome.ChromeDriver
Capabilities [{applicationCacheEnabled=false, rotatable=false, mobileEmulationEnabled=false, networkConnectionEnabled=false, chrome={chromedriverVersion=2.24.417431 (9aea000394714d2fbb20850021f6204f2256b9cf), userDataDir=C:\Users\Bond\AppData\Local\Temp\scoped_dir1904_12307}, takesHeapSnapshot=true, pageLoadStrategy=normal, databaseEnabled=false, handlesAlerts=true, hasTouchScreen=false, version=53.0.2785.116, platform=XP, browserConnectionEnabled=false, nativeEvents=true, acceptSslCerts=true, locationContextEnabled=true, webStorageEnabled=true, browserName=chrome, takesScreenshot=true, javascriptEnabled=true, cssSelectorsEnabled=true}]
Session ID: 55e00e7865b3dd1090c44e7d7173e959
*** Element info: {Using=xpath, value=//div[@class='search-page__precise search-precise clearfix']}
2016-02-10 00:34:09   INFO [ZaycevMaven.ZaycevMavenProject.ZaycevHomePage] : Home page opened
2016-02-10 00:34:09   INFO [ZaycevMaven.ZaycevMavenProject.ZaycevHomePage] : Button Login clicked
2016-02-10 00:34:09   INFO [ZaycevMaven.ZaycevMavenProject.ZaycevHomePage] : Email entered
2016-02-10 00:34:09   INFO [ZaycevMaven.ZaycevMavenProject.ZaycevHomePage] : Password entered
2016-02-10 00:34:11   INFO [ZaycevMaven.ZaycevMavenProject.ZaycevHomePage] : Entry button Enter clicked
2016-02-10 00:34:13   INFO [ZaycevMaven.ZaycevMavenProject.ZaycevHomePage] : Poisk link clicked
2016-02-10 00:34:15   INFO [ZaycevMaven.ZaycevMavenProject.ZaycevSearchingPage] : Iskat Button pressed
2016-02-10 00:34:15  ERROR [ZaycevMaven.ZaycevMavenProject.ZaycevSearchingPage] : Error with Download First Button java.lang.NullPointerException
2016-02-10 14:36:31   INFO [ZaycevMaven.ZaycevMavenProject.ZaycevHomePage] : Home page opened
2016-02-10 14:36:31   INFO [ZaycevMaven.ZaycevMavenProject.ZaycevHomePage] : Button Login clicked
2016-02-10 14:36:31   INFO [ZaycevMaven.ZaycevMavenProject.ZaycevHomePage] : Email entered
2016-02-10 14:36:31   INFO [ZaycevMaven.ZaycevMavenProject.ZaycevHomePage] : Password entered
2016-02-10 14:36:33   INFO [ZaycevMaven.ZaycevMavenProject.ZaycevHomePage] : Entry button Enter clicked
2016-02-10 14:36:35   INFO [ZaycevMaven.ZaycevMavenProject.ZaycevHomePage] : Poisk link clicked
2016-02-10 14:36:37   INFO [ZaycevMaven.ZaycevMavenProject.ZaycevSearchingPage] : Iskat Button pressed
2016-02-10 14:36:38   INFO [ZaycevMaven.ZaycevMavenProject.ZaycevSearchingPage] : First Song highlighted
2016-02-10 14:36:38   INFO [ZaycevMaven.ZaycevMavenProject.ZaycevSearchingPage] : DownLoad first Song button clicked
2016-02-10 14:36:55   INFO [ZaycevMaven.ZaycevMavenProject.ZaycevHomePage] : Driver shuted down
2016-02-10 14:36:55  ERROR [ZaycevMaven.ZaycevMavenProject.ZaycevHomePage] : Couldn't open home pageorg.openqa.selenium.NoSuchSessionException: Session ID is null. Using WebDriver after calling quit()?
Build info: version: '3.0.0-beta4', revision: '3169782', time: '2016-09-29 10:30:04 -0700'
System info: host: 'DESKTOP-8J5QEN7', ip: '172.22.62.41', os.name: 'Windows 10', os.arch: 'amd64', os.version: '10.0', java.version: '1.8.0_101'
Driver info: driver.version: RemoteWebDriver
2016-02-10 14:36:55  ERROR [ZaycevMaven.ZaycevMavenProject.ZaycevHomePage] : Some trouble with Button Login org.openqa.selenium.NoSuchSessionException: Session ID is null. Using WebDriver after calling quit()?
Build info: version: '3.0.0-beta4', revision: '3169782', time: '2016-09-29 10:30:04 -0700'
System info: host: 'DESKTOP-8J5QEN7', ip: '172.22.62.41', os.name: 'Windows 10', os.arch: 'amd64', os.version: '10.0', java.version: '1.8.0_101'
Driver info: driver.version: RemoteWebDriver
2016-02-10 14:36:55  ERROR [ZaycevMaven.ZaycevMavenProject.ZaycevHomePage] : Some trouble with Email org.openqa.selenium.NoSuchSessionException: Session ID is null. Using WebDriver after calling quit()?
Build info: version: '3.0.0-beta4', revision: '3169782', time: '2016-09-29 10:30:04 -0700'
System info: host: 'DESKTOP-8J5QEN7', ip: '172.22.62.41', os.name: 'Windows 10', os.arch: 'amd64', os.version: '10.0', java.version: '1.8.0_101'
Driver info: driver.version: RemoteWebDriver
2016-02-10 14:36:55  ERROR [ZaycevMaven.ZaycevMavenProject.ZaycevHomePage] : Some trouble with Password org.openqa.selenium.NoSuchSessionException: Session ID is null. Using WebDriver after calling quit()?
Build info: version: '3.0.0-beta4', revision: '3169782', time: '2016-09-29 10:30:04 -0700'
System info: host: 'DESKTOP-8J5QEN7', ip: '172.22.62.41', os.name: 'Windows 10', os.arch: 'amd64', os.version: '10.0', java.version: '1.8.0_101'
Driver info: driver.version: RemoteWebDriver
2016-02-10 14:36:55  ERROR [ZaycevMaven.ZaycevMavenProject.ZaycevHomePage] : Some trouble with Button Entry button org.openqa.selenium.NoSuchSessionException: Session ID is null. Using WebDriver after calling quit()?
Build info: version: '3.0.0-beta4', revision: '3169782', time: '2016-09-29 10:30:04 -0700'
System info: host: 'DESKTOP-8J5QEN7', ip: '172.22.62.41', os.name: 'Windows 10', os.arch: 'amd64', os.version: '10.0', java.version: '1.8.0_101'
Driver info: driver.version: RemoteWebDriver
2016-02-10 14:36:55  ERROR [ZaycevMaven.ZaycevMavenProject.ZaycevHomePage] : Some trouble with pPoisk link org.openqa.selenium.NoSuchSessionException: Session ID is null. Using WebDriver after calling quit()?
Build info: version: '3.0.0-beta4', revision: '3169782', time: '2016-09-29 10:30:04 -0700'
System info: host: 'DESKTOP-8J5QEN7', ip: '172.22.62.41', os.name: 'Windows 10', os.arch: 'amd64', os.version: '10.0', java.version: '1.8.0_101'
Driver info: driver.version: RemoteWebDriver
2016-02-10 14:36:55  ERROR [ZaycevMaven.ZaycevMavenProject.ZaycevSearchingPage] : Song isn't inserted org.openqa.selenium.NoSuchSessionException: Session ID is null. Using WebDriver after calling quit()?
Build info: version: '3.0.0-beta4', revision: '3169782', time: '2016-09-29 10:30:04 -0700'
System info: host: 'DESKTOP-8J5QEN7', ip: '172.22.62.41', os.name: 'Windows 10', os.arch: 'amd64', os.version: '10.0', java.version: '1.8.0_101'
Driver info: driver.version: RemoteWebDriver
2016-02-10 14:36:55  ERROR [ZaycevMaven.ZaycevMavenProject.ZaycevSearchingPage] : Error with Iskat Button org.openqa.selenium.NoSuchSessionException: Session ID is null. Using WebDriver after calling quit()?
Build info: version: '3.0.0-beta4', revision: '3169782', time: '2016-09-29 10:30:04 -0700'
System info: host: 'DESKTOP-8J5QEN7', ip: '172.22.62.41', os.name: 'Windows 10', os.arch: 'amd64', os.version: '10.0', java.version: '1.8.0_101'
Driver info: driver.version: RemoteWebDriver
2016-02-10 14:36:55  ERROR [ZaycevMaven.ZaycevMavenProject.ZaycevSearchingPage] : Error with Play First Button org.openqa.selenium.NoSuchSessionException: Session ID is null. Using WebDriver after calling quit()?
Build info: version: '3.0.0-beta4', revision: '3169782', time: '2016-09-29 10:30:04 -0700'
System info: host: 'DESKTOP-8J5QEN7', ip: '172.22.62.41', os.name: 'Windows 10', os.arch: 'amd64', os.version: '10.0', java.version: '1.8.0_101'
Driver info: driver.version: RemoteWebDriver
2016-02-10 14:36:55  ERROR [ZaycevMaven.ZaycevMavenProject.ZaycevHomePage] : Couldn't open home pageorg.openqa.selenium.NoSuchSessionException: Session ID is null. Using WebDriver after calling quit()?
Build info: version: '3.0.0-beta4', revision: '3169782', time: '2016-09-29 10:30:04 -0700'
System info: host: 'DESKTOP-8J5QEN7', ip: '172.22.62.41', os.name: 'Windows 10', os.arch: 'amd64', os.version: '10.0', java.version: '1.8.0_101'
Driver info: driver.version: RemoteWebDriver
2016-02-10 14:36:55  ERROR [ZaycevMaven.ZaycevMavenProject.ZaycevHomePage] : Some trouble with Button Login org.openqa.selenium.NoSuchSessionException: Session ID is null. Using WebDriver after calling quit()?
Build info: version: '3.0.0-beta4', revision: '3169782', time: '2016-09-29 10:30:04 -0700'
System info: host: 'DESKTOP-8J5QEN7', ip: '172.22.62.41', os.name: 'Windows 10', os.arch: 'amd64', os.version: '10.0', java.version: '1.8.0_101'
Driver info: driver.version: RemoteWebDriver
2016-02-10 14:36:55  ERROR [ZaycevMaven.ZaycevMavenProject.ZaycevHomePage] : Some trouble with Email org.openqa.selenium.NoSuchSessionException: Session ID is null. Using WebDriver after calling quit()?
Build info: version: '3.0.0-beta4', revision: '3169782', time: '2016-09-29 10:30:04 -0700'
System info: host: 'DESKTOP-8J5QEN7', ip: '172.22.62.41', os.name: 'Windows 10', os.arch: 'amd64', os.version: '10.0', java.version: '1.8.0_101'
Driver info: driver.version: RemoteWebDriver
2016-02-10 14:36:55  ERROR [ZaycevMaven.ZaycevMavenProject.ZaycevHomePage] : Some trouble with Password org.openqa.selenium.NoSuchSessionException: Session ID is null. Using WebDriver after calling quit()?
Build info: version: '3.0.0-beta4', revision: '3169782', time: '2016-09-29 10:30:04 -0700'
System info: host: 'DESKTOP-8J5QEN7', ip: '172.22.62.41', os.name: 'Windows 10', os.arch: 'amd64', os.version: '10.0', java.version: '1.8.0_101'
Driver info: driver.version: RemoteWebDriver
2016-02-10 14:36:55  ERROR [ZaycevMaven.ZaycevMavenProject.ZaycevHomePage] : Some trouble with Button Entry button org.openqa.selenium.NoSuchSessionException: Session ID is null. Using WebDriver after calling quit()?
Build info: version: '3.0.0-beta4', revision: '3169782', time: '2016-09-29 10:30:04 -0700'
System info: host: 'DESKTOP-8J5QEN7', ip: '172.22.62.41', os.name: 'Windows 10', os.arch: 'amd64', os.version: '10.0', java.version: '1.8.0_101'
Driver info: driver.version: RemoteWebDriver
2016-02-10 14:36:55   INFO [ZaycevMaven.ZaycevMavenProject.ZaycevHomePage] : Passed Text from Bad credentionals message
2016-02-10 14:36:55  ERROR [ZaycevMaven.ZaycevMavenProject.ZaycevBadCredentialsPage] : Some troubles with Bad Credantionals message org.openqa.selenium.NoSuchSessionException: Session ID is null. Using WebDriver after calling quit()?
Build info: version: '3.0.0-beta4', revision: '3169782', time: '2016-09-29 10:30:04 -0700'
System info: host: 'DESKTOP-8J5QEN7', ip: '172.22.62.41', os.name: 'Windows 10', os.arch: 'amd64', os.version: '10.0', java.version: '1.8.0_101'
Driver info: driver.version: RemoteWebDriver
2016-02-10 14:36:55  ERROR [ZaycevMaven.ZaycevMavenProject.ZaycevHomePage] : Couldn't open home pageorg.openqa.selenium.NoSuchSessionException: Session ID is null. Using WebDriver after calling quit()?
Build info: version: '3.0.0-beta4', revision: '3169782', time: '2016-09-29 10:30:04 -0700'
System info: host: 'DESKTOP-8J5QEN7', ip: '172.22.62.41', os.name: 'Windows 10', os.arch: 'amd64', os.version: '10.0', java.version: '1.8.0_101'
Driver info: driver.version: RemoteWebDriver
2016-02-10 14:36:55  ERROR [ZaycevMaven.ZaycevMavenProject.ZaycevHomePage] : Some trouble with Button Login org.openqa.selenium.NoSuchSessionException: Session ID is null. Using WebDriver after calling quit()?
Build info: version: '3.0.0-beta4', revision: '3169782', time: '2016-09-29 10:30:04 -0700'
System info: host: 'DESKTOP-8J5QEN7', ip: '172.22.62.41', os.name: 'Windows 10', os.arch: 'amd64', os.version: '10.0', java.version: '1.8.0_101'
Driver info: driver.version: RemoteWebDriver
2016-02-10 14:36:55  ERROR [ZaycevMaven.ZaycevMavenProject.ZaycevHomePage] : Some trouble with Email org.openqa.selenium.NoSuchSessionException: Session ID is null. Using WebDriver after calling quit()?
Build info: version: '3.0.0-beta4', revision: '3169782', time: '2016-09-29 10:30:04 -0700'
System info: host: 'DESKTOP-8J5QEN7', ip: '172.22.62.41', os.name: 'Windows 10', os.arch: 'amd64', os.version: '10.0', java.version: '1.8.0_101'
Driver info: driver.version: RemoteWebDriver
2016-02-10 14:36:55  ERROR [ZaycevMaven.ZaycevMavenProject.ZaycevHomePage] : Some trouble with Password org.openqa.selenium.NoSuchSessionException: Session ID is null. Using WebDriver after calling quit()?
Build info: version: '3.0.0-beta4', revision: '3169782', time: '2016-09-29 10:30:04 -0700'
System info: host: 'DESKTOP-8J5QEN7', ip: '172.22.62.41', os.name: 'Windows 10', os.arch: 'amd64', os.version: '10.0', java.version: '1.8.0_101'
Driver info: driver.version: RemoteWebDriver
2016-02-10 14:36:55  ERROR [ZaycevMaven.ZaycevMavenProject.ZaycevHomePage] : Some trouble with Button Entry button org.openqa.selenium.NoSuchSessionException: Session ID is null. Using WebDriver after calling quit()?
Build info: version: '3.0.0-beta4', revision: '3169782', time: '2016-09-29 10:30:04 -0700'
System info: host: 'DESKTOP-8J5QEN7', ip: '172.22.62.41', os.name: 'Windows 10', os.arch: 'amd64', os.version: '10.0', java.version: '1.8.0_101'
Driver info: driver.version: RemoteWebDriver
2016-02-10 14:36:55  ERROR [ZaycevMaven.ZaycevMavenProject.ZaycevHomePage] : Some trouble with pPoisk link org.openqa.selenium.NoSuchSessionException: Session ID is null. Using WebDriver after calling quit()?
Build info: version: '3.0.0-beta4', revision: '3169782', time: '2016-09-29 10:30:04 -0700'
System info: host: 'DESKTOP-8J5QEN7', ip: '172.22.62.41', os.name: 'Windows 10', os.arch: 'amd64', os.version: '10.0', java.version: '1.8.0_101'
Driver info: driver.version: RemoteWebDriver
2016-02-10 14:36:55  ERROR [ZaycevMaven.ZaycevMavenProject.ZaycevSearchingPage] : Song isn't inserted org.openqa.selenium.NoSuchSessionException: Session ID is null. Using WebDriver after calling quit()?
Build info: version: '3.0.0-beta4', revision: '3169782', time: '2016-09-29 10:30:04 -0700'
System info: host: 'DESKTOP-8J5QEN7', ip: '172.22.62.41', os.name: 'Windows 10', os.arch: 'amd64', os.version: '10.0', java.version: '1.8.0_101'
Driver info: driver.version: RemoteWebDriver
2016-02-10 14:36:55  ERROR [ZaycevMaven.ZaycevMavenProject.ZaycevSearchingPage] : Error with Iskat Button org.openqa.selenium.NoSuchSessionException: Session ID is null. Using WebDriver after calling quit()?
Build info: version: '3.0.0-beta4', revision: '3169782', time: '2016-09-29 10:30:04 -0700'
System info: host: 'DESKTOP-8J5QEN7', ip: '172.22.62.41', os.name: 'Windows 10', os.arch: 'amd64', os.version: '10.0', java.version: '1.8.0_101'
Driver info: driver.version: RemoteWebDriver
2016-02-10 14:36:55  ERROR [ZaycevMaven.ZaycevMavenProject.ZaycevSearchingPage] : Error with pervaja Pesna org.openqa.selenium.NoSuchSessionException: Session ID is null. Using WebDriver after calling quit()?
Build info: version: '3.0.0-beta4', revision: '3169782', time: '2016-09-29 10:30:04 -0700'
System info: host: 'DESKTOP-8J5QEN7', ip: '172.22.62.41', os.name: 'Windows 10', os.arch: 'amd64', os.version: '10.0', java.version: '1.8.0_101'
Driver info: driver.version: RemoteWebDriver
2016-02-10 14:36:55  ERROR [ZaycevMaven.ZaycevMavenProject.ZaycevHomePage] : Couldn't open home pageorg.openqa.selenium.NoSuchSessionException: Session ID is null. Using WebDriver after calling quit()?
Build info: version: '3.0.0-beta4', revision: '3169782', time: '2016-09-29 10:30:04 -0700'
System info: host: 'DESKTOP-8J5QEN7', ip: '172.22.62.41', os.name: 'Windows 10', os.arch: 'amd64', os.version: '10.0', java.version: '1.8.0_101'
Driver info: driver.version: RemoteWebDriver
2016-02-10 14:36:55  ERROR [ZaycevMaven.ZaycevMavenProject.ZaycevHomePage] : Some trouble with Button Login org.openqa.selenium.NoSuchSessionException: Session ID is null. Using WebDriver after calling quit()?
Build info: version: '3.0.0-beta4', revision: '3169782', time: '2016-09-29 10:30:04 -0700'
System info: host: 'DESKTOP-8J5QEN7', ip: '172.22.62.41', os.name: 'Windows 10', os.arch: 'amd64', os.version: '10.0', java.version: '1.8.0_101'
Driver info: driver.version: RemoteWebDriver
2016-02-10 14:36:55  ERROR [ZaycevMaven.ZaycevMavenProject.ZaycevHomePage] : Some trouble with Email org.openqa.selenium.NoSuchSessionException: Session ID is null. Using WebDriver after calling quit()?
Build info: version: '3.0.0-beta4', revision: '3169782', time: '2016-09-29 10:30:04 -0700'
System info: host: 'DESKTOP-8J5QEN7', ip: '172.22.62.41', os.name: 'Windows 10', os.arch: 'amd64', os.version: '10.0', java.version: '1.8.0_101'
Driver info: driver.version: RemoteWebDriver
2016-02-10 14:36:55  ERROR [ZaycevMaven.ZaycevMavenProject.ZaycevHomePage] : Some trouble with Password org.openqa.selenium.NoSuchSessionException: Session ID is null. Using WebDriver after calling quit()?
Build info: version: '3.0.0-beta4', revision: '3169782', time: '2016-09-29 10:30:04 -0700'
System info: host: 'DESKTOP-8J5QEN7', ip: '172.22.62.41', os.name: 'Windows 10', os.arch: 'amd64', os.version: '10.0', java.version: '1.8.0_101'
Driver info: driver.version: RemoteWebDriver
2016-02-10 14:36:55  ERROR [ZaycevMaven.ZaycevMavenProject.ZaycevHomePage] : Some trouble with Button Entry button org.openqa.selenium.NoSuchSessionException: Session ID is null. Using WebDriver after calling quit()?
Build info: version: '3.0.0-beta4', revision: '3169782', time: '2016-09-29 10:30:04 -0700'
System info: host: 'DESKTOP-8J5QEN7', ip: '172.22.62.41', os.name: 'Windows 10', os.arch: 'amd64', os.version: '10.0', java.version: '1.8.0_101'
Driver info: driver.version: RemoteWebDriver
2016-02-10 14:36:55   INFO [ZaycevMaven.ZaycevMavenProject.ZaycevHomePage] : Got text from UserNam
2016-02-10 14:36:55  ERROR [ZaycevMaven.ZaycevMavenProject.ZaycevHomePage] : Some trouble with getting text from UserNam org.openqa.selenium.NoSuchSessionException: Session ID is null. Using WebDriver after calling quit()?
Build info: version: '3.0.0-beta4', revision: '3169782', time: '2016-09-29 10:30:04 -0700'
System info: host: 'DESKTOP-8J5QEN7', ip: '172.22.62.41', os.name: 'Windows 10', os.arch: 'amd64', os.version: '10.0', java.version: '1.8.0_101'
Driver info: driver.version: RemoteWebDriver
2016-02-10 14:38:01   INFO [ZaycevMaven.ZaycevMavenProject.ZaycevHomePage] : Home page opened
2016-02-10 14:38:01   INFO [ZaycevMaven.ZaycevMavenProject.ZaycevHomePage] : Button Login clicked
2016-02-10 14:38:01   INFO [ZaycevMaven.ZaycevMavenProject.ZaycevHomePage] : Email entered
2016-02-10 14:38:01   INFO [ZaycevMaven.ZaycevMavenProject.ZaycevHomePage] : Password entered
2016-02-10 14:38:05   INFO [ZaycevMaven.ZaycevMavenProject.ZaycevHomePage] : Entry button Enter clicked
2016-02-10 14:38:09   INFO [ZaycevMaven.ZaycevMavenProject.ZaycevHomePage] : Poisk link clicked
2016-02-10 14:38:13   INFO [ZaycevMaven.ZaycevMavenProject.ZaycevSearchingPage] : Iskat Button pressed
2016-02-10 14:38:13   INFO [ZaycevMaven.ZaycevMavenProject.ZaycevSearchingPage] : First Song highlighted
2016-02-10 14:38:13   INFO [ZaycevMaven.ZaycevMavenProject.ZaycevSearchingPage] : DownLoad first Song button clicked
2016-02-10 14:38:30   INFO [ZaycevMaven.ZaycevMavenProject.ZaycevHomePage] : Driver shuted down
2016-02-10 14:38:30  ERROR [ZaycevMaven.ZaycevMavenProject.ZaycevHomePage] : Couldn't open home pageorg.openqa.selenium.NoSuchSessionException: Session ID is null. Using WebDriver after calling quit()?
Build info: version: '3.0.0-beta4', revision: '3169782', time: '2016-09-29 10:30:04 -0700'
System info: host: 'DESKTOP-8J5QEN7', ip: '172.22.62.41', os.name: 'Windows 10', os.arch: 'amd64', os.version: '10.0', java.version: '1.8.0_101'
Driver info: driver.version: RemoteWebDriver
2016-02-10 14:38:30  ERROR [ZaycevMaven.ZaycevMavenProject.ZaycevHomePage] : Some trouble with Button Login org.openqa.selenium.NoSuchSessionException: Session ID is null. Using WebDriver after calling quit()?
Build info: version: '3.0.0-beta4', revision: '3169782', time: '2016-09-29 10:30:04 -0700'
System info: host: 'DESKTOP-8J5QEN7', ip: '172.22.62.41', os.name: 'Windows 10', os.arch: 'amd64', os.version: '10.0', java.version: '1.8.0_101'
Driver info: driver.version: RemoteWebDriver
2016-02-10 14:38:30  ERROR [ZaycevMaven.ZaycevMavenProject.ZaycevHomePage] : Some trouble with Email org.openqa.selenium.NoSuchSessionException: Session ID is null. Using WebDriver after calling quit()?
Build info: version: '3.0.0-beta4', revision: '3169782', time: '2016-09-29 10:30:04 -0700'
System info: host: 'DESKTOP-8J5QEN7', ip: '172.22.62.41', os.name: 'Windows 10', os.arch: 'amd64', os.version: '10.0', java.version: '1.8.0_101'
Driver info: driver.version: RemoteWebDriver
2016-02-10 14:38:30  ERROR [ZaycevMaven.ZaycevMavenProject.ZaycevHomePage] : Some trouble with Password org.openqa.selenium.NoSuchSessionException: Session ID is null. Using WebDriver after calling quit()?
Build info: version: '3.0.0-beta4', revision: '3169782', time: '2016-09-29 10:30:04 -0700'
System info: host: 'DESKTOP-8J5QEN7', ip: '172.22.62.41', os.name: 'Windows 10', os.arch: 'amd64', os.version: '10.0', java.version: '1.8.0_101'
Driver info: driver.version: RemoteWebDriver
2016-02-10 14:38:30  ERROR [ZaycevMaven.ZaycevMavenProject.ZaycevHomePage] : Some trouble with Button Entry button org.openqa.selenium.NoSuchSessionException: Session ID is null. Using WebDriver after calling quit()?
Build info: version: '3.0.0-beta4', revision: '3169782', time: '2016-09-29 10:30:04 -0700'
System info: host: 'DESKTOP-8J5QEN7', ip: '172.22.62.41', os.name: 'Windows 10', os.arch: 'amd64', os.version: '10.0', java.version: '1.8.0_101'
Driver info: driver.version: RemoteWebDriver
2016-02-10 14:38:30  ERROR [ZaycevMaven.ZaycevMavenProject.ZaycevHomePage] : Some trouble with pPoisk link org.openqa.selenium.NoSuchSessionException: Session ID is null. Using WebDriver after calling quit()?
Build info: version: '3.0.0-beta4', revision: '3169782', time: '2016-09-29 10:30:04 -0700'
System info: host: 'DESKTOP-8J5QEN7', ip: '172.22.62.41', os.name: 'Windows 10', os.arch: 'amd64', os.version: '10.0', java.version: '1.8.0_101'
Driver info: driver.version: RemoteWebDriver
2016-02-10 14:38:30  ERROR [ZaycevMaven.ZaycevMavenProject.ZaycevSearchingPage] : Song isn't inserted org.openqa.selenium.NoSuchSessionException: Session ID is null. Using WebDriver after calling quit()?
Build info: version: '3.0.0-beta4', revision: '3169782', time: '2016-09-29 10:30:04 -0700'
System info: host: 'DESKTOP-8J5QEN7', ip: '172.22.62.41', os.name: 'Windows 10', os.arch: 'amd64', os.version: '10.0', java.version: '1.8.0_101'
Driver info: driver.version: RemoteWebDriver
2016-02-10 14:38:30  ERROR [ZaycevMaven.ZaycevMavenProject.ZaycevSearchingPage] : Error with Iskat Button org.openqa.selenium.NoSuchSessionException: Session ID is null. Using WebDriver after calling quit()?
Build info: version: '3.0.0-beta4', revision: '3169782', time: '2016-09-29 10:30:04 -0700'
System info: host: 'DESKTOP-8J5QEN7', ip: '172.22.62.41', os.name: 'Windows 10', os.arch: 'amd64', os.version: '10.0', java.version: '1.8.0_101'
Driver info: driver.version: RemoteWebDriver
2016-02-10 14:38:30  ERROR [ZaycevMaven.ZaycevMavenProject.ZaycevSearchingPage] : Error with Play First Button org.openqa.selenium.NoSuchSessionException: Session ID is null. Using WebDriver after calling quit()?
Build info: version: '3.0.0-beta4', revision: '3169782', time: '2016-09-29 10:30:04 -0700'
System info: host: 'DESKTOP-8J5QEN7', ip: '172.22.62.41', os.name: 'Windows 10', os.arch: 'amd64', os.version: '10.0', java.version: '1.8.0_101'
Driver info: driver.version: RemoteWebDriver
2016-02-10 14:38:30  ERROR [ZaycevMaven.ZaycevMavenProject.ZaycevHomePage] : Couldn't open home pageorg.openqa.selenium.NoSuchSessionException: Session ID is null. Using WebDriver after calling quit()?
Build info: version: '3.0.0-beta4', revision: '3169782', time: '2016-09-29 10:30:04 -0700'
System info: host: 'DESKTOP-8J5QEN7', ip: '172.22.62.41', os.name: 'Windows 10', os.arch: 'amd64', os.version: '10.0', java.version: '1.8.0_101'
Driver info: driver.version: RemoteWebDriver
2016-02-10 14:38:30  ERROR [ZaycevMaven.ZaycevMavenProject.ZaycevHomePage] : Some trouble with Button Login org.openqa.selenium.NoSuchSessionException: Session ID is null. Using WebDriver after calling quit()?
Build info: version: '3.0.0-beta4', revision: '3169782', time: '2016-09-29 10:30:04 -0700'
System info: host: 'DESKTOP-8J5QEN7', ip: '172.22.62.41', os.name: 'Windows 10', os.arch: 'amd64', os.version: '10.0', java.version: '1.8.0_101'
Driver info: driver.version: RemoteWebDriver
2016-02-10 14:38:30  ERROR [ZaycevMaven.ZaycevMavenProject.ZaycevHomePage] : Some trouble with Email org.openqa.selenium.NoSuchSessionException: Session ID is null. Using WebDriver after calling quit()?
Build info: version: '3.0.0-beta4', revision: '3169782', time: '2016-09-29 10:30:04 -0700'
System info: host: 'DESKTOP-8J5QEN7', ip: '172.22.62.41', os.name: 'Windows 10', os.arch: 'amd64', os.version: '10.0', java.version: '1.8.0_101'
Driver info: driver.version: RemoteWebDriver
2016-02-10 14:38:30  ERROR [ZaycevMaven.ZaycevMavenProject.ZaycevHomePage] : Some trouble with Password org.openqa.selenium.NoSuchSessionException: Session ID is null. Using WebDriver after calling quit()?
Build info: version: '3.0.0-beta4', revision: '3169782', time: '2016-09-29 10:30:04 -0700'
System info: host: 'DESKTOP-8J5QEN7', ip: '172.22.62.41', os.name: 'Windows 10', os.arch: 'amd64', os.version: '10.0', java.version: '1.8.0_101'
Driver info: driver.version: RemoteWebDriver
2016-02-10 14:38:30  ERROR [ZaycevMaven.ZaycevMavenProject.ZaycevHomePage] : Some trouble with Button Entry button org.openqa.selenium.NoSuchSessionException: Session ID is null. Using WebDriver after calling quit()?
Build info: version: '3.0.0-beta4', revision: '3169782', time: '2016-09-29 10:30:04 -0700'
System info: host: 'DESKTOP-8J5QEN7', ip: '172.22.62.41', os.name: 'Windows 10', os.arch: 'amd64', os.version: '10.0', java.version: '1.8.0_101'
Driver info: driver.version: RemoteWebDriver
2016-02-10 14:38:30   INFO [ZaycevMaven.ZaycevMavenProject.ZaycevHomePage] : Passed Text from Bad credentionals message
2016-02-10 14:38:30  ERROR [ZaycevMaven.ZaycevMavenProject.ZaycevBadCredentialsPage] : Some troubles with Bad Credantionals message org.openqa.selenium.NoSuchSessionException: Session ID is null. Using WebDriver after calling quit()?
Build info: version: '3.0.0-beta4', revision: '3169782', time: '2016-09-29 10:30:04 -0700'
System info: host: 'DESKTOP-8J5QEN7', ip: '172.22.62.41', os.name: 'Windows 10', os.arch: 'amd64', os.version: '10.0', java.version: '1.8.0_101'
Driver info: driver.version: RemoteWebDriver
2016-02-10 14:38:30  ERROR [ZaycevMaven.ZaycevMavenProject.ZaycevHomePage] : Couldn't open home pageorg.openqa.selenium.NoSuchSessionException: Session ID is null. Using WebDriver after calling quit()?
Build info: version: '3.0.0-beta4', revision: '3169782', time: '2016-09-29 10:30:04 -0700'
System info: host: 'DESKTOP-8J5QEN7', ip: '172.22.62.41', os.name: 'Windows 10', os.arch: 'amd64', os.version: '10.0', java.version: '1.8.0_101'
Driver info: driver.version: RemoteWebDriver
2016-02-10 14:38:30  ERROR [ZaycevMaven.ZaycevMavenProject.ZaycevHomePage] : Some trouble with Button Login org.openqa.selenium.NoSuchSessionException: Session ID is null. Using WebDriver after calling quit()?
Build info: version: '3.0.0-beta4', revision: '3169782', time: '2016-09-29 10:30:04 -0700'
System info: host: 'DESKTOP-8J5QEN7', ip: '172.22.62.41', os.name: 'Windows 10', os.arch: 'amd64', os.version: '10.0', java.version: '1.8.0_101'
Driver info: driver.version: RemoteWebDriver
2016-02-10 14:38:30  ERROR [ZaycevMaven.ZaycevMavenProject.ZaycevHomePage] : Some trouble with Email org.openqa.selenium.NoSuchSessionException: Session ID is null. Using WebDriver after calling quit()?
Build info: version: '3.0.0-beta4', revision: '3169782', time: '2016-09-29 10:30:04 -0700'
System info: host: 'DESKTOP-8J5QEN7', ip: '172.22.62.41', os.name: 'Windows 10', os.arch: 'amd64', os.version: '10.0', java.version: '1.8.0_101'
Driver info: driver.version: RemoteWebDriver
2016-02-10 14:38:30  ERROR [ZaycevMaven.ZaycevMavenProject.ZaycevHomePage] : Some trouble with Password org.openqa.selenium.NoSuchSessionException: Session ID is null. Using WebDriver after calling quit()?
Build info: version: '3.0.0-beta4', revision: '3169782', time: '2016-09-29 10:30:04 -0700'
System info: host: 'DESKTOP-8J5QEN7', ip: '172.22.62.41', os.name: 'Windows 10', os.arch: 'amd64', os.version: '10.0', java.version: '1.8.0_101'
Driver info: driver.version: RemoteWebDriver
2016-02-10 14:38:30  ERROR [ZaycevMaven.ZaycevMavenProject.ZaycevHomePage] : Some trouble with Button Entry button org.openqa.selenium.NoSuchSessionException: Session ID is null. Using WebDriver after calling quit()?
Build info: version: '3.0.0-beta4', revision: '3169782', time: '2016-09-29 10:30:04 -0700'
System info: host: 'DESKTOP-8J5QEN7', ip: '172.22.62.41', os.name: 'Windows 10', os.arch: 'amd64', os.version: '10.0', java.version: '1.8.0_101'
Driver info: driver.version: RemoteWebDriver
2016-02-10 14:38:30  ERROR [ZaycevMaven.ZaycevMavenProject.ZaycevHomePage] : Some trouble with pPoisk link org.openqa.selenium.NoSuchSessionException: Session ID is null. Using WebDriver after calling quit()?
Build info: version: '3.0.0-beta4', revision: '3169782', time: '2016-09-29 10:30:04 -0700'
System info: host: 'DESKTOP-8J5QEN7', ip: '172.22.62.41', os.name: 'Windows 10', os.arch: 'amd64', os.version: '10.0', java.version: '1.8.0_101'
Driver info: driver.version: RemoteWebDriver
2016-02-10 14:38:30  ERROR [ZaycevMaven.ZaycevMavenProject.ZaycevSearchingPage] : Song isn't inserted org.openqa.selenium.NoSuchSessionException: Session ID is null. Using WebDriver after calling quit()?
Build info: version: '3.0.0-beta4', revision: '3169782', time: '2016-09-29 10:30:04 -0700'
System info: host: 'DESKTOP-8J5QEN7', ip: '172.22.62.41', os.name: 'Windows 10', os.arch: 'amd64', os.version: '10.0', java.version: '1.8.0_101'
Driver info: driver.version: RemoteWebDriver
2016-02-10 14:38:30  ERROR [ZaycevMaven.ZaycevMavenProject.ZaycevSearchingPage] : Error with Iskat Button org.openqa.selenium.NoSuchSessionException: Session ID is null. Using WebDriver after calling quit()?
Build info: version: '3.0.0-beta4', revision: '3169782', time: '2016-09-29 10:30:04 -0700'
System info: host: 'DESKTOP-8J5QEN7', ip: '172.22.62.41', os.name: 'Windows 10', os.arch: 'amd64', os.version: '10.0', java.version: '1.8.0_101'
Driver info: driver.version: RemoteWebDriver
2016-02-10 14:38:30  ERROR [ZaycevMaven.ZaycevMavenProject.ZaycevSearchingPage] : Error with pervaja Pesna org.openqa.selenium.NoSuchSessionException: Session ID is null. Using WebDriver after calling quit()?
Build info: version: '3.0.0-beta4', revision: '3169782', time: '2016-09-29 10:30:04 -0700'
System info: host: 'DESKTOP-8J5QEN7', ip: '172.22.62.41', os.name: 'Windows 10', os.arch: 'amd64', os.version: '10.0', java.version: '1.8.0_101'
Driver info: driver.version: RemoteWebDriver
2016-02-10 14:38:30  ERROR [ZaycevMaven.ZaycevMavenProject.ZaycevHomePage] : Couldn't open home pageorg.openqa.selenium.NoSuchSessionException: Session ID is null. Using WebDriver after calling quit()?
Build info: version: '3.0.0-beta4', revision: '3169782', time: '2016-09-29 10:30:04 -0700'
System info: host: 'DESKTOP-8J5QEN7', ip: '172.22.62.41', os.name: 'Windows 10', os.arch: 'amd64', os.version: '10.0', java.version: '1.8.0_101'
Driver info: driver.version: RemoteWebDriver
2016-02-10 14:38:30  ERROR [ZaycevMaven.ZaycevMavenProject.ZaycevHomePage] : Some trouble with Button Login org.openqa.selenium.NoSuchSessionException: Session ID is null. Using WebDriver after calling quit()?
Build info: version: '3.0.0-beta4', revision: '3169782', time: '2016-09-29 10:30:04 -0700'
System info: host: 'DESKTOP-8J5QEN7', ip: '172.22.62.41', os.name: 'Windows 10', os.arch: 'amd64', os.version: '10.0', java.version: '1.8.0_101'
Driver info: driver.version: RemoteWebDriver
2016-02-10 14:38:30  ERROR [ZaycevMaven.ZaycevMavenProject.ZaycevHomePage] : Some trouble with Email org.openqa.selenium.NoSuchSessionException: Session ID is null. Using WebDriver after calling quit()?
Build info: version: '3.0.0-beta4', revision: '3169782', time: '2016-09-29 10:30:04 -0700'
System info: host: 'DESKTOP-8J5QEN7', ip: '172.22.62.41', os.name: 'Windows 10', os.arch: 'amd64', os.version: '10.0', java.version: '1.8.0_101'
Driver info: driver.version: RemoteWebDriver
2016-02-10 14:38:30  ERROR [ZaycevMaven.ZaycevMavenProject.ZaycevHomePage] : Some trouble with Password org.openqa.selenium.NoSuchSessionException: Session ID is null. Using WebDriver after calling quit()?
Build info: version: '3.0.0-beta4', revision: '3169782', time: '2016-09-29 10:30:04 -0700'
System info: host: 'DESKTOP-8J5QEN7', ip: '172.22.62.41', os.name: 'Windows 10', os.arch: 'amd64', os.version: '10.0', java.version: '1.8.0_101'
Driver info: driver.version: RemoteWebDriver
2016-02-10 14:38:30  ERROR [ZaycevMaven.ZaycevMavenProject.ZaycevHomePage] : Some trouble with Button Entry button org.openqa.selenium.NoSuchSessionException: Session ID is null. Using WebDriver after calling quit()?
Build info: version: '3.0.0-beta4', revision: '3169782', time: '2016-09-29 10:30:04 -0700'
System info: host: 'DESKTOP-8J5QEN7', ip: '172.22.62.41', os.name: 'Windows 10', os.arch: 'amd64', os.version: '10.0', java.version: '1.8.0_101'
Driver info: driver.version: RemoteWebDriver
2016-02-10 14:38:30   INFO [ZaycevMaven.ZaycevMavenProject.ZaycevHomePage] : Got text from UserNam
2016-02-10 14:38:30  ERROR [ZaycevMaven.ZaycevMavenProject.ZaycevHomePage] : Some trouble with getting text from UserNam org.openqa.selenium.NoSuchSessionException: Session ID is null. Using WebDriver after calling quit()?
Build info: version: '3.0.0-beta4', revision: '3169782', time: '2016-09-29 10:30:04 -0700'
System info: host: 'DESKTOP-8J5QEN7', ip: '172.22.62.41', os.name: 'Windows 10', os.arch: 'amd64', os.version: '10.0', java.version: '1.8.0_101'
Driver info: driver.version: RemoteWebDriver
2016-02-10 14:46:12   INFO [ZaycevMaven.ZaycevMavenProject.ZaycevHomePage] : Home page opened
2016-02-10 14:46:13   INFO [ZaycevMaven.ZaycevMavenProject.ZaycevHomePage] : Button Login clicked
2016-02-10 14:46:13   INFO [ZaycevMaven.ZaycevMavenProject.ZaycevHomePage] : Email entered
2016-02-10 14:46:13   INFO [ZaycevMaven.ZaycevMavenProject.ZaycevHomePage] : Password entered
2016-02-10 14:46:14   INFO [ZaycevMaven.ZaycevMavenProject.ZaycevHomePage] : Entry button Enter clicked
2016-02-10 14:46:16   INFO [ZaycevMaven.ZaycevMavenProject.ZaycevHomePage] : Poisk link clicked
2016-02-10 14:46:27   INFO [ZaycevMaven.ZaycevMavenProject.ZaycevHomePage] : Home page opened
2016-02-10 14:46:27   INFO [ZaycevMaven.ZaycevMavenProject.ZaycevHomePage] : Button Login clicked
2016-02-10 14:46:27   INFO [ZaycevMaven.ZaycevMavenProject.ZaycevHomePage] : Email entered
2016-02-10 14:46:27   INFO [ZaycevMaven.ZaycevMavenProject.ZaycevHomePage] : Password entered
2016-02-10 14:46:29   INFO [ZaycevMaven.ZaycevMavenProject.ZaycevHomePage] : Entry button Enter clicked
2016-02-10 14:46:31   INFO [ZaycevMaven.ZaycevMavenProject.ZaycevHomePage] : Poisk link clicked
2016-02-10 14:46:35   INFO [ZaycevMaven.ZaycevMavenProject.ZaycevSearchingPage] : Iskat Button pressed
2016-02-10 14:46:35   INFO [ZaycevMaven.ZaycevMavenProject.ZaycevSearchingPage] : First Song highlighted
2016-02-10 14:46:35   INFO [ZaycevMaven.ZaycevMavenProject.ZaycevSearchingPage] : DownLoad first Song button clicked
2016-02-10 14:46:52   INFO [ZaycevMaven.ZaycevMavenProject.ZaycevHomePage] : Driver shuted down
2016-02-10 14:49:05   INFO [ZaycevMaven.ZaycevMavenProject.ZaycevHomePage] : Home page opened
2016-02-10 14:49:06   INFO [ZaycevMaven.ZaycevMavenProject.ZaycevHomePage] : Button Login clicked
2016-02-10 14:49:06   INFO [ZaycevMaven.ZaycevMavenProject.ZaycevHomePage] : Email entered
2016-02-10 14:49:06   INFO [ZaycevMaven.ZaycevMavenProject.ZaycevHomePage] : Password entered
2016-02-10 14:49:07   INFO [ZaycevMaven.ZaycevMavenProject.ZaycevHomePage] : Entry button Enter clicked
2016-02-10 14:49:09   INFO [ZaycevMaven.ZaycevMavenProject.ZaycevHomePage] : Poisk link clicked
2016-02-10 14:49:12   INFO [ZaycevMaven.ZaycevMavenProject.ZaycevSearchingPage] : Iskat Button pressed
2016-02-10 14:49:12   INFO [ZaycevMaven.ZaycevMavenProject.ZaycevSearchingPage] : First Song highlighted
2016-02-10 14:49:12   INFO [ZaycevMaven.ZaycevMavenProject.ZaycevSearchingPage] : DownLoad first Song button clicked
2016-02-10 14:49:13   INFO [ZaycevMaven.ZaycevMavenProject.ZaycevHomePage] : Driver shuted down
2016-02-10 14:49:22   INFO [ZaycevMaven.ZaycevMavenProject.ZaycevHomePage] : Home page opened
2016-02-10 14:49:22   INFO [ZaycevMaven.ZaycevMavenProject.ZaycevHomePage] : Button Login clicked
2016-02-10 14:49:23   INFO [ZaycevMaven.ZaycevMavenProject.ZaycevHomePage] : Email entered
2016-02-10 14:49:23   INFO [ZaycevMaven.ZaycevMavenProject.ZaycevHomePage] : Password entered
2016-02-10 14:49:24   INFO [ZaycevMaven.ZaycevMavenProject.ZaycevHomePage] : Entry button Enter clicked
2016-02-10 14:49:26   INFO [ZaycevMaven.ZaycevMavenProject.ZaycevHomePage] : Poisk link clicked
2016-02-10 14:49:30   INFO [ZaycevMaven.ZaycevMavenProject.ZaycevSearchingPage] : Iskat Button pressed
2016-02-10 14:49:30   INFO [ZaycevMaven.ZaycevMavenProject.ZaycevSearchingPage] : Play First Song Button pressed
2016-02-10 14:49:30   INFO [ZaycevMaven.ZaycevMavenProject.ZaycevSearchingPage] : First song is playinnig progress bar displayed
2016-02-10 14:49:31   INFO [ZaycevMaven.ZaycevMavenProject.ZaycevHomePage] : Driver shuted down
2016-02-10 14:49:53   INFO [ZaycevMaven.ZaycevMavenProject.ZaycevHomePage] : Home page opened
2016-02-10 14:49:54   INFO [ZaycevMaven.ZaycevMavenProject.ZaycevHomePage] : Button Login clicked
2016-02-10 14:49:54   INFO [ZaycevMaven.ZaycevMavenProject.ZaycevHomePage] : Email entered
2016-02-10 14:49:54   INFO [ZaycevMaven.ZaycevMavenProject.ZaycevHomePage] : Password entered
2016-02-10 14:49:55   INFO [ZaycevMaven.ZaycevMavenProject.ZaycevHomePage] : Entry button Enter clicked
2016-02-10 14:49:55   INFO [ZaycevMaven.ZaycevMavenProject.ZaycevHomePage] : Passed Text from Bad credentionals message
2016-02-10 14:49:55   INFO [ZaycevMaven.ZaycevMavenProject.ZaycevBadCredentialsPage] : Message about bad credentionals is displayed
2016-02-10 14:49:55   INFO [ZaycevMaven.ZaycevMavenProject.ZaycevBadCredentialsPage] : Got message about bad credentionals
2016-02-10 14:49:56   INFO [ZaycevMaven.ZaycevMavenProject.ZaycevHomePage] : Driver shuted down
2016-02-10 14:50:51   INFO [ZaycevMaven.ZaycevMavenProject.ZaycevHomePage] : Home page opened
2016-02-10 14:50:51   INFO [ZaycevMaven.ZaycevMavenProject.ZaycevHomePage] : Button Login clicked
2016-02-10 14:50:51   INFO [ZaycevMaven.ZaycevMavenProject.ZaycevHomePage] : Email entered
2016-02-10 14:50:51   INFO [ZaycevMaven.ZaycevMavenProject.ZaycevHomePage] : Password entered
2016-02-10 14:50:54   INFO [ZaycevMaven.ZaycevMavenProject.ZaycevHomePage] : Entry button Enter clicked
2016-02-10 14:50:56   INFO [ZaycevMaven.ZaycevMavenProject.ZaycevHomePage] : Poisk link clicked
2016-02-10 14:50:59   INFO [ZaycevMaven.ZaycevMavenProject.ZaycevSearchingPage] : Iskat Button pressed
2016-02-10 14:50:59   INFO [ZaycevMaven.ZaycevMavenProject.ZaycevSearchingPage] : pervaja Pesna will be vzata
2016-02-10 14:51:00   INFO [ZaycevMaven.ZaycevMavenProject.ZaycevHomePage] : Driver shuted down
2016-02-10 14:52:58   INFO [ZaycevMaven.ZaycevMavenProject.ZaycevHomePage] : Home page opened
2016-02-10 14:52:58   INFO [ZaycevMaven.ZaycevMavenProject.ZaycevHomePage] : Button Login clicked
2016-02-10 14:52:58   INFO [ZaycevMaven.ZaycevMavenProject.ZaycevHomePage] : Email entered
2016-02-10 14:52:58   INFO [ZaycevMaven.ZaycevMavenProject.ZaycevHomePage] : Password entered
2016-02-10 14:53:02   INFO [ZaycevMaven.ZaycevMavenProject.ZaycevHomePage] : Entry button Enter clicked
2016-02-10 14:53:06   INFO [ZaycevMaven.ZaycevMavenProject.ZaycevHomePage] : Poisk link clicked
2016-02-10 14:53:10   INFO [ZaycevMaven.ZaycevMavenProject.ZaycevSearchingPage] : Iskat Button pressed
2016-02-10 14:53:10   INFO [ZaycevMaven.ZaycevMavenProject.ZaycevSearchingPage] : First Song highlighted
2016-02-10 14:53:10   INFO [ZaycevMaven.ZaycevMavenProject.ZaycevSearchingPage] : DownLoad first Song button clicked
2016-02-10 14:53:11   INFO [ZaycevMaven.ZaycevMavenProject.ZaycevHomePage] : Driver shuted down
2016-02-10 14:53:11  ERROR [ZaycevMaven.ZaycevMavenProject.ZaycevHomePage] : Couldn't open home pageorg.openqa.selenium.NoSuchSessionException: Session ID is null. Using WebDriver after calling quit()?
Build info: version: '3.0.0-beta4', revision: '3169782', time: '2016-09-29 10:30:04 -0700'
System info: host: 'DESKTOP-8J5QEN7', ip: '172.22.62.41', os.name: 'Windows 10', os.arch: 'amd64', os.version: '10.0', java.version: '1.8.0_101'
Driver info: driver.version: RemoteWebDriver
2016-02-10 14:53:11  ERROR [ZaycevMaven.ZaycevMavenProject.ZaycevHomePage] : Some trouble with Button Login org.openqa.selenium.NoSuchSessionException: Session ID is null. Using WebDriver after calling quit()?
Build info: version: '3.0.0-beta4', revision: '3169782', time: '2016-09-29 10:30:04 -0700'
System info: host: 'DESKTOP-8J5QEN7', ip: '172.22.62.41', os.name: 'Windows 10', os.arch: 'amd64', os.version: '10.0', java.version: '1.8.0_101'
Driver info: driver.version: RemoteWebDriver
2016-02-10 14:53:11  ERROR [ZaycevMaven.ZaycevMavenProject.ZaycevHomePage] : Some trouble with Email org.openqa.selenium.NoSuchSessionException: Session ID is null. Using WebDriver after calling quit()?
Build info: version: '3.0.0-beta4', revision: '3169782', time: '2016-09-29 10:30:04 -0700'
System info: host: 'DESKTOP-8J5QEN7', ip: '172.22.62.41', os.name: 'Windows 10', os.arch: 'amd64', os.version: '10.0', java.version: '1.8.0_101'
Driver info: driver.version: RemoteWebDriver
2016-02-10 14:53:11  ERROR [ZaycevMaven.ZaycevMavenProject.ZaycevHomePage] : Some trouble with Password org.openqa.selenium.NoSuchSessionException: Session ID is null. Using WebDriver after calling quit()?
Build info: version: '3.0.0-beta4', revision: '3169782', time: '2016-09-29 10:30:04 -0700'
System info: host: 'DESKTOP-8J5QEN7', ip: '172.22.62.41', os.name: 'Windows 10', os.arch: 'amd64', os.version: '10.0', java.version: '1.8.0_101'
Driver info: driver.version: RemoteWebDriver
2016-02-10 14:53:11  ERROR [ZaycevMaven.ZaycevMavenProject.ZaycevHomePage] : Some trouble with Button Entry button org.openqa.selenium.NoSuchSessionException: Session ID is null. Using WebDriver after calling quit()?
Build info: version: '3.0.0-beta4', revision: '3169782', time: '2016-09-29 10:30:04 -0700'
System info: host: 'DESKTOP-8J5QEN7', ip: '172.22.62.41', os.name: 'Windows 10', os.arch: 'amd64', os.version: '10.0', java.version: '1.8.0_101'
Driver info: driver.version: RemoteWebDriver
2016-02-10 14:53:11  ERROR [ZaycevMaven.ZaycevMavenProject.ZaycevHomePage] : Some trouble with pPoisk link org.openqa.selenium.NoSuchSessionException: Session ID is null. Using WebDriver after calling quit()?
Build info: version: '3.0.0-beta4', revision: '3169782', time: '2016-09-29 10:30:04 -0700'
System info: host: 'DESKTOP-8J5QEN7', ip: '172.22.62.41', os.name: 'Windows 10', os.arch: 'amd64', os.version: '10.0', java.version: '1.8.0_101'
Driver info: driver.version: RemoteWebDriver
2016-02-10 14:53:11  ERROR [ZaycevMaven.ZaycevMavenProject.ZaycevSearchingPage] : Song isn't inserted org.openqa.selenium.NoSuchSessionException: Session ID is null. Using WebDriver after calling quit()?
Build info: version: '3.0.0-beta4', revision: '3169782', time: '2016-09-29 10:30:04 -0700'
System info: host: 'DESKTOP-8J5QEN7', ip: '172.22.62.41', os.name: 'Windows 10', os.arch: 'amd64', os.version: '10.0', java.version: '1.8.0_101'
Driver info: driver.version: RemoteWebDriver
2016-02-10 14:53:11  ERROR [ZaycevMaven.ZaycevMavenProject.ZaycevSearchingPage] : Error with Iskat Button org.openqa.selenium.NoSuchSessionException: Session ID is null. Using WebDriver after calling quit()?
Build info: version: '3.0.0-beta4', revision: '3169782', time: '2016-09-29 10:30:04 -0700'
System info: host: 'DESKTOP-8J5QEN7', ip: '172.22.62.41', os.name: 'Windows 10', os.arch: 'amd64', os.version: '10.0', java.version: '1.8.0_101'
Driver info: driver.version: RemoteWebDriver
2016-02-10 14:53:11  ERROR [ZaycevMaven.ZaycevMavenProject.ZaycevSearchingPage] : Error with Play First Button org.openqa.selenium.NoSuchSessionException: Session ID is null. Using WebDriver after calling quit()?
Build info: version: '3.0.0-beta4', revision: '3169782', time: '2016-09-29 10:30:04 -0700'
System info: host: 'DESKTOP-8J5QEN7', ip: '172.22.62.41', os.name: 'Windows 10', os.arch: 'amd64', os.version: '10.0', java.version: '1.8.0_101'
Driver info: driver.version: RemoteWebDriver
2016-02-10 14:53:11  ERROR [ZaycevMaven.ZaycevMavenProject.ZaycevHomePage] : Couldn't open home pageorg.openqa.selenium.NoSuchSessionException: Session ID is null. Using WebDriver after calling quit()?
Build info: version: '3.0.0-beta4', revision: '3169782', time: '2016-09-29 10:30:04 -0700'
System info: host: 'DESKTOP-8J5QEN7', ip: '172.22.62.41', os.name: 'Windows 10', os.arch: 'amd64', os.version: '10.0', java.version: '1.8.0_101'
Driver info: driver.version: RemoteWebDriver
2016-02-10 14:53:11  ERROR [ZaycevMaven.ZaycevMavenProject.ZaycevHomePage] : Some trouble with Button Login org.openqa.selenium.NoSuchSessionException: Session ID is null. Using WebDriver after calling quit()?
Build info: version: '3.0.0-beta4', revision: '3169782', time: '2016-09-29 10:30:04 -0700'
System info: host: 'DESKTOP-8J5QEN7', ip: '172.22.62.41', os.name: 'Windows 10', os.arch: 'amd64', os.version: '10.0', java.version: '1.8.0_101'
Driver info: driver.version: RemoteWebDriver
2016-02-10 14:53:11  ERROR [ZaycevMaven.ZaycevMavenProject.ZaycevHomePage] : Some trouble with Email org.openqa.selenium.NoSuchSessionException: Session ID is null. Using WebDriver after calling quit()?
Build info: version: '3.0.0-beta4', revision: '3169782', time: '2016-09-29 10:30:04 -0700'
System info: host: 'DESKTOP-8J5QEN7', ip: '172.22.62.41', os.name: 'Windows 10', os.arch: 'amd64', os.version: '10.0', java.version: '1.8.0_101'
Driver info: driver.version: RemoteWebDriver
2016-02-10 14:53:11  ERROR [ZaycevMaven.ZaycevMavenProject.ZaycevHomePage] : Some trouble with Password org.openqa.selenium.NoSuchSessionException: Session ID is null. Using WebDriver after calling quit()?
Build info: version: '3.0.0-beta4', revision: '3169782', time: '2016-09-29 10:30:04 -0700'
System info: host: 'DESKTOP-8J5QEN7', ip: '172.22.62.41', os.name: 'Windows 10', os.arch: 'amd64', os.version: '10.0', java.version: '1.8.0_101'
Driver info: driver.version: RemoteWebDriver
2016-02-10 14:53:11  ERROR [ZaycevMaven.ZaycevMavenProject.ZaycevHomePage] : Some trouble with Button Entry button org.openqa.selenium.NoSuchSessionException: Session ID is null. Using WebDriver after calling quit()?
Build info: version: '3.0.0-beta4', revision: '3169782', time: '2016-09-29 10:30:04 -0700'
System info: host: 'DESKTOP-8J5QEN7', ip: '172.22.62.41', os.name: 'Windows 10', os.arch: 'amd64', os.version: '10.0', java.version: '1.8.0_101'
Driver info: driver.version: RemoteWebDriver
2016-02-10 14:53:11   INFO [ZaycevMaven.ZaycevMavenProject.ZaycevHomePage] : Passed Text from Bad credentionals message
2016-02-10 14:53:11  ERROR [ZaycevMaven.ZaycevMavenProject.ZaycevBadCredentialsPage] : Some troubles with Bad Credantionals message org.openqa.selenium.NoSuchSessionException: Session ID is null. Using WebDriver after calling quit()?
Build info: version: '3.0.0-beta4', revision: '3169782', time: '2016-09-29 10:30:04 -0700'
System info: host: 'DESKTOP-8J5QEN7', ip: '172.22.62.41', os.name: 'Windows 10', os.arch: 'amd64', os.version: '10.0', java.version: '1.8.0_101'
Driver info: driver.version: RemoteWebDriver
2016-02-10 14:53:11  ERROR [ZaycevMaven.ZaycevMavenProject.ZaycevHomePage] : Couldn't open home pageorg.openqa.selenium.NoSuchSessionException: Session ID is null. Using WebDriver after calling quit()?
Build info: version: '3.0.0-beta4', revision: '3169782', time: '2016-09-29 10:30:04 -0700'
System info: host: 'DESKTOP-8J5QEN7', ip: '172.22.62.41', os.name: 'Windows 10', os.arch: 'amd64', os.version: '10.0', java.version: '1.8.0_101'
Driver info: driver.version: RemoteWebDriver
2016-02-10 14:53:11  ERROR [ZaycevMaven.ZaycevMavenProject.ZaycevHomePage] : Some trouble with Button Login org.openqa.selenium.NoSuchSessionException: Session ID is null. Using WebDriver after calling quit()?
Build info: version: '3.0.0-beta4', revision: '3169782', time: '2016-09-29 10:30:04 -0700'
System info: host: 'DESKTOP-8J5QEN7', ip: '172.22.62.41', os.name: 'Windows 10', os.arch: 'amd64', os.version: '10.0', java.version: '1.8.0_101'
Driver info: driver.version: RemoteWebDriver
2016-02-10 14:53:11  ERROR [ZaycevMaven.ZaycevMavenProject.ZaycevHomePage] : Some trouble with Email org.openqa.selenium.NoSuchSessionException: Session ID is null. Using WebDriver after calling quit()?
Build info: version: '3.0.0-beta4', revision: '3169782', time: '2016-09-29 10:30:04 -0700'
System info: host: 'DESKTOP-8J5QEN7', ip: '172.22.62.41', os.name: 'Windows 10', os.arch: 'amd64', os.version: '10.0', java.version: '1.8.0_101'
Driver info: driver.version: RemoteWebDriver
2016-02-10 14:53:11  ERROR [ZaycevMaven.ZaycevMavenProject.ZaycevHomePage] : Some trouble with Password org.openqa.selenium.NoSuchSessionException: Session ID is null. Using WebDriver after calling quit()?
Build info: version: '3.0.0-beta4', revision: '3169782', time: '2016-09-29 10:30:04 -0700'
System info: host: 'DESKTOP-8J5QEN7', ip: '172.22.62.41', os.name: 'Windows 10', os.arch: 'amd64', os.version: '10.0', java.version: '1.8.0_101'
Driver info: driver.version: RemoteWebDriver
2016-02-10 14:53:11  ERROR [ZaycevMaven.ZaycevMavenProject.ZaycevHomePage] : Some trouble with Button Entry button org.openqa.selenium.NoSuchSessionException: Session ID is null. Using WebDriver after calling quit()?
Build info: version: '3.0.0-beta4', revision: '3169782', time: '2016-09-29 10:30:04 -0700'
System info: host: 'DESKTOP-8J5QEN7', ip: '172.22.62.41', os.name: 'Windows 10', os.arch: 'amd64', os.version: '10.0', java.version: '1.8.0_101'
Driver info: driver.version: RemoteWebDriver
2016-02-10 14:53:11  ERROR [ZaycevMaven.ZaycevMavenProject.ZaycevHomePage] : Some trouble with pPoisk link org.openqa.selenium.NoSuchSessionException: Session ID is null. Using WebDriver after calling quit()?
Build info: version: '3.0.0-beta4', revision: '3169782', time: '2016-09-29 10:30:04 -0700'
System info: host: 'DESKTOP-8J5QEN7', ip: '172.22.62.41', os.name: 'Windows 10', os.arch: 'amd64', os.version: '10.0', java.version: '1.8.0_101'
Driver info: driver.version: RemoteWebDriver
2016-02-10 14:53:11  ERROR [ZaycevMaven.ZaycevMavenProject.ZaycevSearchingPage] : Song isn't inserted org.openqa.selenium.NoSuchSessionException: Session ID is null. Using WebDriver after calling quit()?
Build info: version: '3.0.0-beta4', revision: '3169782', time: '2016-09-29 10:30:04 -0700'
System info: host: 'DESKTOP-8J5QEN7', ip: '172.22.62.41', os.name: 'Windows 10', os.arch: 'amd64', os.version: '10.0', java.version: '1.8.0_101'
Driver info: driver.version: RemoteWebDriver
2016-02-10 14:53:11  ERROR [ZaycevMaven.ZaycevMavenProject.ZaycevSearchingPage] : Error with Iskat Button org.openqa.selenium.NoSuchSessionException: Session ID is null. Using WebDriver after calling quit()?
Build info: version: '3.0.0-beta4', revision: '3169782', time: '2016-09-29 10:30:04 -0700'
System info: host: 'DESKTOP-8J5QEN7', ip: '172.22.62.41', os.name: 'Windows 10', os.arch: 'amd64', os.version: '10.0', java.version: '1.8.0_101'
Driver info: driver.version: RemoteWebDriver
2016-02-10 14:53:11  ERROR [ZaycevMaven.ZaycevMavenProject.ZaycevSearchingPage] : Error with pervaja Pesna org.openqa.selenium.NoSuchSessionException: Session ID is null. Using WebDriver after calling quit()?
Build info: version: '3.0.0-beta4', revision: '3169782', time: '2016-09-29 10:30:04 -0700'
System info: host: 'DESKTOP-8J5QEN7', ip: '172.22.62.41', os.name: 'Windows 10', os.arch: 'amd64', os.version: '10.0', java.version: '1.8.0_101'
Driver info: driver.version: RemoteWebDriver
2016-02-10 14:53:11  ERROR [ZaycevMaven.ZaycevMavenProject.ZaycevHomePage] : Couldn't open home pageorg.openqa.selenium.NoSuchSessionException: Session ID is null. Using WebDriver after calling quit()?
Build info: version: '3.0.0-beta4', revision: '3169782', time: '2016-09-29 10:30:04 -0700'
System info: host: 'DESKTOP-8J5QEN7', ip: '172.22.62.41', os.name: 'Windows 10', os.arch: 'amd64', os.version: '10.0', java.version: '1.8.0_101'
Driver info: driver.version: RemoteWebDriver
2016-02-10 14:53:11  ERROR [ZaycevMaven.ZaycevMavenProject.ZaycevHomePage] : Some trouble with Button Login org.openqa.selenium.NoSuchSessionException: Session ID is null. Using WebDriver after calling quit()?
Build info: version: '3.0.0-beta4', revision: '3169782', time: '2016-09-29 10:30:04 -0700'
System info: host: 'DESKTOP-8J5QEN7', ip: '172.22.62.41', os.name: 'Windows 10', os.arch: 'amd64', os.version: '10.0', java.version: '1.8.0_101'
Driver info: driver.version: RemoteWebDriver
2016-02-10 14:53:11  ERROR [ZaycevMaven.ZaycevMavenProject.ZaycevHomePage] : Some trouble with Email org.openqa.selenium.NoSuchSessionException: Session ID is null. Using WebDriver after calling quit()?
Build info: version: '3.0.0-beta4', revision: '3169782', time: '2016-09-29 10:30:04 -0700'
System info: host: 'DESKTOP-8J5QEN7', ip: '172.22.62.41', os.name: 'Windows 10', os.arch: 'amd64', os.version: '10.0', java.version: '1.8.0_101'
Driver info: driver.version: RemoteWebDriver
2016-02-10 14:53:11  ERROR [ZaycevMaven.ZaycevMavenProject.ZaycevHomePage] : Some trouble with Password org.openqa.selenium.NoSuchSessionException: Session ID is null. Using WebDriver after calling quit()?
Build info: version: '3.0.0-beta4', revision: '3169782', time: '2016-09-29 10:30:04 -0700'
System info: host: 'DESKTOP-8J5QEN7', ip: '172.22.62.41', os.name: 'Windows 10', os.arch: 'amd64', os.version: '10.0', java.version: '1.8.0_101'
Driver info: driver.version: RemoteWebDriver
2016-02-10 14:53:11  ERROR [ZaycevMaven.ZaycevMavenProject.ZaycevHomePage] : Some trouble with Button Entry button org.openqa.selenium.NoSuchSessionException: Session ID is null. Using WebDriver after calling quit()?
Build info: version: '3.0.0-beta4', revision: '3169782', time: '2016-09-29 10:30:04 -0700'
System info: host: 'DESKTOP-8J5QEN7', ip: '172.22.62.41', os.name: 'Windows 10', os.arch: 'amd64', os.version: '10.0', java.version: '1.8.0_101'
Driver info: driver.version: RemoteWebDriver
2016-02-10 14:53:11   INFO [ZaycevMaven.ZaycevMavenProject.ZaycevHomePage] : Got text from UserNam
2016-02-10 14:53:11  ERROR [ZaycevMaven.ZaycevMavenProject.ZaycevHomePage] : Some trouble with getting text from UserNam org.openqa.selenium.NoSuchSessionException: Session ID is null. Using WebDriver after calling quit()?
Build info: version: '3.0.0-beta4', revision: '3169782', time: '2016-09-29 10:30:04 -0700'
System info: host: 'DESKTOP-8J5QEN7', ip: '172.22.62.41', os.name: 'Windows 10', os.arch: 'amd64', os.version: '10.0', java.version: '1.8.0_101'
Driver info: driver.version: RemoteWebDriver
2016-02-10 14:56:59   INFO [ZaycevMaven.ZaycevMavenProject.ZaycevHomePage] : Home page opened
2016-02-10 14:56:59   INFO [ZaycevMaven.ZaycevMavenProject.ZaycevHomePage] : Button Login clicked
2016-02-10 14:56:59   INFO [ZaycevMaven.ZaycevMavenProject.ZaycevHomePage] : Email entered
2016-02-10 14:56:59   INFO [ZaycevMaven.ZaycevMavenProject.ZaycevHomePage] : Password entered
2016-02-10 14:57:01   INFO [ZaycevMaven.ZaycevMavenProject.ZaycevHomePage] : Entry button Enter clicked
2016-02-10 14:57:03   INFO [ZaycevMaven.ZaycevMavenProject.ZaycevHomePage] : Poisk link clicked
2016-02-10 14:57:06   INFO [ZaycevMaven.ZaycevMavenProject.ZaycevSearchingPage] : Iskat Button pressed
2016-02-10 14:57:06   INFO [ZaycevMaven.ZaycevMavenProject.ZaycevSearchingPage] : First Song highlighted
2016-02-10 14:57:06   INFO [ZaycevMaven.ZaycevMavenProject.ZaycevSearchingPage] : DownLoad first Song button clicked
2016-02-10 14:57:08   INFO [ZaycevMaven.ZaycevMavenProject.ZaycevHomePage] : Driver shuted down
2016-02-10 14:57:08  ERROR [ZaycevMaven.ZaycevMavenProject.ZaycevHomePage] : Couldn't open home pageorg.openqa.selenium.NoSuchSessionException: Session ID is null. Using WebDriver after calling quit()?
Build info: version: '3.0.0-beta4', revision: '3169782', time: '2016-09-29 10:30:04 -0700'
System info: host: 'DESKTOP-8J5QEN7', ip: '172.22.62.41', os.name: 'Windows 10', os.arch: 'amd64', os.version: '10.0', java.version: '1.8.0_101'
Driver info: driver.version: RemoteWebDriver
2016-02-10 14:57:08  ERROR [ZaycevMaven.ZaycevMavenProject.ZaycevHomePage] : Some trouble with Button Login org.openqa.selenium.NoSuchSessionException: Session ID is null. Using WebDriver after calling quit()?
Build info: version: '3.0.0-beta4', revision: '3169782', time: '2016-09-29 10:30:04 -0700'
System info: host: 'DESKTOP-8J5QEN7', ip: '172.22.62.41', os.name: 'Windows 10', os.arch: 'amd64', os.version: '10.0', java.version: '1.8.0_101'
Driver info: driver.version: RemoteWebDriver
2016-02-10 14:57:08  ERROR [ZaycevMaven.ZaycevMavenProject.ZaycevHomePage] : Some trouble with Email org.openqa.selenium.NoSuchSessionException: Session ID is null. Using WebDriver after calling quit()?
Build info: version: '3.0.0-beta4', revision: '3169782', time: '2016-09-29 10:30:04 -0700'
System info: host: 'DESKTOP-8J5QEN7', ip: '172.22.62.41', os.name: 'Windows 10', os.arch: 'amd64', os.version: '10.0', java.version: '1.8.0_101'
Driver info: driver.version: RemoteWebDriver
2016-02-10 14:57:08  ERROR [ZaycevMaven.ZaycevMavenProject.ZaycevHomePage] : Some trouble with Password org.openqa.selenium.NoSuchSessionException: Session ID is null. Using WebDriver after calling quit()?
Build info: version: '3.0.0-beta4', revision: '3169782', time: '2016-09-29 10:30:04 -0700'
System info: host: 'DESKTOP-8J5QEN7', ip: '172.22.62.41', os.name: 'Windows 10', os.arch: 'amd64', os.version: '10.0', java.version: '1.8.0_101'
Driver info: driver.version: RemoteWebDriver
2016-02-10 14:57:08  ERROR [ZaycevMaven.ZaycevMavenProject.ZaycevHomePage] : Some trouble with Button Entry button org.openqa.selenium.NoSuchSessionException: Session ID is null. Using WebDriver after calling quit()?
Build info: version: '3.0.0-beta4', revision: '3169782', time: '2016-09-29 10:30:04 -0700'
System info: host: 'DESKTOP-8J5QEN7', ip: '172.22.62.41', os.name: 'Windows 10', os.arch: 'amd64', os.version: '10.0', java.version: '1.8.0_101'
Driver info: driver.version: RemoteWebDriver
2016-02-10 14:57:08  ERROR [ZaycevMaven.ZaycevMavenProject.ZaycevHomePage] : Some trouble with pPoisk link org.openqa.selenium.NoSuchSessionException: Session ID is null. Using WebDriver after calling quit()?
Build info: version: '3.0.0-beta4', revision: '3169782', time: '2016-09-29 10:30:04 -0700'
System info: host: 'DESKTOP-8J5QEN7', ip: '172.22.62.41', os.name: 'Windows 10', os.arch: 'amd64', os.version: '10.0', java.version: '1.8.0_101'
Driver info: driver.version: RemoteWebDriver
2016-02-10 14:57:08  ERROR [ZaycevMaven.ZaycevMavenProject.ZaycevSearchingPage] : Song isn't inserted org.openqa.selenium.NoSuchSessionException: Session ID is null. Using WebDriver after calling quit()?
Build info: version: '3.0.0-beta4', revision: '3169782', time: '2016-09-29 10:30:04 -0700'
System info: host: 'DESKTOP-8J5QEN7', ip: '172.22.62.41', os.name: 'Windows 10', os.arch: 'amd64', os.version: '10.0', java.version: '1.8.0_101'
Driver info: driver.version: RemoteWebDriver
2016-02-10 14:57:08  ERROR [ZaycevMaven.ZaycevMavenProject.ZaycevSearchingPage] : Error with Iskat Button org.openqa.selenium.NoSuchSessionException: Session ID is null. Using WebDriver after calling quit()?
Build info: version: '3.0.0-beta4', revision: '3169782', time: '2016-09-29 10:30:04 -0700'
System info: host: 'DESKTOP-8J5QEN7', ip: '172.22.62.41', os.name: 'Windows 10', os.arch: 'amd64', os.version: '10.0', java.version: '1.8.0_101'
Driver info: driver.version: RemoteWebDriver
2016-02-10 14:57:08  ERROR [ZaycevMaven.ZaycevMavenProject.ZaycevSearchingPage] : Error with Play First Button org.openqa.selenium.NoSuchSessionException: Session ID is null. Using WebDriver after calling quit()?
Build info: version: '3.0.0-beta4', revision: '3169782', time: '2016-09-29 10:30:04 -0700'
System info: host: 'DESKTOP-8J5QEN7', ip: '172.22.62.41', os.name: 'Windows 10', os.arch: 'amd64', os.version: '10.0', java.version: '1.8.0_101'
Driver info: driver.version: RemoteWebDriver
2016-02-10 14:57:08  ERROR [ZaycevMaven.ZaycevMavenProject.ZaycevHomePage] : Couldn't open home pageorg.openqa.selenium.NoSuchSessionException: Session ID is null. Using WebDriver after calling quit()?
Build info: version: '3.0.0-beta4', revision: '3169782', time: '2016-09-29 10:30:04 -0700'
System info: host: 'DESKTOP-8J5QEN7', ip: '172.22.62.41', os.name: 'Windows 10', os.arch: 'amd64', os.version: '10.0', java.version: '1.8.0_101'
Driver info: driver.version: RemoteWebDriver
2016-02-10 14:57:08  ERROR [ZaycevMaven.ZaycevMavenProject.ZaycevHomePage] : Some trouble with Button Login org.openqa.selenium.NoSuchSessionException: Session ID is null. Using WebDriver after calling quit()?
Build info: version: '3.0.0-beta4', revision: '3169782', time: '2016-09-29 10:30:04 -0700'
System info: host: 'DESKTOP-8J5QEN7', ip: '172.22.62.41', os.name: 'Windows 10', os.arch: 'amd64', os.version: '10.0', java.version: '1.8.0_101'
Driver info: driver.version: RemoteWebDriver
2016-02-10 14:57:08  ERROR [ZaycevMaven.ZaycevMavenProject.ZaycevHomePage] : Some trouble with Email org.openqa.selenium.NoSuchSessionException: Session ID is null. Using WebDriver after calling quit()?
Build info: version: '3.0.0-beta4', revision: '3169782', time: '2016-09-29 10:30:04 -0700'
System info: host: 'DESKTOP-8J5QEN7', ip: '172.22.62.41', os.name: 'Windows 10', os.arch: 'amd64', os.version: '10.0', java.version: '1.8.0_101'
Driver info: driver.version: RemoteWebDriver
2016-02-10 14:57:08  ERROR [ZaycevMaven.ZaycevMavenProject.ZaycevHomePage] : Some trouble with Password org.openqa.selenium.NoSuchSessionException: Session ID is null. Using WebDriver after calling quit()?
Build info: version: '3.0.0-beta4', revision: '3169782', time: '2016-09-29 10:30:04 -0700'
System info: host: 'DESKTOP-8J5QEN7', ip: '172.22.62.41', os.name: 'Windows 10', os.arch: 'amd64', os.version: '10.0', java.version: '1.8.0_101'
Driver info: driver.version: RemoteWebDriver
2016-02-10 14:57:08  ERROR [ZaycevMaven.ZaycevMavenProject.ZaycevHomePage] : Some trouble with Button Entry button org.openqa.selenium.NoSuchSessionException: Session ID is null. Using WebDriver after calling quit()?
Build info: version: '3.0.0-beta4', revision: '3169782', time: '2016-09-29 10:30:04 -0700'
System info: host: 'DESKTOP-8J5QEN7', ip: '172.22.62.41', os.name: 'Windows 10', os.arch: 'amd64', os.version: '10.0', java.version: '1.8.0_101'
Driver info: driver.version: RemoteWebDriver
2016-02-10 14:57:08   INFO [ZaycevMaven.ZaycevMavenProject.ZaycevHomePage] : Passed Text from Bad credentionals message
2016-02-10 14:57:08  ERROR [ZaycevMaven.ZaycevMavenProject.ZaycevBadCredentialsPage] : Some troubles with Bad Credantionals message org.openqa.selenium.NoSuchSessionException: Session ID is null. Using WebDriver after calling quit()?
Build info: version: '3.0.0-beta4', revision: '3169782', time: '2016-09-29 10:30:04 -0700'
System info: host: 'DESKTOP-8J5QEN7', ip: '172.22.62.41', os.name: 'Windows 10', os.arch: 'amd64', os.version: '10.0', java.version: '1.8.0_101'
Driver info: driver.version: RemoteWebDriver
2016-02-10 14:57:08  ERROR [ZaycevMaven.ZaycevMavenProject.ZaycevHomePage] : Couldn't open home pageorg.openqa.selenium.NoSuchSessionException: Session ID is null. Using WebDriver after calling quit()?
Build info: version: '3.0.0-beta4', revision: '3169782', time: '2016-09-29 10:30:04 -0700'
System info: host: 'DESKTOP-8J5QEN7', ip: '172.22.62.41', os.name: 'Windows 10', os.arch: 'amd64', os.version: '10.0', java.version: '1.8.0_101'
Driver info: driver.version: RemoteWebDriver
2016-02-10 14:57:08  ERROR [ZaycevMaven.ZaycevMavenProject.ZaycevHomePage] : Some trouble with Button Login org.openqa.selenium.NoSuchSessionException: Session ID is null. Using WebDriver after calling quit()?
Build info: version: '3.0.0-beta4', revision: '3169782', time: '2016-09-29 10:30:04 -0700'
System info: host: 'DESKTOP-8J5QEN7', ip: '172.22.62.41', os.name: 'Windows 10', os.arch: 'amd64', os.version: '10.0', java.version: '1.8.0_101'
Driver info: driver.version: RemoteWebDriver
2016-02-10 14:57:08  ERROR [ZaycevMaven.ZaycevMavenProject.ZaycevHomePage] : Some trouble with Email org.openqa.selenium.NoSuchSessionException: Session ID is null. Using WebDriver after calling quit()?
Build info: version: '3.0.0-beta4', revision: '3169782', time: '2016-09-29 10:30:04 -0700'
System info: host: 'DESKTOP-8J5QEN7', ip: '172.22.62.41', os.name: 'Windows 10', os.arch: 'amd64', os.version: '10.0', java.version: '1.8.0_101'
Driver info: driver.version: RemoteWebDriver
2016-02-10 14:57:08  ERROR [ZaycevMaven.ZaycevMavenProject.ZaycevHomePage] : Some trouble with Password org.openqa.selenium.NoSuchSessionException: Session ID is null. Using WebDriver after calling quit()?
Build info: version: '3.0.0-beta4', revision: '3169782', time: '2016-09-29 10:30:04 -0700'
System info: host: 'DESKTOP-8J5QEN7', ip: '172.22.62.41', os.name: 'Windows 10', os.arch: 'amd64', os.version: '10.0', java.version: '1.8.0_101'
Driver info: driver.version: RemoteWebDriver
2016-02-10 14:57:08  ERROR [ZaycevMaven.ZaycevMavenProject.ZaycevHomePage] : Some trouble with Button Entry button org.openqa.selenium.NoSuchSessionException: Session ID is null. Using WebDriver after calling quit()?
Build info: version: '3.0.0-beta4', revision: '3169782', time: '2016-09-29 10:30:04 -0700'
System info: host: 'DESKTOP-8J5QEN7', ip: '172.22.62.41', os.name: 'Windows 10', os.arch: 'amd64', os.version: '10.0', java.version: '1.8.0_101'
Driver info: driver.version: RemoteWebDriver
2016-02-10 14:57:08  ERROR [ZaycevMaven.ZaycevMavenProject.ZaycevHomePage] : Some trouble with pPoisk link org.openqa.selenium.NoSuchSessionException: Session ID is null. Using WebDriver after calling quit()?
Build info: version: '3.0.0-beta4', revision: '3169782', time: '2016-09-29 10:30:04 -0700'
System info: host: 'DESKTOP-8J5QEN7', ip: '172.22.62.41', os.name: 'Windows 10', os.arch: 'amd64', os.version: '10.0', java.version: '1.8.0_101'
Driver info: driver.version: RemoteWebDriver
2016-02-10 14:57:08  ERROR [ZaycevMaven.ZaycevMavenProject.ZaycevSearchingPage] : Song isn't inserted org.openqa.selenium.NoSuchSessionException: Session ID is null. Using WebDriver after calling quit()?
Build info: version: '3.0.0-beta4', revision: '3169782', time: '2016-09-29 10:30:04 -0700'
System info: host: 'DESKTOP-8J5QEN7', ip: '172.22.62.41', os.name: 'Windows 10', os.arch: 'amd64', os.version: '10.0', java.version: '1.8.0_101'
Driver info: driver.version: RemoteWebDriver
2016-02-10 14:57:08  ERROR [ZaycevMaven.ZaycevMavenProject.ZaycevSearchingPage] : Error with Iskat Button org.openqa.selenium.NoSuchSessionException: Session ID is null. Using WebDriver after calling quit()?
Build info: version: '3.0.0-beta4', revision: '3169782', time: '2016-09-29 10:30:04 -0700'
System info: host: 'DESKTOP-8J5QEN7', ip: '172.22.62.41', os.name: 'Windows 10', os.arch: 'amd64', os.version: '10.0', java.version: '1.8.0_101'
Driver info: driver.version: RemoteWebDriver
2016-02-10 14:57:08  ERROR [ZaycevMaven.ZaycevMavenProject.ZaycevSearchingPage] : Error with pervaja Pesna org.openqa.selenium.NoSuchSessionException: Session ID is null. Using WebDriver after calling quit()?
Build info: version: '3.0.0-beta4', revision: '3169782', time: '2016-09-29 10:30:04 -0700'
System info: host: 'DESKTOP-8J5QEN7', ip: '172.22.62.41', os.name: 'Windows 10', os.arch: 'amd64', os.version: '10.0', java.version: '1.8.0_101'
Driver info: driver.version: RemoteWebDriver
2016-02-10 14:57:08  ERROR [ZaycevMaven.ZaycevMavenProject.ZaycevHomePage] : Couldn't open home pageorg.openqa.selenium.NoSuchSessionException: Session ID is null. Using WebDriver after calling quit()?
Build info: version: '3.0.0-beta4', revision: '3169782', time: '2016-09-29 10:30:04 -0700'
System info: host: 'DESKTOP-8J5QEN7', ip: '172.22.62.41', os.name: 'Windows 10', os.arch: 'amd64', os.version: '10.0', java.version: '1.8.0_101'
Driver info: driver.version: RemoteWebDriver
2016-02-10 14:57:08  ERROR [ZaycevMaven.ZaycevMavenProject.ZaycevHomePage] : Some trouble with Button Login org.openqa.selenium.NoSuchSessionException: Session ID is null. Using WebDriver after calling quit()?
Build info: version: '3.0.0-beta4', revision: '3169782', time: '2016-09-29 10:30:04 -0700'
System info: host: 'DESKTOP-8J5QEN7', ip: '172.22.62.41', os.name: 'Windows 10', os.arch: 'amd64', os.version: '10.0', java.version: '1.8.0_101'
Driver info: driver.version: RemoteWebDriver
2016-02-10 14:57:08  ERROR [ZaycevMaven.ZaycevMavenProject.ZaycevHomePage] : Some trouble with Email org.openqa.selenium.NoSuchSessionException: Session ID is null. Using WebDriver after calling quit()?
Build info: version: '3.0.0-beta4', revision: '3169782', time: '2016-09-29 10:30:04 -0700'
System info: host: 'DESKTOP-8J5QEN7', ip: '172.22.62.41', os.name: 'Windows 10', os.arch: 'amd64', os.version: '10.0', java.version: '1.8.0_101'
Driver info: driver.version: RemoteWebDriver
2016-02-10 14:57:08  ERROR [ZaycevMaven.ZaycevMavenProject.ZaycevHomePage] : Some trouble with Password org.openqa.selenium.NoSuchSessionException: Session ID is null. Using WebDriver after calling quit()?
Build info: version: '3.0.0-beta4', revision: '3169782', time: '2016-09-29 10:30:04 -0700'
System info: host: 'DESKTOP-8J5QEN7', ip: '172.22.62.41', os.name: 'Windows 10', os.arch: 'amd64', os.version: '10.0', java.version: '1.8.0_101'
Driver info: driver.version: RemoteWebDriver
2016-02-10 14:57:08  ERROR [ZaycevMaven.ZaycevMavenProject.ZaycevHomePage] : Some trouble with Button Entry button org.openqa.selenium.NoSuchSessionException: Session ID is null. Using WebDriver after calling quit()?
Build info: version: '3.0.0-beta4', revision: '3169782', time: '2016-09-29 10:30:04 -0700'
System info: host: 'DESKTOP-8J5QEN7', ip: '172.22.62.41', os.name: 'Windows 10', os.arch: 'amd64', os.version: '10.0', java.version: '1.8.0_101'
Driver info: driver.version: RemoteWebDriver
2016-02-10 14:57:08   INFO [ZaycevMaven.ZaycevMavenProject.ZaycevHomePage] : Got text from UserNam
2016-02-10 14:57:08  ERROR [ZaycevMaven.ZaycevMavenProject.ZaycevHomePage] : Some trouble with getting text from UserNam org.openqa.selenium.NoSuchSessionException: Session ID is null. Using WebDriver after calling quit()?
Build info: version: '3.0.0-beta4', revision: '3169782', time: '2016-09-29 10:30:04 -0700'
System info: host: 'DESKTOP-8J5QEN7', ip: '172.22.62.41', os.name: 'Windows 10', os.arch: 'amd64', os.version: '10.0', java.version: '1.8.0_101'
Driver info: driver.version: RemoteWebDriver
